<?xml version="1.0" encoding="UTF-8"?>
<coverage generated="1568795636647" clover="3.2.0">
  <project timestamp="1568795636647" name="All files">
    <metrics statements="589" coveredstatements="481" conditionals="122" coveredconditionals="71" methods="159" coveredmethods="96" elements="870" coveredelements="648" complexity="0" loc="589" ncloc="589" packages="28" files="55" classes="55"/>
    <package name="components.app">
      <metrics statements="16" coveredstatements="16" conditionals="0" coveredconditionals="0" methods="3" coveredmethods="3"/>
      <file name="Apollo.tsx" path="/Users/balov/WebstormProjects/test-task-for-dmytro-haponov/client/src/components/app/Apollo.tsx">
        <metrics statements="5" coveredstatements="5" conditionals="0" coveredconditionals="0" methods="1" coveredmethods="1"/>
        <line num="1" count="2" type="stmt"/>
        <line num="2" count="2" type="stmt"/>
        <line num="4" count="2" type="stmt"/>
        <line num="10" count="2" type="stmt"/>
        <line num="11" count="1" type="stmt"/>
      </file>
      <file name="App.tsx" path="/Users/balov/WebstormProjects/test-task-for-dmytro-haponov/client/src/components/app/App.tsx">
        <metrics statements="6" coveredstatements="6" conditionals="0" coveredconditionals="0" methods="1" coveredmethods="1"/>
        <line num="1" count="1" type="stmt"/>
        <line num="3" count="1" type="stmt"/>
        <line num="4" count="1" type="stmt"/>
        <line num="5" count="1" type="stmt"/>
        <line num="7" count="1" type="stmt"/>
        <line num="8" count="1" type="stmt"/>
      </file>
      <file name="Redux.tsx" path="/Users/balov/WebstormProjects/test-task-for-dmytro-haponov/client/src/components/app/Redux.tsx">
        <metrics statements="5" coveredstatements="5" conditionals="0" coveredconditionals="0" methods="1" coveredmethods="1"/>
        <line num="1" count="2" type="stmt"/>
        <line num="2" count="2" type="stmt"/>
        <line num="4" count="2" type="stmt"/>
        <line num="10" count="2" type="stmt"/>
        <line num="11" count="1" type="stmt"/>
      </file>
    </package>
    <package name="components.app.content">
      <metrics statements="41" coveredstatements="32" conditionals="4" coveredconditionals="4" methods="13" coveredmethods="7"/>
      <file name="Content.tsx" path="/Users/balov/WebstormProjects/test-task-for-dmytro-haponov/client/src/components/app/content/Content.tsx">
        <metrics statements="15" coveredstatements="10" conditionals="0" coveredconditionals="0" methods="4" coveredmethods="0"/>
        <line num="1" count="2" type="stmt"/>
        <line num="2" count="2" type="stmt"/>
        <line num="3" count="2" type="stmt"/>
        <line num="5" count="2" type="stmt"/>
        <line num="6" count="2" type="stmt"/>
        <line num="8" count="2" type="stmt"/>
        <line num="9" count="2" type="stmt"/>
        <line num="16" count="2" type="stmt"/>
        <line num="17" count="0" type="stmt"/>
        <line num="25" count="2" type="stmt"/>
        <line num="27" count="0" type="stmt"/>
        <line num="29" count="0" type="stmt"/>
        <line num="32" count="0" type="stmt"/>
        <line num="34" count="0" type="stmt"/>
        <line num="38" count="2" type="stmt"/>
      </file>
      <file name="Routes.tsx" path="/Users/balov/WebstormProjects/test-task-for-dmytro-haponov/client/src/components/app/content/Routes.tsx">
        <metrics statements="8" coveredstatements="8" conditionals="0" coveredconditionals="0" methods="2" coveredmethods="2"/>
        <line num="1" count="3" type="stmt"/>
        <line num="2" count="3" type="stmt"/>
        <line num="4" count="3" type="stmt"/>
        <line num="6" count="3" type="stmt"/>
        <line num="7" count="2" type="stmt"/>
        <line num="8" count="2" type="stmt"/>
        <line num="10" count="1" type="stmt"/>
        <line num="12" count="1" type="stmt"/>
      </file>
      <file name="Windows.tsx" path="/Users/balov/WebstormProjects/test-task-for-dmytro-haponov/client/src/components/app/content/Windows.tsx">
        <metrics statements="18" coveredstatements="14" conditionals="4" coveredconditionals="4" methods="7" coveredmethods="5"/>
        <line num="1" count="3" type="stmt"/>
        <line num="2" count="3" type="stmt"/>
        <line num="5" count="3" type="stmt"/>
        <line num="7" count="3" type="stmt"/>
        <line num="8" count="3" type="stmt"/>
        <line num="23" count="3" type="stmt"/>
        <line num="24" count="8" type="stmt"/>
        <line num="29" count="8" type="stmt"/>
        <line num="30" count="8" type="stmt"/>
        <line num="34" count="8" type="stmt"/>
        <line num="35" count="8" type="stmt"/>
        <line num="39" count="8" type="stmt"/>
        <line num="44" count="3" type="stmt"/>
        <line num="46" count="0" type="stmt"/>
        <line num="48" count="0" type="stmt"/>
        <line num="51" count="0" type="stmt"/>
        <line num="53" count="0" type="stmt"/>
        <line num="57" count="3" type="stmt"/>
      </file>
    </package>
    <package name="components.contacts-manager">
      <metrics statements="9" coveredstatements="7" conditionals="0" coveredconditionals="0" methods="3" coveredmethods="1"/>
      <file name="ContactsManager.tsx" path="/Users/balov/WebstormProjects/test-task-for-dmytro-haponov/client/src/components/contacts-manager/ContactsManager.tsx">
        <metrics statements="9" coveredstatements="7" conditionals="0" coveredconditionals="0" methods="3" coveredmethods="1"/>
        <line num="1" count="4" type="stmt"/>
        <line num="3" count="4" type="stmt"/>
        <line num="5" count="4" type="stmt"/>
        <line num="7" count="4" type="stmt"/>
        <line num="8" count="1" type="stmt"/>
        <line num="17" count="4" type="stmt"/>
        <line num="18" count="0" type="stmt"/>
        <line num="22" count="4" type="stmt"/>
        <line num="23" count="0" type="stmt"/>
      </file>
    </package>
    <package name="components.contacts-manager.add-contact-window">
      <metrics statements="14" coveredstatements="14" conditionals="0" coveredconditionals="0" methods="4" coveredmethods="4"/>
      <file name="AddContactWindow.tsx" path="/Users/balov/WebstormProjects/test-task-for-dmytro-haponov/client/src/components/contacts-manager/add-contact-window/AddContactWindow.tsx">
        <metrics statements="14" coveredstatements="14" conditionals="0" coveredconditionals="0" methods="4" coveredmethods="4"/>
        <line num="1" count="4" type="stmt"/>
        <line num="3" count="4" type="stmt"/>
        <line num="7" count="4" type="stmt"/>
        <line num="23" count="4" type="stmt"/>
        <line num="24" count="7" type="stmt"/>
        <line num="26" count="7" type="stmt"/>
        <line num="33" count="4" type="stmt"/>
        <line num="34" count="7" type="stmt"/>
        <line num="35" count="1" type="stmt"/>
        <line num="37" count="1" type="stmt"/>
        <line num="38" count="1" type="stmt"/>
        <line num="41" count="4" type="stmt"/>
        <line num="42" count="1" type="stmt"/>
        <line num="44" count="1" type="stmt"/>
      </file>
    </package>
    <package name="components.contacts-manager.contact">
      <metrics statements="11" coveredstatements="11" conditionals="0" coveredconditionals="0" methods="4" coveredmethods="4"/>
      <file name="Contact.tsx" path="/Users/balov/WebstormProjects/test-task-for-dmytro-haponov/client/src/components/contacts-manager/contact/Contact.tsx">
        <metrics statements="11" coveredstatements="11" conditionals="0" coveredconditionals="0" methods="4" coveredmethods="4"/>
        <line num="1" count="6" type="stmt"/>
        <line num="4" count="6" type="stmt"/>
        <line num="6" count="6" type="stmt"/>
        <line num="7" count="3" type="stmt"/>
        <line num="8" count="3" type="stmt"/>
        <line num="10" count="3" type="stmt"/>
        <line num="18" count="6" type="stmt"/>
        <line num="19" count="1" type="stmt"/>
        <line num="23" count="1" type="stmt"/>
        <line num="30" count="6" type="stmt"/>
        <line num="31" count="1" type="stmt"/>
      </file>
    </package>
    <package name="components.contacts-manager.contact-form">
      <metrics statements="35" coveredstatements="35" conditionals="20" coveredconditionals="12" methods="12" coveredmethods="8"/>
      <file name="ContactForm.tsx" path="/Users/balov/WebstormProjects/test-task-for-dmytro-haponov/client/src/components/contacts-manager/contact-form/ContactForm.tsx">
        <metrics statements="28" coveredstatements="28" conditionals="16" coveredconditionals="8" methods="9" coveredmethods="5"/>
        <line num="1" count="7" type="stmt"/>
        <line num="3" count="7" type="stmt"/>
        <line num="4" count="7" type="stmt"/>
        <line num="5" count="7" type="stmt"/>
        <line num="8" count="7" type="stmt"/>
        <line num="9" count="7" type="stmt"/>
        <line num="11" count="7" type="stmt"/>
        <line num="13" count="7" type="stmt"/>
        <line num="14" count="18" type="cond" truecount="2" falsecount="0"/>
        <line num="16" count="18" type="stmt"/>
        <line num="18" count="18" type="cond" truecount="2" falsecount="0"/>
        <line num="19" count="18" type="cond" truecount="2" falsecount="0"/>
        <line num="20" count="18" type="cond" truecount="2" falsecount="0"/>
        <line num="22" count="18" type="cond" truecount="0" falsecount="2"/>
        <line num="23" count="18" type="cond" truecount="0" falsecount="2"/>
        <line num="24" count="18" type="cond" truecount="0" falsecount="2"/>
        <line num="25" count="18" type="cond" truecount="0" falsecount="2"/>
        <line num="27" count="18" type="stmt"/>
        <line num="28" count="18" type="stmt"/>
        <line num="30" count="18" type="stmt"/>
        <line num="31" count="12" type="stmt"/>
        <line num="32" count="12" type="stmt"/>
        <line num="34" count="12" type="stmt"/>
        <line num="37" count="18" type="stmt"/>
        <line num="38" count="12" type="stmt"/>
        <line num="41" count="18" type="stmt"/>
        <line num="79" count="17" type="stmt"/>
        <line num="80" count="17" type="stmt"/>
      </file>
      <file name="utils.ts" path="/Users/balov/WebstormProjects/test-task-for-dmytro-haponov/client/src/components/contacts-manager/contact-form/utils.ts">
        <metrics statements="7" coveredstatements="7" conditionals="4" coveredconditionals="4" methods="3" coveredmethods="3"/>
        <line num="3" count="8" type="stmt"/>
        <line num="4" count="21" type="stmt"/>
        <line num="5" count="5" type="cond" truecount="2" falsecount="0"/>
        <line num="7" count="4" type="stmt"/>
        <line num="9" count="4" type="stmt"/>
        <line num="12" count="15" type="stmt"/>
        <line num="13" count="15" type="cond" truecount="2" falsecount="0"/>
      </file>
    </package>
    <package name="components.contacts-manager.contact-window">
      <metrics statements="26" coveredstatements="25" conditionals="4" coveredconditionals="2" methods="7" coveredmethods="6"/>
      <file name="ContactWindow.tsx" path="/Users/balov/WebstormProjects/test-task-for-dmytro-haponov/client/src/components/contacts-manager/contact-window/ContactWindow.tsx">
        <metrics statements="24" coveredstatements="23" conditionals="4" coveredconditionals="2" methods="6" coveredmethods="5"/>
        <line num="1" count="4" type="stmt"/>
        <line num="2" count="4" type="stmt"/>
        <line num="4" count="4" type="stmt"/>
        <line num="5" count="4" type="stmt"/>
        <line num="8" count="4" type="stmt"/>
        <line num="9" count="4" type="stmt"/>
        <line num="11" count="4" type="stmt"/>
        <line num="12" count="7" type="stmt"/>
        <line num="14" count="7" type="cond" truecount="1" falsecount="1"/>
        <line num="15" count="0" type="stmt"/>
        <line num="17" count="7" type="stmt"/>
        <line num="19" count="7" type="stmt"/>
        <line num="37" count="4" type="stmt"/>
        <line num="38" count="6" type="stmt"/>
        <line num="40" count="6" type="stmt"/>
        <line num="44" count="6" type="stmt"/>
        <line num="65" count="6" type="stmt"/>
        <line num="66" count="6" type="stmt"/>
        <line num="68" count="6" type="stmt"/>
        <line num="69" count="1" type="stmt"/>
        <line num="70" count="1" type="stmt"/>
        <line num="73" count="6" type="stmt"/>
        <line num="78" count="6" type="stmt"/>
        <line num="83" count="6" type="stmt"/>
      </file>
      <file name="utils.ts" path="/Users/balov/WebstormProjects/test-task-for-dmytro-haponov/client/src/components/contacts-manager/contact-window/utils.ts">
        <metrics statements="2" coveredstatements="2" conditionals="0" coveredconditionals="0" methods="1" coveredmethods="1"/>
        <line num="1" count="6" type="stmt"/>
        <line num="2" count="2" type="stmt"/>
      </file>
    </package>
    <package name="components.contacts-manager.contact-window.calls-history">
      <metrics statements="34" coveredstatements="32" conditionals="4" coveredconditionals="2" methods="8" coveredmethods="8"/>
      <file name="CallsHistory.tsx" path="/Users/balov/WebstormProjects/test-task-for-dmytro-haponov/client/src/components/contacts-manager/contact-window/calls-history/CallsHistory.tsx">
        <metrics statements="29" coveredstatements="27" conditionals="4" coveredconditionals="2" methods="6" coveredmethods="6"/>
        <line num="1" count="5" type="stmt"/>
        <line num="2" count="5" type="stmt"/>
        <line num="4" count="5" type="stmt"/>
        <line num="5" count="5" type="stmt"/>
        <line num="10" count="5" type="stmt"/>
        <line num="11" count="5" type="stmt"/>
        <line num="12" count="5" type="stmt"/>
        <line num="37" count="5" type="stmt"/>
        <line num="38" count="8" type="stmt"/>
        <line num="48" count="7" type="stmt"/>
        <line num="49" count="7" type="stmt"/>
        <line num="50" count="1" type="stmt"/>
        <line num="51" count="1" type="stmt"/>
        <line num="53" count="1" type="cond" truecount="1" falsecount="1"/>
        <line num="54" count="0" type="stmt"/>
        <line num="56" count="1" type="stmt"/>
        <line num="58" count="0" type="stmt"/>
        <line num="62" count="7" type="stmt"/>
        <line num="65" count="1" type="stmt"/>
        <line num="67" count="7" type="stmt"/>
        <line num="70" count="5" type="stmt"/>
        <line num="71" count="1" type="stmt"/>
        <line num="72" count="1" type="stmt"/>
        <line num="74" count="1" type="stmt"/>
        <line num="78" count="1" type="stmt"/>
        <line num="89" count="5" type="stmt"/>
        <line num="90" count="1" type="stmt"/>
        <line num="94" count="1" type="stmt"/>
        <line num="99" count="1" type="stmt"/>
      </file>
      <file name="DataProvider.tsx" path="/Users/balov/WebstormProjects/test-task-for-dmytro-haponov/client/src/components/contacts-manager/contact-window/calls-history/DataProvider.tsx">
        <metrics statements="5" coveredstatements="5" conditionals="0" coveredconditionals="0" methods="2" coveredmethods="2"/>
        <line num="1" count="6" type="stmt"/>
        <line num="11" count="6" type="stmt"/>
        <line num="12" count="9" type="stmt"/>
        <line num="14" count="9" type="stmt"/>
        <line num="16" count="9" type="stmt"/>
      </file>
    </package>
    <package name="components.contacts-manager.edit-contact-window">
      <metrics statements="14" coveredstatements="14" conditionals="0" coveredconditionals="0" methods="3" coveredmethods="3"/>
      <file name="EditContactWindow.tsx" path="/Users/balov/WebstormProjects/test-task-for-dmytro-haponov/client/src/components/contacts-manager/edit-contact-window/EditContactWindow.tsx">
        <metrics statements="10" coveredstatements="10" conditionals="0" coveredconditionals="0" methods="1" coveredmethods="1"/>
        <line num="1" count="3" type="stmt"/>
        <line num="3" count="3" type="stmt"/>
        <line num="6" count="3" type="stmt"/>
        <line num="7" count="3" type="stmt"/>
        <line num="9" count="6" type="stmt"/>
        <line num="10" count="6" type="stmt"/>
        <line num="11" count="6" type="stmt"/>
        <line num="12" count="6" type="stmt"/>
        <line num="13" count="6" type="stmt"/>
        <line num="15" count="6" type="stmt"/>
      </file>
      <file name="utils.ts" path="/Users/balov/WebstormProjects/test-task-for-dmytro-haponov/client/src/components/contacts-manager/edit-contact-window/utils.ts">
        <metrics statements="4" coveredstatements="4" conditionals="0" coveredconditionals="0" methods="2" coveredmethods="2"/>
        <line num="6" count="4" type="stmt"/>
        <line num="7" count="8" type="stmt"/>
        <line num="8" count="2" type="stmt"/>
        <line num="9" count="2" type="stmt"/>
      </file>
    </package>
    <package name="components.contacts-manager.list">
      <metrics statements="25" coveredstatements="25" conditionals="0" coveredconditionals="0" methods="9" coveredmethods="9"/>
      <file name="DataProvider.tsx" path="/Users/balov/WebstormProjects/test-task-for-dmytro-haponov/client/src/components/contacts-manager/list/DataProvider.tsx">
        <metrics statements="4" coveredstatements="4" conditionals="0" coveredconditionals="0" methods="2" coveredmethods="2"/>
        <line num="1" count="6" type="stmt"/>
        <line num="9" count="6" type="stmt"/>
        <line num="10" count="3" type="stmt"/>
        <line num="12" count="3" type="stmt"/>
      </file>
      <file name="List.tsx" path="/Users/balov/WebstormProjects/test-task-for-dmytro-haponov/client/src/components/contacts-manager/list/List.tsx">
        <metrics statements="21" coveredstatements="21" conditionals="0" coveredconditionals="0" methods="7" coveredmethods="7"/>
        <line num="1" count="5" type="stmt"/>
        <line num="2" count="5" type="stmt"/>
        <line num="4" count="5" type="stmt"/>
        <line num="6" count="5" type="stmt"/>
        <line num="7" count="5" type="stmt"/>
        <line num="9" count="5" type="stmt"/>
        <line num="10" count="2" type="stmt"/>
        <line num="11" count="2" type="stmt"/>
        <line num="13" count="2" type="stmt"/>
        <line num="27" count="5" type="stmt"/>
        <line num="28" count="1" type="stmt"/>
        <line num="30" count="1" type="stmt"/>
        <line num="42" count="5" type="stmt"/>
        <line num="43" count="1" type="stmt"/>
        <line num="44" count="1" type="stmt"/>
        <line num="49" count="1" type="stmt"/>
        <line num="51" count="1" type="stmt"/>
        <line num="54" count="5" type="stmt"/>
        <line num="55" count="1" type="stmt"/>
        <line num="59" count="5" type="stmt"/>
        <line num="60" count="1" type="stmt"/>
      </file>
    </package>
    <package name="components.cover">
      <metrics statements="12" coveredstatements="9" conditionals="0" coveredconditionals="0" methods="4" coveredmethods="1"/>
      <file name="Cover.tsx" path="/Users/balov/WebstormProjects/test-task-for-dmytro-haponov/client/src/components/cover/Cover.tsx">
        <metrics statements="12" coveredstatements="9" conditionals="0" coveredconditionals="0" methods="4" coveredmethods="1"/>
        <line num="1" count="2" type="stmt"/>
        <line num="2" count="2" type="stmt"/>
        <line num="4" count="2" type="stmt"/>
        <line num="6" count="2" type="stmt"/>
        <line num="8" count="2" type="stmt"/>
        <line num="9" count="1" type="stmt"/>
        <line num="15" count="2" type="stmt"/>
        <line num="16" count="0" type="stmt"/>
        <line num="18" count="2" type="stmt"/>
        <line num="19" count="0" type="stmt"/>
        <line num="23" count="2" type="stmt"/>
        <line num="24" count="0" type="stmt"/>
      </file>
    </package>
    <package name="components.fader">
      <metrics statements="4" coveredstatements="4" conditionals="0" coveredconditionals="0" methods="1" coveredmethods="1"/>
      <file name="Fader.tsx" path="/Users/balov/WebstormProjects/test-task-for-dmytro-haponov/client/src/components/fader/Fader.tsx">
        <metrics statements="4" coveredstatements="4" conditionals="0" coveredconditionals="0" methods="1" coveredmethods="1"/>
        <line num="1" count="16" type="stmt"/>
        <line num="2" count="16" type="stmt"/>
        <line num="4" count="27" type="stmt"/>
        <line num="5" count="27" type="stmt"/>
      </file>
    </package>
    <package name="components.header">
      <metrics statements="28" coveredstatements="27" conditionals="0" coveredconditionals="0" methods="9" coveredmethods="7"/>
      <file name="Header.tsx" path="/Users/balov/WebstormProjects/test-task-for-dmytro-haponov/client/src/components/header/Header.tsx">
        <metrics statements="6" coveredstatements="6" conditionals="0" coveredconditionals="0" methods="1" coveredmethods="1"/>
        <line num="1" count="3" type="stmt"/>
        <line num="3" count="3" type="stmt"/>
        <line num="4" count="3" type="stmt"/>
        <line num="6" count="3" type="stmt"/>
        <line num="13" count="3" type="stmt"/>
        <line num="14" count="1" type="stmt"/>
      </file>
      <file name="LeftBar.tsx" path="/Users/balov/WebstormProjects/test-task-for-dmytro-haponov/client/src/components/header/LeftBar.tsx">
        <metrics statements="8" coveredstatements="7" conditionals="0" coveredconditionals="0" methods="2" coveredmethods="1"/>
        <line num="1" count="4" type="stmt"/>
        <line num="2" count="4" type="stmt"/>
        <line num="4" count="4" type="stmt"/>
        <line num="6" count="4" type="stmt"/>
        <line num="8" count="4" type="stmt"/>
        <line num="9" count="1" type="stmt"/>
        <line num="13" count="4" type="stmt"/>
        <line num="14" count="0" type="stmt"/>
      </file>
      <file name="RightBar.tsx" path="/Users/balov/WebstormProjects/test-task-for-dmytro-haponov/client/src/components/header/RightBar.tsx">
        <metrics statements="14" coveredstatements="14" conditionals="0" coveredconditionals="0" methods="6" coveredmethods="5"/>
        <line num="1" count="4" type="stmt"/>
        <line num="2" count="4" type="stmt"/>
        <line num="4" count="4" type="stmt"/>
        <line num="11" count="4" type="stmt"/>
        <line num="12" count="2" type="stmt"/>
        <line num="18" count="4" type="stmt"/>
        <line num="19" count="3" type="stmt"/>
        <line num="21" count="3" type="stmt"/>
        <line num="28" count="4" type="stmt"/>
        <line num="29" count="1" type="stmt"/>
        <line num="33" count="4" type="stmt"/>
        <line num="34" count="1" type="stmt"/>
        <line num="38" count="4" type="stmt"/>
        <line num="39" count="1" type="stmt"/>
      </file>
    </package>
    <package name="components.login-window">
      <metrics statements="4" coveredstatements="4" conditionals="0" coveredconditionals="0" methods="1" coveredmethods="1"/>
      <file name="LoginWindow.tsx" path="/Users/balov/WebstormProjects/test-task-for-dmytro-haponov/client/src/components/login-window/LoginWindow.tsx">
        <metrics statements="4" coveredstatements="4" conditionals="0" coveredconditionals="0" methods="1" coveredmethods="1"/>
        <line num="1" count="4" type="stmt"/>
        <line num="3" count="4" type="stmt"/>
        <line num="9" count="5" type="stmt"/>
        <line num="10" count="5" type="stmt"/>
      </file>
    </package>
    <package name="components.modal-window">
      <metrics statements="21" coveredstatements="21" conditionals="4" coveredconditionals="4" methods="7" coveredmethods="7"/>
      <file name="ModalWindow.tsx" path="/Users/balov/WebstormProjects/test-task-for-dmytro-haponov/client/src/components/modal-window/ModalWindow.tsx">
        <metrics statements="14" coveredstatements="14" conditionals="2" coveredconditionals="2" methods="5" coveredmethods="5"/>
        <line num="1" count="14" type="stmt"/>
        <line num="3" count="14" type="stmt"/>
        <line num="5" count="14" type="stmt"/>
        <line num="24" count="27" type="stmt"/>
        <line num="25" count="27" type="stmt"/>
        <line num="27" count="27" type="stmt"/>
        <line num="39" count="26" type="stmt"/>
        <line num="40" count="26" type="stmt"/>
        <line num="45" count="26" type="stmt"/>
        <line num="46" count="26" type="stmt"/>
        <line num="50" count="14" type="stmt"/>
        <line num="51" count="27" type="stmt"/>
        <line num="52" count="23" type="stmt"/>
        <line num="54" count="23" type="cond" truecount="2" falsecount="0"/>
      </file>
      <file name="SubmitBtn.tsx" path="/Users/balov/WebstormProjects/test-task-for-dmytro-haponov/client/src/components/modal-window/SubmitBtn.tsx">
        <metrics statements="7" coveredstatements="7" conditionals="2" coveredconditionals="2" methods="2" coveredmethods="2"/>
        <line num="1" count="14" type="stmt"/>
        <line num="2" count="14" type="stmt"/>
        <line num="4" count="14" type="stmt"/>
        <line num="11" count="26" type="stmt"/>
        <line num="12" count="26" type="cond" truecount="2" falsecount="0"/>
        <line num="14" count="26" type="stmt"/>
        <line num="19" count="26" type="stmt"/>
      </file>
    </package>
    <package name="components.page-preloader">
      <metrics statements="4" coveredstatements="4" conditionals="0" coveredconditionals="0" methods="1" coveredmethods="1"/>
      <file name="PagePreloader.tsx" path="/Users/balov/WebstormProjects/test-task-for-dmytro-haponov/client/src/components/page-preloader/PagePreloader.tsx">
        <metrics statements="4" coveredstatements="4" conditionals="0" coveredconditionals="0" methods="1" coveredmethods="1"/>
        <line num="1" count="10" type="stmt"/>
        <line num="3" count="10" type="stmt"/>
        <line num="5" count="10" type="stmt"/>
        <line num="6" count="1" type="stmt"/>
      </file>
    </package>
    <package name="components.reg-window">
      <metrics statements="35" coveredstatements="31" conditionals="11" coveredconditionals="3" methods="12" coveredmethods="7"/>
      <file name="RegWindow.tsx" path="/Users/balov/WebstormProjects/test-task-for-dmytro-haponov/client/src/components/reg-window/RegWindow.tsx">
        <metrics statements="33" coveredstatements="29" conditionals="8" coveredconditionals="0" methods="11" coveredmethods="6"/>
        <line num="1" count="4" type="stmt"/>
        <line num="3" count="4" type="stmt"/>
        <line num="4" count="4" type="stmt"/>
        <line num="5" count="4" type="stmt"/>
        <line num="8" count="4" type="stmt"/>
        <line num="9" count="4" type="stmt"/>
        <line num="11" count="4" type="stmt"/>
        <line num="13" count="4" type="stmt"/>
        <line num="14" count="4" type="stmt"/>
        <line num="18" count="6" type="stmt"/>
        <line num="19" count="6" type="stmt"/>
        <line num="20" count="6" type="stmt"/>
        <line num="21" count="6" type="stmt"/>
        <line num="22" count="6" type="stmt"/>
        <line num="24" count="6" type="stmt"/>
        <line num="26" count="6" type="stmt"/>
        <line num="27" count="0" type="stmt"/>
        <line num="28" count="0" type="stmt"/>
        <line num="30" count="0" type="stmt"/>
        <line num="32" count="0" type="stmt"/>
        <line num="35" count="6" type="cond" truecount="0" falsecount="2"/>
        <line num="36" count="6" type="cond" truecount="0" falsecount="2"/>
        <line num="37" count="6" type="cond" truecount="0" falsecount="2"/>
        <line num="38" count="6" type="cond" truecount="0" falsecount="2"/>
        <line num="40" count="6" type="stmt"/>
        <line num="41" count="3" type="stmt"/>
        <line num="42" count="3" type="stmt"/>
        <line num="44" count="3" type="stmt"/>
        <line num="47" count="6" type="stmt"/>
        <line num="48" count="3" type="stmt"/>
        <line num="51" count="6" type="stmt"/>
        <line num="89" count="6" type="stmt"/>
        <line num="90" count="6" type="stmt"/>
      </file>
      <file name="utils.ts" path="/Users/balov/WebstormProjects/test-task-for-dmytro-haponov/client/src/components/reg-window/utils.ts">
        <metrics statements="2" coveredstatements="2" conditionals="3" coveredconditionals="3" methods="1" coveredmethods="1"/>
        <line num="3" count="5" type="stmt"/>
        <line num="4" count="5" type="cond" truecount="3" falsecount="0"/>
      </file>
    </package>
    <package name="components.routes.contacts">
      <metrics statements="49" coveredstatements="42" conditionals="16" coveredconditionals="13" methods="9" coveredmethods="3"/>
      <file name="AddContactWindow.tsx" path="/Users/balov/WebstormProjects/test-task-for-dmytro-haponov/client/src/components/routes/contacts/AddContactWindow.tsx">
        <metrics statements="4" coveredstatements="4" conditionals="2" coveredconditionals="2" methods="1" coveredmethods="1"/>
        <line num="1" count="2" type="stmt"/>
        <line num="5" count="2" type="stmt"/>
        <line num="15" count="2" type="stmt"/>
        <line num="16" count="4" type="stmt"/>
      </file>
      <file name="ContactWindow.tsx" path="/Users/balov/WebstormProjects/test-task-for-dmytro-haponov/client/src/components/routes/contacts/ContactWindow.tsx">
        <metrics statements="13" coveredstatements="12" conditionals="6" coveredconditionals="5" methods="1" coveredmethods="1"/>
        <line num="1" count="2" type="stmt"/>
        <line num="3" count="2" type="stmt"/>
        <line num="4" count="2" type="stmt"/>
        <line num="8" count="2" type="stmt"/>
        <line num="22" count="2" type="stmt"/>
        <line num="23" count="4" type="cond" truecount="2" falsecount="0"/>
        <line num="25" count="4" type="cond" truecount="2" falsecount="0"/>
        <line num="26" count="1" type="stmt"/>
        <line num="28" count="3" type="stmt"/>
        <line num="30" count="3" type="cond" truecount="1" falsecount="1"/>
        <line num="31" count="0" type="stmt"/>
        <line num="33" count="3" type="stmt"/>
        <line num="38" count="3" type="stmt"/>
      </file>
      <file name="Contacts.tsx" path="/Users/balov/WebstormProjects/test-task-for-dmytro-haponov/client/src/components/routes/contacts/Contacts.tsx">
        <metrics statements="15" coveredstatements="12" conditionals="0" coveredconditionals="0" methods="3" coveredmethods="0"/>
        <line num="1" count="1" type="stmt"/>
        <line num="2" count="1" type="stmt"/>
        <line num="4" count="1" type="stmt"/>
        <line num="5" count="1" type="stmt"/>
        <line num="7" count="1" type="stmt"/>
        <line num="8" count="1" type="stmt"/>
        <line num="9" count="1" type="stmt"/>
        <line num="12" count="1" type="stmt"/>
        <line num="14" count="1" type="stmt"/>
        <line num="15" count="0" type="stmt"/>
        <line num="20" count="1" type="stmt"/>
        <line num="21" count="0" type="stmt"/>
        <line num="30" count="1" type="stmt"/>
        <line num="31" count="0" type="stmt"/>
        <line num="53" count="1" type="stmt"/>
      </file>
      <file name="ContactsLazy.tsx" path="/Users/balov/WebstormProjects/test-task-for-dmytro-haponov/client/src/components/routes/contacts/ContactsLazy.tsx">
        <metrics statements="6" coveredstatements="4" conditionals="0" coveredconditionals="0" methods="3" coveredmethods="0"/>
        <line num="1" count="8" type="stmt"/>
        <line num="3" count="8" type="stmt"/>
        <line num="5" count="8" type="stmt"/>
        <line num="7" count="8" type="stmt"/>
        <line num="8" count="0" type="stmt"/>
        <line num="10" count="0" type="stmt"/>
      </file>
      <file name="EditContactWindow.tsx" path="/Users/balov/WebstormProjects/test-task-for-dmytro-haponov/client/src/components/routes/contacts/EditContactWindow.tsx">
        <metrics statements="11" coveredstatements="10" conditionals="8" coveredconditionals="6" methods="1" coveredmethods="1"/>
        <line num="1" count="2" type="stmt"/>
        <line num="3" count="2" type="stmt"/>
        <line num="7" count="2" type="stmt"/>
        <line num="19" count="2" type="stmt"/>
        <line num="20" count="4" type="cond" truecount="2" falsecount="0"/>
        <line num="22" count="4" type="cond" truecount="2" falsecount="0"/>
        <line num="23" count="1" type="stmt"/>
        <line num="25" count="3" type="stmt"/>
        <line num="27" count="3" type="cond" truecount="1" falsecount="1"/>
        <line num="28" count="0" type="stmt"/>
        <line num="30" count="3" type="stmt"/>
      </file>
    </package>
    <package name="components.routes.home">
      <metrics statements="11" coveredstatements="11" conditionals="0" coveredconditionals="0" methods="4" coveredmethods="2"/>
      <file name="Home.tsx" path="/Users/balov/WebstormProjects/test-task-for-dmytro-haponov/client/src/components/routes/home/Home.tsx">
        <metrics statements="5" coveredstatements="5" conditionals="0" coveredconditionals="0" methods="1" coveredmethods="1"/>
        <line num="1" count="1" type="stmt"/>
        <line num="4" count="1" type="stmt"/>
        <line num="5" count="1" type="stmt"/>
        <line num="7" count="1" type="stmt"/>
        <line num="8" count="1" type="stmt"/>
      </file>
      <file name="HomeLazy.tsx" path="/Users/balov/WebstormProjects/test-task-for-dmytro-haponov/client/src/components/routes/home/HomeLazy.tsx">
        <metrics statements="6" coveredstatements="6" conditionals="0" coveredconditionals="0" methods="3" coveredmethods="1"/>
        <line num="1" count="8" type="stmt"/>
        <line num="3" count="8" type="stmt"/>
        <line num="5" count="8" type="stmt"/>
        <line num="7" count="8" type="stmt"/>
        <line num="8" count="1" type="stmt"/>
        <line num="10" count="1" type="stmt"/>
      </file>
    </package>
    <package name="lib.apollo">
      <metrics statements="8" coveredstatements="8" conditionals="0" coveredconditionals="0" methods="0" coveredmethods="0"/>
      <file name="client.ts" path="/Users/balov/WebstormProjects/test-task-for-dmytro-haponov/client/src/lib/apollo/client.ts">
        <metrics statements="8" coveredstatements="8" conditionals="0" coveredconditionals="0" methods="0" coveredmethods="0"/>
        <line num="1" count="6" type="stmt"/>
        <line num="2" count="6" type="stmt"/>
        <line num="3" count="6" type="stmt"/>
        <line num="4" count="6" type="stmt"/>
        <line num="6" count="6" type="stmt"/>
        <line num="8" count="6" type="stmt"/>
        <line num="10" count="6" type="stmt"/>
        <line num="15" count="6" type="stmt"/>
      </file>
    </package>
    <package name="lib.apollo.model">
      <metrics statements="51" coveredstatements="32" conditionals="22" coveredconditionals="14" methods="10" coveredmethods="0"/>
      <file name="add-contact.ts" path="/Users/balov/WebstormProjects/test-task-for-dmytro-haponov/client/src/lib/apollo/model/add-contact.ts">
        <metrics statements="5" coveredstatements="4" conditionals="3" coveredconditionals="2" methods="1" coveredmethods="0"/>
        <line num="1" count="6" type="stmt"/>
        <line num="3" count="6" type="stmt"/>
        <line num="6" count="6" type="cond" truecount="2" falsecount="0"/>
        <line num="18" count="6" type="stmt"/>
        <line num="19" count="0" type="cond" truecount="0" falsecount="1"/>
      </file>
      <file name="call.ts" path="/Users/balov/WebstormProjects/test-task-for-dmytro-haponov/client/src/lib/apollo/model/call.ts">
        <metrics statements="11" coveredstatements="6" conditionals="2" coveredconditionals="2" methods="3" coveredmethods="0"/>
        <line num="1" count="6" type="stmt"/>
        <line num="2" count="6" type="stmt"/>
        <line num="4" count="6" type="stmt"/>
        <line num="7" count="6" type="cond" truecount="2" falsecount="0"/>
        <line num="19" count="6" type="stmt"/>
        <line num="20" count="0" type="stmt"/>
        <line num="22" count="0" type="stmt"/>
        <line num="28" count="6" type="stmt"/>
        <line num="29" count="0" type="stmt"/>
        <line num="31" count="0" type="stmt"/>
        <line num="33" count="0" type="stmt"/>
      </file>
      <file name="create-user.ts" path="/Users/balov/WebstormProjects/test-task-for-dmytro-haponov/client/src/lib/apollo/model/create-user.ts">
        <metrics statements="7" coveredstatements="4" conditionals="3" coveredconditionals="2" methods="1" coveredmethods="0"/>
        <line num="1" count="6" type="stmt"/>
        <line num="3" count="6" type="stmt"/>
        <line num="6" count="6" type="cond" truecount="2" falsecount="0"/>
        <line num="20" count="6" type="stmt"/>
        <line num="21" count="0" type="cond" truecount="0" falsecount="1"/>
        <line num="26" count="0" type="stmt"/>
        <line num="28" count="0" type="stmt"/>
      </file>
      <file name="edit-contact.ts" path="/Users/balov/WebstormProjects/test-task-for-dmytro-haponov/client/src/lib/apollo/model/edit-contact.ts">
        <metrics statements="5" coveredstatements="4" conditionals="3" coveredconditionals="2" methods="1" coveredmethods="0"/>
        <line num="1" count="6" type="stmt"/>
        <line num="3" count="6" type="stmt"/>
        <line num="6" count="6" type="cond" truecount="2" falsecount="0"/>
        <line num="19" count="6" type="stmt"/>
        <line num="20" count="0" type="cond" truecount="0" falsecount="1"/>
      </file>
      <file name="get-calls-history.ts" path="/Users/balov/WebstormProjects/test-task-for-dmytro-haponov/client/src/lib/apollo/model/get-calls-history.ts">
        <metrics statements="11" coveredstatements="5" conditionals="3" coveredconditionals="2" methods="2" coveredmethods="0"/>
        <line num="1" count="6" type="stmt"/>
        <line num="3" count="6" type="stmt"/>
        <line num="6" count="6" type="cond" truecount="2" falsecount="0"/>
        <line num="21" count="6" type="stmt"/>
        <line num="22" count="0" type="cond" truecount="0" falsecount="1"/>
        <line num="28" count="0" type="stmt"/>
        <line num="31" count="6" type="stmt"/>
        <line num="32" count="0" type="stmt"/>
        <line num="34" count="0" type="stmt"/>
        <line num="35" count="0" type="stmt"/>
        <line num="40" count="0" type="stmt"/>
      </file>
      <file name="get-contacts.ts" path="/Users/balov/WebstormProjects/test-task-for-dmytro-haponov/client/src/lib/apollo/model/get-contacts.ts">
        <metrics statements="6" coveredstatements="4" conditionals="5" coveredconditionals="2" methods="1" coveredmethods="0"/>
        <line num="1" count="6" type="stmt"/>
        <line num="3" count="6" type="stmt"/>
        <line num="16" count="6" type="cond" truecount="2" falsecount="0"/>
        <line num="31" count="6" type="cond" truecount="0" falsecount="2"/>
        <line num="32" count="0" type="cond" truecount="0" falsecount="1"/>
        <line num="38" count="0" type="stmt"/>
      </file>
      <file name="remove-contact.ts" path="/Users/balov/WebstormProjects/test-task-for-dmytro-haponov/client/src/lib/apollo/model/remove-contact.ts">
        <metrics statements="6" coveredstatements="5" conditionals="3" coveredconditionals="2" methods="1" coveredmethods="0"/>
        <line num="1" count="6" type="stmt"/>
        <line num="3" count="6" type="stmt"/>
        <line num="5" count="6" type="stmt"/>
        <line num="7" count="6" type="cond" truecount="2" falsecount="0"/>
        <line num="19" count="6" type="stmt"/>
        <line num="20" count="0" type="cond" truecount="0" falsecount="1"/>
      </file>
    </package>
    <package name="lib.entities.calls-history">
      <metrics statements="12" coveredstatements="12" conditionals="6" coveredconditionals="6" methods="3" coveredmethods="3"/>
      <file name="CallType.ts" path="/Users/balov/WebstormProjects/test-task-for-dmytro-haponov/client/src/lib/entities/calls-history/CallType.ts">
        <metrics statements="4" coveredstatements="4" conditionals="2" coveredconditionals="2" methods="1" coveredmethods="1"/>
        <line num="1" count="9" type="cond" truecount="2" falsecount="0"/>
        <line num="2" count="9" type="stmt"/>
        <line num="3" count="9" type="stmt"/>
        <line num="6" count="9" type="stmt"/>
      </file>
      <file name="utils.ts" path="/Users/balov/WebstormProjects/test-task-for-dmytro-haponov/client/src/lib/entities/calls-history/utils.ts">
        <metrics statements="8" coveredstatements="8" conditionals="4" coveredconditionals="4" methods="2" coveredmethods="2"/>
        <line num="3" count="9" type="stmt"/>
        <line num="4" count="4" type="stmt"/>
        <line num="6" count="4" type="stmt"/>
        <line num="7" count="3" type="cond" truecount="2" falsecount="0"/>
        <line num="10" count="4" type="stmt"/>
        <line num="11" count="3" type="cond" truecount="2" falsecount="0"/>
        <line num="12" count="2" type="stmt"/>
        <line num="14" count="4" type="stmt"/>
      </file>
    </package>
    <package name="lib.entities.contacts">
      <metrics statements="5" coveredstatements="4" conditionals="2" coveredconditionals="1" methods="1" coveredmethods="1"/>
      <file name="utils.ts" path="/Users/balov/WebstormProjects/test-task-for-dmytro-haponov/client/src/lib/entities/contacts/utils.ts">
        <metrics statements="5" coveredstatements="4" conditionals="2" coveredconditionals="1" methods="1" coveredmethods="1"/>
        <line num="3" count="7" type="stmt"/>
        <line num="4" count="30" type="stmt"/>
        <line num="5" count="15" type="cond" truecount="1" falsecount="1"/>
        <line num="6" count="15" type="stmt"/>
        <line num="8" count="0" type="stmt"/>
      </file>
    </package>
    <package name="lib.math">
      <metrics statements="2" coveredstatements="1" conditionals="0" coveredconditionals="0" methods="1" coveredmethods="0"/>
      <file name="rnd-number-generator.ts" path="/Users/balov/WebstormProjects/test-task-for-dmytro-haponov/client/src/lib/math/rnd-number-generator.ts">
        <metrics statements="2" coveredstatements="1" conditionals="0" coveredconditionals="0" methods="1" coveredmethods="0"/>
        <line num="1" count="4" type="stmt"/>
        <line num="2" count="0" type="stmt"/>
      </file>
    </package>
    <package name="storehouse">
      <metrics statements="21" coveredstatements="21" conditionals="2" coveredconditionals="2" methods="1" coveredmethods="1"/>
      <file name="Action.ts" path="/Users/balov/WebstormProjects/test-task-for-dmytro-haponov/client/src/storehouse/Action.ts">
        <metrics statements="14" coveredstatements="14" conditionals="2" coveredconditionals="2" methods="1" coveredmethods="1"/>
        <line num="1" count="6" type="cond" truecount="2" falsecount="0"/>
        <line num="2" count="6" type="stmt"/>
        <line num="3" count="6" type="stmt"/>
        <line num="4" count="6" type="stmt"/>
        <line num="5" count="6" type="stmt"/>
        <line num="6" count="6" type="stmt"/>
        <line num="7" count="6" type="stmt"/>
        <line num="8" count="6" type="stmt"/>
        <line num="9" count="6" type="stmt"/>
        <line num="10" count="6" type="stmt"/>
        <line num="11" count="6" type="stmt"/>
        <line num="12" count="6" type="stmt"/>
        <line num="13" count="6" type="stmt"/>
        <line num="16" count="6" type="stmt"/>
      </file>
      <file name="store.ts" path="/Users/balov/WebstormProjects/test-task-for-dmytro-haponov/client/src/storehouse/store.ts">
        <metrics statements="7" coveredstatements="7" conditionals="0" coveredconditionals="0" methods="0" coveredmethods="0"/>
        <line num="1" count="6" type="stmt"/>
        <line num="2" count="6" type="stmt"/>
        <line num="3" count="6" type="stmt"/>
        <line num="5" count="6" type="stmt"/>
        <line num="7" count="6" type="stmt"/>
        <line num="11" count="6" type="stmt"/>
        <line num="13" count="6" type="stmt"/>
      </file>
    </package>
    <package name="storehouse.actions.contacts">
      <metrics statements="43" coveredstatements="15" conditionals="2" coveredconditionals="0" methods="21" coveredmethods="0"/>
      <file name="contacts.ts" path="/Users/balov/WebstormProjects/test-task-for-dmytro-haponov/client/src/storehouse/actions/contacts/contacts.ts">
        <metrics statements="43" coveredstatements="15" conditionals="2" coveredconditionals="0" methods="21" coveredmethods="0"/>
        <line num="1" count="4" type="stmt"/>
        <line num="3" count="4" type="stmt"/>
        <line num="4" count="4" type="stmt"/>
        <line num="5" count="4" type="stmt"/>
        <line num="9" count="4" type="stmt"/>
        <line num="10" count="0" type="stmt"/>
        <line num="11" count="0" type="cond" truecount="0" falsecount="1"/>
        <line num="12" count="0" type="stmt"/>
        <line num="14" count="0" type="stmt"/>
        <line num="17" count="4" type="stmt"/>
        <line num="22" count="4" type="stmt"/>
        <line num="23" count="0" type="stmt"/>
        <line num="24" count="0" type="cond" truecount="0" falsecount="1"/>
        <line num="25" count="0" type="stmt"/>
        <line num="27" count="0" type="stmt"/>
        <line num="30" count="4" type="stmt"/>
        <line num="35" count="4" type="stmt"/>
        <line num="40" count="4" type="stmt"/>
        <line num="44" count="4" type="stmt"/>
        <line num="49" count="4" type="stmt"/>
        <line num="50" count="0" type="stmt"/>
        <line num="52" count="0" type="stmt"/>
        <line num="53" count="0" type="stmt"/>
        <line num="55" count="0" type="stmt"/>
        <line num="56" count="0" type="stmt"/>
        <line num="59" count="0" type="stmt"/>
        <line num="62" count="0" type="stmt"/>
        <line num="68" count="4" type="stmt"/>
        <line num="69" count="0" type="stmt"/>
        <line num="70" count="0" type="stmt"/>
        <line num="72" count="0" type="stmt"/>
        <line num="75" count="0" type="stmt"/>
        <line num="81" count="4" type="stmt"/>
        <line num="82" count="0" type="stmt"/>
        <line num="83" count="0" type="stmt"/>
        <line num="85" count="0" type="stmt"/>
        <line num="92" count="0" type="stmt"/>
        <line num="95" count="0" type="stmt"/>
        <line num="101" count="4" type="stmt"/>
        <line num="102" count="0" type="stmt"/>
        <line num="103" count="0" type="stmt"/>
        <line num="105" count="0" type="stmt"/>
        <line num="108" count="0" type="stmt"/>
      </file>
    </package>
    <package name="storehouse.actions.root">
      <metrics statements="3" coveredstatements="3" conditionals="0" coveredconditionals="0" methods="2" coveredmethods="2"/>
      <file name="root.ts" path="/Users/balov/WebstormProjects/test-task-for-dmytro-haponov/client/src/storehouse/actions/root/root.ts">
        <metrics statements="3" coveredstatements="3" conditionals="0" coveredconditionals="0" methods="2" coveredmethods="2"/>
        <line num="1" count="3" type="stmt"/>
        <line num="3" count="3" type="stmt"/>
        <line num="7" count="3" type="stmt"/>
      </file>
    </package>
    <package name="storehouse.reducers">
      <metrics statements="51" coveredstatements="21" conditionals="25" coveredconditionals="8" methods="6" coveredmethods="6"/>
      <file name="contacts.ts" path="/Users/balov/WebstormProjects/test-task-for-dmytro-haponov/client/src/storehouse/reducers/contacts.ts">
        <metrics statements="39" coveredstatements="9" conditionals="21" coveredconditionals="4" methods="3" coveredmethods="3"/>
        <line num="1" count="6" type="stmt"/>
        <line num="7" count="6" type="stmt"/>
        <line num="20" count="6" type="stmt"/>
        <line num="31" count="22" type="stmt"/>
        <line num="32" count="22" type="stmt"/>
        <line num="33" count="22" type="cond" truecount="2" falsecount="0"/>
        <line num="35" count="22" type="stmt"/>
        <line num="37" count="0" type="stmt"/>
        <line num="38" count="0" type="stmt"/>
        <line num="41" count="0" type="cond" truecount="0" falsecount="2"/>
        <line num="42" count="0" type="stmt"/>
        <line num="45" count="0" type="cond" truecount="0" falsecount="2"/>
        <line num="46" count="0" type="stmt"/>
        <line num="49" count="0" type="stmt"/>
        <line num="50" count="0" type="stmt"/>
        <line num="53" count="0" type="stmt"/>
        <line num="54" count="0" type="cond" truecount="0" falsecount="2"/>
        <line num="55" count="0" type="stmt"/>
        <line num="56" count="0" type="stmt"/>
        <line num="60" count="0" type="stmt"/>
        <line num="64" count="0" type="stmt"/>
        <line num="69" count="0" type="stmt"/>
        <line num="72" count="0" type="stmt"/>
        <line num="74" count="0" type="stmt"/>
        <line num="75" count="0" type="stmt"/>
        <line num="77" count="0" type="stmt"/>
        <line num="81" count="0" type="stmt"/>
        <line num="83" count="0" type="stmt"/>
        <line num="84" count="0" type="stmt"/>
        <line num="86" count="0" type="cond" truecount="0" falsecount="2"/>
        <line num="87" count="0" type="stmt"/>
        <line num="88" count="0" type="stmt"/>
        <line num="92" count="0" type="stmt"/>
        <line num="96" count="0" type="stmt"/>
        <line num="97" count="0" type="stmt"/>
        <line num="99" count="0" type="stmt"/>
        <line num="101" count="0" type="stmt"/>
        <line num="106" count="40" type="cond" truecount="2" falsecount="0"/>
        <line num="107" count="22" type="stmt"/>
      </file>
      <file name="root.ts" path="/Users/balov/WebstormProjects/test-task-for-dmytro-haponov/client/src/storehouse/reducers/root.ts">
        <metrics statements="12" coveredstatements="12" conditionals="4" coveredconditionals="4" methods="3" coveredmethods="3"/>
        <line num="1" count="6" type="stmt"/>
        <line num="4" count="6" type="stmt"/>
        <line num="11" count="6" type="stmt"/>
        <line num="16" count="22" type="stmt"/>
        <line num="17" count="22" type="stmt"/>
        <line num="18" count="22" type="stmt"/>
        <line num="20" count="2" type="stmt"/>
        <line num="21" count="2" type="stmt"/>
        <line num="24" count="2" type="stmt"/>
        <line num="25" count="2" type="stmt"/>
        <line num="29" count="40" type="cond" truecount="2" falsecount="0"/>
        <line num="30" count="22" type="stmt"/>
      </file>
    </package>
  </project>
</coverage>
