{"/Users/balov/WebstormProjects/test-task-for-dmytro-haponov/client/src/components/app/Apollo.tsx": {"path":"/Users/balov/WebstormProjects/test-task-for-dmytro-haponov/client/src/components/app/Apollo.tsx","statementMap":{"0":{"start":{"line":1,"column":0},"end":{"line":1,"column":31}},"1":{"start":{"line":2,"column":0},"end":{"line":2,"column":51}},"2":{"start":{"line":4,"column":0},"end":{"line":4,"column":35}},"3":{"start":{"line":10,"column":13},"end":{"line":13,"column":22}},"4":{"start":{"line":10,"column":24},"end":{"line":10,"column":32}},"5":{"start":{"line":11,"column":4},"end":{"line":13,"column":22}}},"fnMap":{"0":{"name":"(anonymous_0)","decl":{"start":{"line":10,"column":22},"end":{"line":10,"column":23}},"loc":{"start":{"line":10,"column":39},"end":{"line":11,"column":5}}}},"branchMap":{},"s":{"0":2,"1":2,"2":2,"3":2,"4":1,"5":1},"f":{"0":1},"b":{}}
,"/Users/balov/WebstormProjects/test-task-for-dmytro-haponov/client/src/components/app/App.tsx": {"path":"/Users/balov/WebstormProjects/test-task-for-dmytro-haponov/client/src/components/app/App.tsx","statementMap":{"0":{"start":{"line":1,"column":0},"end":{"line":1,"column":31}},"1":{"start":{"line":3,"column":0},"end":{"line":3,"column":30}},"2":{"start":{"line":4,"column":0},"end":{"line":4,"column":32}},"3":{"start":{"line":5,"column":0},"end":{"line":5,"column":34}},"4":{"start":{"line":7,"column":13},"end":{"line":12,"column":14}},"5":{"start":{"line":8,"column":4},"end":{"line":12,"column":14}}},"fnMap":{"0":{"name":"(anonymous_0)","decl":{"start":{"line":7,"column":19},"end":{"line":7,"column":null}},"loc":{"start":{"line":7,"column":19},"end":{"line":8,"column":5}}}},"branchMap":{},"s":{"0":1,"1":1,"2":1,"3":1,"4":1,"5":1},"f":{"0":1},"b":{}}
,"/Users/balov/WebstormProjects/test-task-for-dmytro-haponov/client/src/components/app/Redux.tsx": {"path":"/Users/balov/WebstormProjects/test-task-for-dmytro-haponov/client/src/components/app/Redux.tsx","statementMap":{"0":{"start":{"line":1,"column":0},"end":{"line":1,"column":31}},"1":{"start":{"line":2,"column":0},"end":{"line":2,"column":37}},"2":{"start":{"line":4,"column":0},"end":{"line":4,"column":34}},"3":{"start":{"line":10,"column":13},"end":{"line":13,"column":16}},"4":{"start":{"line":10,"column":23},"end":{"line":10,"column":31}},"5":{"start":{"line":11,"column":4},"end":{"line":13,"column":16}}},"fnMap":{"0":{"name":"(anonymous_0)","decl":{"start":{"line":10,"column":21},"end":{"line":10,"column":22}},"loc":{"start":{"line":10,"column":38},"end":{"line":11,"column":5}}}},"branchMap":{},"s":{"0":2,"1":2,"2":2,"3":2,"4":1,"5":1},"f":{"0":1},"b":{}}
,"/Users/balov/WebstormProjects/test-task-for-dmytro-haponov/client/src/components/app/index.ts": {"path":"/Users/balov/WebstormProjects/test-task-for-dmytro-haponov/client/src/components/app/index.ts","statementMap":{"0":{"start":{"line":1,"column":0},"end":{"line":1,"column":8}},"1":{"start":{"line":3,"column":8},"end":{"line":1,"column":26}},"2":{"start":{"line":4,"column":0},"end":{"line":4,"column":19}}},"fnMap":{},"branchMap":{},"s":{"0":0,"1":0,"2":0},"f":{},"b":{}}
,"/Users/balov/WebstormProjects/test-task-for-dmytro-haponov/client/src/components/app/content/Content.tsx": {"path":"/Users/balov/WebstormProjects/test-task-for-dmytro-haponov/client/src/components/app/content/Content.tsx","statementMap":{"0":{"start":{"line":1,"column":0},"end":{"line":1,"column":31}},"1":{"start":{"line":2,"column":0},"end":{"line":2,"column":36}},"2":{"start":{"line":3,"column":0},"end":{"line":3,"column":47}},"3":{"start":{"line":5,"column":0},"end":{"line":5,"column":42}},"4":{"start":{"line":6,"column":0},"end":{"line":6,"column":52}},"5":{"start":{"line":8,"column":0},"end":{"line":8,"column":32}},"6":{"start":{"line":9,"column":0},"end":{"line":9,"column":34}},"7":{"start":{"line":16,"column":10},"end":{"line":17,"column":5}},"8":{"start":{"line":17,"column":4},"end":{"line":23,"column":21}},"9":{"start":{"line":25,"column":27},"end":{"line":25,"column":40}},"10":{"start":{"line":25,"column":39},"end":{"line":36,"column":3}},"11":{"start":{"line":27,"column":23},"end":{"line":27,"column":48}},"12":{"start":{"line":29,"column":8},"end":{"line":29,"column":25}},"13":{"start":{"line":32,"column":23},"end":{"line":32,"column":50}},"14":{"start":{"line":34,"column":8},"end":{"line":34,"column":25}},"15":{"start":{"line":38,"column":13},"end":{"line":38,"column":60}}},"fnMap":{"0":{"name":"(anonymous_0)","decl":{"start":{"line":16,"column":10},"end":{"line":16,"column":11}},"loc":{"start":{"line":16,"column":22},"end":{"line":17,"column":5}}},"1":{"name":"(anonymous_1)","decl":{"start":{"line":25,"column":27},"end":{"line":25,"column":35}},"loc":{"start":{"line":25,"column":35},"end":{"line":25,"column":40}}},"2":{"name":"(anonymous_2)","decl":{"start":{"line":26,"column":19},"end":{"line":26,"column":null}},"loc":{"start":{"line":26,"column":19},"end":{"line":30,"column":5}}},"3":{"name":"(anonymous_3)","decl":{"start":{"line":31,"column":21},"end":{"line":31,"column":null}},"loc":{"start":{"line":31,"column":21},"end":{"line":35,"column":5}}}},"branchMap":{},"s":{"0":2,"1":2,"2":2,"3":2,"4":2,"5":2,"6":2,"7":2,"8":0,"9":2,"10":0,"11":0,"12":0,"13":0,"14":0,"15":2},"f":{"0":0,"1":0,"2":0,"3":0},"b":{}}
,"/Users/balov/WebstormProjects/test-task-for-dmytro-haponov/client/src/components/app/content/Routes.tsx": {"path":"/Users/balov/WebstormProjects/test-task-for-dmytro-haponov/client/src/components/app/content/Routes.tsx","statementMap":{"0":{"start":{"line":1,"column":0},"end":{"line":1,"column":31}},"1":{"start":{"line":2,"column":0},"end":{"line":2,"column":35}},"2":{"start":{"line":4,"column":0},"end":{"line":4,"column":48}},"3":{"start":{"line":6,"column":13},"end":{"line":13,"column":2}},"4":{"start":{"line":7,"column":19},"end":{"line":8,"column":9}},"5":{"start":{"line":7,"column":21},"end":{"line":7,"column":25}},"6":{"start":{"line":7,"column":27},"end":{"line":7,"column":32}},"7":{"start":{"line":7,"column":34},"end":{"line":7,"column":43}},"8":{"start":{"line":8,"column":8},"end":{"line":8,"column":78}},"9":{"start":{"line":10,"column":18},"end":{"line":10,"column":36}},"10":{"start":{"line":12,"column":4},"end":{"line":12,"column":24}}},"fnMap":{"0":{"name":"(anonymous_0)","decl":{"start":{"line":6,"column":22},"end":{"line":6,"column":null}},"loc":{"start":{"line":6,"column":22},"end":{"line":13,"column":1}}},"1":{"name":"(anonymous_1)","decl":{"start":{"line":7,"column":19},"end":{"line":7,"column":20}},"loc":{"start":{"line":7,"column":51},"end":{"line":8,"column":9}}}},"branchMap":{},"s":{"0":3,"1":3,"2":3,"3":3,"4":1,"5":2,"6":2,"7":2,"8":2,"9":1,"10":1},"f":{"0":1,"1":2},"b":{}}
,"/Users/balov/WebstormProjects/test-task-for-dmytro-haponov/client/src/components/app/content/Windows.tsx": {"path":"/Users/balov/WebstormProjects/test-task-for-dmytro-haponov/client/src/components/app/content/Windows.tsx","statementMap":{"0":{"start":{"line":1,"column":0},"end":{"line":1,"column":31}},"1":{"start":{"line":2,"column":0},"end":{"line":2,"column":36}},"2":{"start":{"line":5,"column":0},"end":{"line":5,"column":52}},"3":{"start":{"line":7,"column":0},"end":{"line":7,"column":49}},"4":{"start":{"line":8,"column":0},"end":{"line":8,"column":53}},"5":{"start":{"line":23,"column":10},"end":{"line":24,"column":null}},"6":{"start":{"line":24,"column":4},"end":{"line":27,"column":8}},"7":{"start":{"line":29,"column":12},"end":{"line":30,"column":12}},"8":{"start":{"line":29,"column":14},"end":{"line":29,"column":19}},"9":{"start":{"line":29,"column":21},"end":{"line":29,"column":29}},"10":{"start":{"line":30,"column":4},"end":{"line":32,"column":15}},"11":{"start":{"line":34,"column":14},"end":{"line":35,"column":12}},"12":{"start":{"line":34,"column":16},"end":{"line":34,"column":21}},"13":{"start":{"line":34,"column":23},"end":{"line":34,"column":31}},"14":{"start":{"line":35,"column":4},"end":{"line":37,"column":15}},"15":{"start":{"line":39,"column":24},"end":{"line":39,"column":43}},"16":{"start":{"line":39,"column":26},"end":{"line":39,"column":30}},"17":{"start":{"line":39,"column":42},"end":{"line":42,"column":3}},"18":{"start":{"line":44,"column":27},"end":{"line":44,"column":40}},"19":{"start":{"line":44,"column":39},"end":{"line":55,"column":3}},"20":{"start":{"line":46,"column":23},"end":{"line":46,"column":48}},"21":{"start":{"line":48,"column":8},"end":{"line":48,"column":25}},"22":{"start":{"line":51,"column":23},"end":{"line":51,"column":50}},"23":{"start":{"line":53,"column":8},"end":{"line":53,"column":25}},"24":{"start":{"line":57,"column":13},"end":{"line":57,"column":71}}},"fnMap":{"0":{"name":"(anonymous_0)","decl":{"start":{"line":23,"column":10},"end":{"line":23,"column":11}},"loc":{"start":{"line":23,"column":22},"end":{"line":24,"column":null}}},"1":{"name":"(anonymous_1)","decl":{"start":{"line":29,"column":12},"end":{"line":29,"column":13}},"loc":{"start":{"line":29,"column":42},"end":{"line":30,"column":12}}},"2":{"name":"(anonymous_2)","decl":{"start":{"line":34,"column":14},"end":{"line":34,"column":15}},"loc":{"start":{"line":34,"column":44},"end":{"line":35,"column":12}}},"3":{"name":"(anonymous_3)","decl":{"start":{"line":39,"column":24},"end":{"line":39,"column":25}},"loc":{"start":{"line":39,"column":37},"end":{"line":39,"column":43}}},"4":{"name":"(anonymous_4)","decl":{"start":{"line":44,"column":27},"end":{"line":44,"column":35}},"loc":{"start":{"line":44,"column":35},"end":{"line":44,"column":40}}},"5":{"name":"(anonymous_5)","decl":{"start":{"line":45,"column":12},"end":{"line":45,"column":null}},"loc":{"start":{"line":45,"column":12},"end":{"line":49,"column":5}}},"6":{"name":"(anonymous_6)","decl":{"start":{"line":50,"column":14},"end":{"line":50,"column":null}},"loc":{"start":{"line":50,"column":14},"end":{"line":54,"column":5}}}},"branchMap":{"0":{"loc":{"start":{"line":31,"column":10},"end":{"line":31,"column":36}},"type":"cond-expr","locations":[{"start":{"line":31,"column":10},"end":{"line":31,"column":36}},{"start":{"line":32,"column":10},"end":{"line":32,"column":14}}]},"1":{"loc":{"start":{"line":36,"column":10},"end":{"line":36,"column":38}},"type":"cond-expr","locations":[{"start":{"line":36,"column":10},"end":{"line":36,"column":38}},{"start":{"line":37,"column":10},"end":{"line":37,"column":14}}]}},"s":{"0":3,"1":3,"2":3,"3":3,"4":3,"5":3,"6":0,"7":3,"8":0,"9":0,"10":0,"11":3,"12":0,"13":0,"14":0,"15":3,"16":0,"17":0,"18":3,"19":0,"20":0,"21":0,"22":0,"23":0,"24":3},"f":{"0":0,"1":0,"2":0,"3":0,"4":0,"5":0,"6":0},"b":{"0":[0,0],"1":[0,0]}}
,"/Users/balov/WebstormProjects/test-task-for-dmytro-haponov/client/src/components/app/content/index.ts": {"path":"/Users/balov/WebstormProjects/test-task-for-dmytro-haponov/client/src/components/app/content/index.ts","statementMap":{"0":{"start":{"line":1,"column":0},"end":{"line":1,"column":8}},"1":{"start":{"line":1,"column":8},"end":{"line":1,"column":34}}},"fnMap":{},"branchMap":{},"s":{"0":1,"1":1},"f":{},"b":{}}
,"/Users/balov/WebstormProjects/test-task-for-dmytro-haponov/client/src/components/contacts-manager/ContactsManager.tsx": {"path":"/Users/balov/WebstormProjects/test-task-for-dmytro-haponov/client/src/components/contacts-manager/ContactsManager.tsx","statementMap":{"0":{"start":{"line":1,"column":0},"end":{"line":1,"column":31}},"1":{"start":{"line":3,"column":0},"end":{"line":3,"column":28}},"2":{"start":{"line":5,"column":0},"end":{"line":5,"column":45}},"3":{"start":{"line":7,"column":13},"end":{"line":15,"column":11}},"4":{"start":{"line":8,"column":4},"end":{"line":15,"column":11}},"5":{"start":{"line":17,"column":13},"end":{"line":18,"column":9}},"6":{"start":{"line":17,"column":15},"end":{"line":17,"column":37}},"7":{"start":{"line":18,"column":4},"end":{"line":20,"column":11}},"8":{"start":{"line":22,"column":22},"end":{"line":23,"column":9}},"9":{"start":{"line":22,"column":24},"end":{"line":22,"column":31}},"10":{"start":{"line":23,"column":4},"end":{"line":25,"column":11}}},"fnMap":{"0":{"name":"(anonymous_0)","decl":{"start":{"line":7,"column":31},"end":{"line":7,"column":32}},"loc":{"start":{"line":7,"column":45},"end":{"line":8,"column":9}}},"1":{"name":"(anonymous_1)","decl":{"start":{"line":17,"column":13},"end":{"line":17,"column":14}},"loc":{"start":{"line":17,"column":50},"end":{"line":18,"column":9}}},"2":{"name":"(anonymous_2)","decl":{"start":{"line":22,"column":22},"end":{"line":22,"column":23}},"loc":{"start":{"line":22,"column":53},"end":{"line":23,"column":9}}}},"branchMap":{},"s":{"0":3,"1":3,"2":3,"3":3,"4":0,"5":3,"6":0,"7":0,"8":3,"9":0,"10":0},"f":{"0":0,"1":0,"2":0},"b":{}}
,"/Users/balov/WebstormProjects/test-task-for-dmytro-haponov/client/src/components/contacts-manager/index.ts": {"path":"/Users/balov/WebstormProjects/test-task-for-dmytro-haponov/client/src/components/contacts-manager/index.ts","statementMap":{"0":{"start":{"line":1,"column":0},"end":{"line":1,"column":8}},"1":{"start":{"line":3,"column":8},"end":{"line":1,"column":50}},"2":{"start":{"line":4,"column":0},"end":{"line":4,"column":31}},"3":{"start":{"line":6,"column":0},"end":{"line":6,"column":8}},"4":{"start":{"line":6,"column":8},"end":{"line":6,"column":47}},"5":{"start":{"line":7,"column":0},"end":{"line":7,"column":8}},"6":{"start":{"line":7,"column":8},"end":{"line":7,"column":54}}},"fnMap":{},"branchMap":{},"s":{"0":3,"1":3,"2":3,"3":3,"4":3,"5":3,"6":3},"f":{},"b":{}}
,"/Users/balov/WebstormProjects/test-task-for-dmytro-haponov/client/src/components/contacts-manager/add-contact-window/AddContactWindow.tsx": {"path":"/Users/balov/WebstormProjects/test-task-for-dmytro-haponov/client/src/components/contacts-manager/add-contact-window/AddContactWindow.tsx","statementMap":{"0":{"start":{"line":1,"column":0},"end":{"line":1,"column":31}},"1":{"start":{"line":3,"column":0},"end":{"line":3,"column":53}},"2":{"start":{"line":7,"column":0},"end":{"line":7,"column":47}},"3":{"start":{"line":17,"column":13},"end":{"line":25,"column":2}},"4":{"start":{"line":18,"column":19},"end":{"line":18,"column":78}},"5":{"start":{"line":20,"column":4},"end":{"line":24,"column":6}},"6":{"start":{"line":27,"column":21},"end":{"line":28,"column":5}},"7":{"start":{"line":28,"column":4},"end":{"line":33,"column":6}},"8":{"start":{"line":29,"column":24},"end":{"line":29,"column":69}},"9":{"start":{"line":31,"column":8},"end":{"line":31,"column":32}},"10":{"start":{"line":32,"column":8},"end":{"line":32,"column":16}},"11":{"start":{"line":35,"column":34},"end":{"line":39,"column":1}},"12":{"start":{"line":36,"column":15},"end":{"line":36,"column":33}},"13":{"start":{"line":38,"column":4},"end":{"line":38,"column":47}}},"fnMap":{"0":{"name":"(anonymous_0)","decl":{"start":{"line":17,"column":32},"end":{"line":17,"column":33}},"loc":{"start":{"line":17,"column":44},"end":{"line":25,"column":1}}},"1":{"name":"(anonymous_1)","decl":{"start":{"line":27,"column":21},"end":{"line":27,"column":22}},"loc":{"start":{"line":27,"column":83},"end":{"line":28,"column":5}}},"2":{"name":"(anonymous_2)","decl":{"start":{"line":28,"column":4},"end":{"line":28,"column":5}},"loc":{"start":{"line":28,"column":24},"end":{"line":33,"column":5}}},"3":{"name":"(anonymous_3)","decl":{"start":{"line":35,"column":34},"end":{"line":35,"column":35}},"loc":{"start":{"line":35,"column":73},"end":{"line":39,"column":1}}}},"branchMap":{},"s":{"0":3,"1":3,"2":3,"3":3,"4":2,"5":2,"6":3,"7":2,"8":0,"9":0,"10":0,"11":3,"12":0,"13":0},"f":{"0":2,"1":2,"2":0,"3":0},"b":{}}
,"/Users/balov/WebstormProjects/test-task-for-dmytro-haponov/client/src/components/contacts-manager/add-contact-window/index.ts": {"path":"/Users/balov/WebstormProjects/test-task-for-dmytro-haponov/client/src/components/contacts-manager/add-contact-window/index.ts","statementMap":{"0":{"start":{"line":1,"column":0},"end":{"line":1,"column":8}},"1":{"start":{"line":3,"column":8},"end":{"line":1,"column":52}},"2":{"start":{"line":4,"column":0},"end":{"line":4,"column":32}}},"fnMap":{},"branchMap":{},"s":{"0":3,"1":3,"2":3},"f":{},"b":{}}
,"/Users/balov/WebstormProjects/test-task-for-dmytro-haponov/client/src/components/contacts-manager/contact/Contact.tsx": {"path":"/Users/balov/WebstormProjects/test-task-for-dmytro-haponov/client/src/components/contacts-manager/contact/Contact.tsx","statementMap":{"0":{"start":{"line":1,"column":0},"end":{"line":1,"column":31}},"1":{"start":{"line":4,"column":0},"end":{"line":4,"column":37}},"2":{"start":{"line":6,"column":13},"end":{"line":16,"column":2}},"3":{"start":{"line":6,"column":25},"end":{"line":6,"column":32}},"4":{"start":{"line":6,"column":34},"end":{"line":6,"column":53}},"5":{"start":{"line":7,"column":11},"end":{"line":7,"column":13}},"6":{"start":{"line":7,"column":15},"end":{"line":7,"column":18}},"7":{"start":{"line":7,"column":20},"end":{"line":7,"column":24}},"8":{"start":{"line":8,"column":20},"end":{"line":8,"column":45}},"9":{"start":{"line":8,"column":26},"end":{"line":8,"column":54}},"10":{"start":{"line":10,"column":4},"end":{"line":15,"column":6}},"11":{"start":{"line":18,"column":15},"end":{"line":28,"column":1}},"12":{"start":{"line":18,"column":17},"end":{"line":18,"column":20}},"13":{"start":{"line":19,"column":18},"end":{"line":21,"column":6}},"14":{"start":{"line":23,"column":4},"end":{"line":27,"column":6}},"15":{"start":{"line":30,"column":13},"end":{"line":31,"column":9}},"16":{"start":{"line":30,"column":15},"end":{"line":30,"column":19}},"17":{"start":{"line":31,"column":4},"end":{"line":33,"column":11}}},"fnMap":{"0":{"name":"(anonymous_0)","decl":{"start":{"line":6,"column":23},"end":{"line":6,"column":24}},"loc":{"start":{"line":6,"column":62},"end":{"line":16,"column":1}}},"1":{"name":"(anonymous_1)","decl":{"start":{"line":8,"column":20},"end":{"line":8,"column":26}},"loc":{"start":{"line":8,"column":20},"end":{"line":8,"column":45}}},"2":{"name":"(anonymous_2)","decl":{"start":{"line":18,"column":15},"end":{"line":18,"column":16}},"loc":{"start":{"line":18,"column":35},"end":{"line":28,"column":1}}},"3":{"name":"(anonymous_3)","decl":{"start":{"line":30,"column":13},"end":{"line":30,"column":14}},"loc":{"start":{"line":30,"column":32},"end":{"line":31,"column":9}}}},"branchMap":{},"s":{"0":3,"1":3,"2":3,"3":0,"4":0,"5":0,"6":0,"7":0,"8":0,"9":0,"10":0,"11":3,"12":0,"13":0,"14":0,"15":3,"16":0,"17":0},"f":{"0":0,"1":0,"2":0,"3":0},"b":{}}
,"/Users/balov/WebstormProjects/test-task-for-dmytro-haponov/client/src/components/contacts-manager/contact/index.ts": {"path":"/Users/balov/WebstormProjects/test-task-for-dmytro-haponov/client/src/components/contacts-manager/contact/index.ts","statementMap":{"0":{"start":{"line":1,"column":0},"end":{"line":1,"column":8}},"1":{"start":{"line":3,"column":8},"end":{"line":1,"column":34}},"2":{"start":{"line":4,"column":0},"end":{"line":4,"column":23}}},"fnMap":{},"branchMap":{},"s":{"0":3,"1":3,"2":3},"f":{},"b":{}}
,"/Users/balov/WebstormProjects/test-task-for-dmytro-haponov/client/src/components/contacts-manager/contact-form/ContactForm.tsx": {"path":"/Users/balov/WebstormProjects/test-task-for-dmytro-haponov/client/src/components/contacts-manager/contact-form/ContactForm.tsx","statementMap":{"0":{"start":{"line":1,"column":0},"end":{"line":1,"column":31}},"1":{"start":{"line":3,"column":0},"end":{"line":3,"column":32}},"2":{"start":{"line":4,"column":0},"end":{"line":4,"column":43}},"3":{"start":{"line":5,"column":0},"end":{"line":5,"column":51}},"4":{"start":{"line":8,"column":0},"end":{"line":8,"column":41}},"5":{"start":{"line":9,"column":0},"end":{"line":9,"column":33}},"6":{"start":{"line":11,"column":7},"end":{"line":11,"column":15}},"7":{"start":{"line":11,"column":17},"end":{"line":11,"column":26}},"8":{"start":{"line":11,"column":28},"end":{"line":11,"column":39}},"9":{"start":{"line":13,"column":13},"end":{"line":77,"column":2}},"10":{"start":{"line":14,"column":16},"end":{"line":14,"column":31}},"11":{"start":{"line":16,"column":10},"end":{"line":16,"column":11}},"12":{"start":{"line":16,"column":11},"end":{"line":16,"column":18}},"13":{"start":{"line":16,"column":20},"end":{"line":16,"column":48}},"14":{"start":{"line":18,"column":10},"end":{"line":18,"column":11}},"15":{"start":{"line":18,"column":11},"end":{"line":18,"column":14}},"16":{"start":{"line":18,"column":16},"end":{"line":18,"column":49}},"17":{"start":{"line":19,"column":10},"end":{"line":19,"column":11}},"18":{"start":{"line":19,"column":11},"end":{"line":19,"column":15}},"19":{"start":{"line":19,"column":17},"end":{"line":19,"column":52}},"20":{"start":{"line":20,"column":10},"end":{"line":20,"column":11}},"21":{"start":{"line":20,"column":11},"end":{"line":20,"column":16}},"22":{"start":{"line":20,"column":18},"end":{"line":20,"column":55}},"23":{"start":{"line":22,"column":22},"end":{"line":22,"column":36}},"24":{"start":{"line":22,"column":24},"end":{"line":22,"column":27}},"25":{"start":{"line":22,"column":33},"end":{"line":22,"column":61}},"26":{"start":{"line":23,"column":24},"end":{"line":23,"column":44}},"27":{"start":{"line":23,"column":26},"end":{"line":23,"column":32}},"28":{"start":{"line":23,"column":38},"end":{"line":23,"column":65}},"29":{"start":{"line":24,"column":25},"end":{"line":24,"column":46}},"30":{"start":{"line":24,"column":27},"end":{"line":24,"column":33}},"31":{"start":{"line":24,"column":39},"end":{"line":24,"column":67}},"32":{"start":{"line":25,"column":26},"end":{"line":25,"column":48}},"33":{"start":{"line":25,"column":28},"end":{"line":25,"column":34}},"34":{"start":{"line":25,"column":40},"end":{"line":25,"column":69}},"35":{"start":{"line":27,"column":20},"end":{"line":27,"column":38}},"36":{"start":{"line":27,"column":37},"end":{"line":27,"column":65}},"37":{"start":{"line":28,"column":19},"end":{"line":28,"column":69}},"38":{"start":{"line":30,"column":26},"end":{"line":35,"column":21}},"39":{"start":{"line":31,"column":25},"end":{"line":31,"column":34}},"40":{"start":{"line":32,"column":24},"end":{"line":32,"column":53}},"41":{"start":{"line":34,"column":8},"end":{"line":34,"column":28}},"42":{"start":{"line":37,"column":4},"end":{"line":39,"column":22}},"43":{"start":{"line":38,"column":8},"end":{"line":38,"column":24}},"44":{"start":{"line":41,"column":4},"end":{"line":76,"column":6}},"45":{"start":{"line":79,"column":13},"end":{"line":80,"column":9}},"46":{"start":{"line":79,"column":15},"end":{"line":79,"column":21}},"47":{"start":{"line":79,"column":23},"end":{"line":79,"column":34}},"48":{"start":{"line":80,"column":4},"end":{"line":82,"column":11}}},"fnMap":{"0":{"name":"(anonymous_0)","decl":{"start":{"line":13,"column":27},"end":{"line":13,"column":28}},"loc":{"start":{"line":13,"column":41},"end":{"line":77,"column":1}}},"1":{"name":"(anonymous_1)","decl":{"start":{"line":22,"column":22},"end":{"line":22,"column":23}},"loc":{"start":{"line":22,"column":28},"end":{"line":22,"column":36}}},"2":{"name":"(anonymous_2)","decl":{"start":{"line":23,"column":24},"end":{"line":23,"column":25}},"loc":{"start":{"line":23,"column":33},"end":{"line":23,"column":44}}},"3":{"name":"(anonymous_3)","decl":{"start":{"line":24,"column":25},"end":{"line":24,"column":26}},"loc":{"start":{"line":24,"column":34},"end":{"line":24,"column":46}}},"4":{"name":"(anonymous_4)","decl":{"start":{"line":25,"column":26},"end":{"line":25,"column":27}},"loc":{"start":{"line":25,"column":35},"end":{"line":25,"column":48}}},"5":{"name":"(anonymous_5)","decl":{"start":{"line":27,"column":20},"end":{"line":27,"column":37}},"loc":{"start":{"line":27,"column":20},"end":{"line":27,"column":38}}},"6":{"name":"(anonymous_6)","decl":{"start":{"line":30,"column":38},"end":{"line":30,"column":null}},"loc":{"start":{"line":30,"column":38},"end":{"line":35,"column":5}}},"7":{"name":"(anonymous_7)","decl":{"start":{"line":37,"column":14},"end":{"line":37,"column":null}},"loc":{"start":{"line":37,"column":14},"end":{"line":39,"column":5}}},"8":{"name":"(anonymous_8)","decl":{"start":{"line":79,"column":13},"end":{"line":79,"column":14}},"loc":{"start":{"line":79,"column":47},"end":{"line":80,"column":9}}}},"branchMap":{"0":{"loc":{"start":{"line":14,"column":16},"end":{"line":14,"column":25}},"type":"binary-expr","locations":[{"start":{"line":14,"column":16},"end":{"line":14,"column":25}},{"start":{"line":14,"column":29},"end":{"line":14,"column":31}}]},"1":{"loc":{"start":{"line":18,"column":10},"end":{"line":18,"column":11}},"type":"binary-expr","locations":[{"start":{"line":18,"column":10},"end":{"line":18,"column":11}},{"start":{"line":18,"column":10},"end":{"line":18,"column":11}}]},"2":{"loc":{"start":{"line":19,"column":10},"end":{"line":19,"column":11}},"type":"binary-expr","locations":[{"start":{"line":19,"column":10},"end":{"line":19,"column":11}},{"start":{"line":19,"column":10},"end":{"line":19,"column":11}}]},"3":{"loc":{"start":{"line":20,"column":10},"end":{"line":20,"column":11}},"type":"binary-expr","locations":[{"start":{"line":20,"column":10},"end":{"line":20,"column":11}},{"start":{"line":20,"column":10},"end":{"line":20,"column":11}}]},"4":{"loc":{"start":{"line":22,"column":33},"end":{"line":22,"column":48}},"type":"binary-expr","locations":[{"start":{"line":22,"column":33},"end":{"line":22,"column":48}},{"start":{"line":22,"column":52},"end":{"line":22,"column":60}}]},"5":{"loc":{"start":{"line":23,"column":45},"end":{"line":23,"column":57}},"type":"binary-expr","locations":[{"start":{"line":23,"column":45},"end":{"line":23,"column":57}},{"start":{"line":23,"column":61},"end":{"line":23,"column":63}}]},"6":{"loc":{"start":{"line":24,"column":47},"end":{"line":24,"column":59}},"type":"binary-expr","locations":[{"start":{"line":24,"column":47},"end":{"line":24,"column":59}},{"start":{"line":24,"column":63},"end":{"line":24,"column":65}}]},"7":{"loc":{"start":{"line":25,"column":49},"end":{"line":25,"column":61}},"type":"binary-expr","locations":[{"start":{"line":25,"column":49},"end":{"line":25,"column":61}},{"start":{"line":25,"column":65},"end":{"line":25,"column":67}}]}},"s":{"0":3,"1":3,"2":3,"3":3,"4":3,"5":3,"6":3,"7":3,"8":3,"9":3,"10":4,"11":4,"12":4,"13":4,"14":4,"15":4,"16":4,"17":4,"18":4,"19":4,"20":4,"21":4,"22":4,"23":4,"24":0,"25":0,"26":4,"27":0,"28":0,"29":4,"30":0,"31":0,"32":4,"33":0,"34":0,"35":4,"36":2,"37":4,"38":4,"39":2,"40":2,"41":2,"42":4,"43":2,"44":4,"45":3,"46":4,"47":4,"48":4},"f":{"0":4,"1":0,"2":0,"3":0,"4":0,"5":2,"6":2,"7":2,"8":4},"b":{"0":[4,4],"1":[4,4],"2":[4,4],"3":[4,4],"4":[0,0],"5":[0,0],"6":[0,0],"7":[0,0]}}
,"/Users/balov/WebstormProjects/test-task-for-dmytro-haponov/client/src/components/contacts-manager/contact-form/index.ts": {"path":"/Users/balov/WebstormProjects/test-task-for-dmytro-haponov/client/src/components/contacts-manager/contact-form/index.ts","statementMap":{"0":{"start":{"line":1,"column":0},"end":{"line":1,"column":8}},"1":{"start":{"line":4,"column":11},"end":{"line":1,"column":42}},"2":{"start":{"line":2,"column":0},"end":{"line":2,"column":29}},"3":{"start":{"line":4,"column":8},"end":{"line":4,"column":9}},"4":{"start":{"line":5,"column":0},"end":{"line":5,"column":27}}},"fnMap":{},"branchMap":{},"s":{"0":3,"1":3,"2":3,"3":3,"4":3},"f":{},"b":{}}
,"/Users/balov/WebstormProjects/test-task-for-dmytro-haponov/client/src/components/contacts-manager/contact-form/utils.ts": {"path":"/Users/balov/WebstormProjects/test-task-for-dmytro-haponov/client/src/components/contacts-manager/contact-form/utils.ts","statementMap":{"0":{"start":{"line":3,"column":13},"end":{"line":10,"column":6}},"1":{"start":{"line":4,"column":4},"end":{"line":10,"column":6}},"2":{"start":{"line":5,"column":8},"end":{"line":5,"column":33}},"3":{"start":{"line":5,"column":26},"end":{"line":5,"column":33}},"4":{"start":{"line":7,"column":21},"end":{"line":7,"column":30}},"5":{"start":{"line":9,"column":8},"end":{"line":9,"column":21}},"6":{"start":{"line":12,"column":13},"end":{"line":13,"column":22}},"7":{"start":{"line":12,"column":31},"end":{"line":12,"column":35}},"8":{"start":{"line":12,"column":37},"end":{"line":12,"column":42}},"9":{"start":{"line":13,"column":4},"end":{"line":13,"column":22}}},"fnMap":{"0":{"name":"(anonymous_0)","decl":{"start":{"line":3,"column":28},"end":{"line":3,"column":29}},"loc":{"start":{"line":3,"column":87},"end":{"line":4,"column":null}}},"1":{"name":"(anonymous_1)","decl":{"start":{"line":4,"column":4},"end":{"line":4,"column":null}},"loc":{"start":{"line":4,"column":4},"end":{"line":10,"column":5}}},"2":{"name":"(anonymous_2)","decl":{"start":{"line":12,"column":29},"end":{"line":12,"column":30}},"loc":{"start":{"line":12,"column":54},"end":{"line":13,"column":5}}}},"branchMap":{"0":{"loc":{"start":{"line":5,"column":8},"end":{"line":5,"column":33}},"type":"if","locations":[{"start":{"line":5,"column":8},"end":{"line":5,"column":33}},{"start":{"line":5,"column":8},"end":{"line":5,"column":33}}]},"1":{"loc":{"start":{"line":13,"column":7},"end":{"line":13,"column":11}},"type":"binary-expr","locations":[{"start":{"line":13,"column":7},"end":{"line":13,"column":11}},{"start":{"line":13,"column":15},"end":{"line":13,"column":20}}]}},"s":{"0":3,"1":4,"2":0,"3":0,"4":0,"5":0,"6":3,"7":2,"8":2,"9":2},"f":{"0":4,"1":0,"2":2},"b":{"0":[0,0],"1":[2,0]}}
,"/Users/balov/WebstormProjects/test-task-for-dmytro-haponov/client/src/components/contacts-manager/contact-window/ContactWindow.tsx": {"path":"/Users/balov/WebstormProjects/test-task-for-dmytro-haponov/client/src/components/contacts-manager/contact-window/ContactWindow.tsx","statementMap":{"0":{"start":{"line":1,"column":0},"end":{"line":1,"column":31}},"1":{"start":{"line":2,"column":0},"end":{"line":2,"column":36}},"2":{"start":{"line":4,"column":0},"end":{"line":4,"column":51}},"3":{"start":{"line":5,"column":0},"end":{"line":5,"column":53}},"4":{"start":{"line":8,"column":0},"end":{"line":8,"column":43}},"5":{"start":{"line":9,"column":0},"end":{"line":9,"column":45}},"6":{"start":{"line":11,"column":13},"end":{"line":35,"column":2}},"7":{"start":{"line":12,"column":20},"end":{"line":12,"column":57}},"8":{"start":{"line":14,"column":4},"end":{"line":15,"column":20}},"9":{"start":{"line":15,"column":8},"end":{"line":15,"column":20}},"10":{"start":{"line":17,"column":11},"end":{"line":17,"column":15}},"11":{"start":{"line":17,"column":17},"end":{"line":17,"column":20}},"12":{"start":{"line":17,"column":22},"end":{"line":17,"column":27}},"13":{"start":{"line":17,"column":29},"end":{"line":17,"column":32}},"14":{"start":{"line":19,"column":4},"end":{"line":34,"column":6}},"15":{"start":{"line":37,"column":13},"end":{"line":63,"column":1}},"16":{"start":{"line":38,"column":11},"end":{"line":38,"column":13}},"17":{"start":{"line":38,"column":15},"end":{"line":38,"column":18}},"18":{"start":{"line":40,"column":19},"end":{"line":40,"column":30}},"19":{"start":{"line":40,"column":25},"end":{"line":42,"column":7}},"20":{"start":{"line":44,"column":4},"end":{"line":62,"column":6}},"21":{"start":{"line":65,"column":16},"end":{"line":93,"column":1}},"22":{"start":{"line":65,"column":18},"end":{"line":65,"column":20}},"23":{"start":{"line":65,"column":22},"end":{"line":65,"column":27}},"24":{"start":{"line":65,"column":29},"end":{"line":65,"column":35}},"25":{"start":{"line":65,"column":37},"end":{"line":65,"column":53}},"26":{"start":{"line":66,"column":27},"end":{"line":66,"column":49}},"27":{"start":{"line":66,"column":33},"end":{"line":66,"column":58}},"28":{"start":{"line":68,"column":21},"end":{"line":71,"column":5}},"29":{"start":{"line":69,"column":8},"end":{"line":69,"column":16}},"30":{"start":{"line":70,"column":8},"end":{"line":70,"column":23}},"31":{"start":{"line":73,"column":26},"end":{"line":75,"column":null}},"32":{"start":{"line":78,"column":28},"end":{"line":80,"column":null}},"33":{"start":{"line":83,"column":4},"end":{"line":92,"column":6}}},"fnMap":{"0":{"name":"(anonymous_0)","decl":{"start":{"line":11,"column":29},"end":{"line":11,"column":30}},"loc":{"start":{"line":11,"column":43},"end":{"line":35,"column":1}}},"1":{"name":"(anonymous_1)","decl":{"start":{"line":37,"column":13},"end":{"line":37,"column":14}},"loc":{"start":{"line":37,"column":31},"end":{"line":63,"column":1}}},"2":{"name":"(anonymous_2)","decl":{"start":{"line":40,"column":19},"end":{"line":40,"column":25}},"loc":{"start":{"line":40,"column":19},"end":{"line":40,"column":30}}},"3":{"name":"(anonymous_3)","decl":{"start":{"line":65,"column":16},"end":{"line":65,"column":17}},"loc":{"start":{"line":65,"column":69},"end":{"line":93,"column":1}}},"4":{"name":"(anonymous_4)","decl":{"start":{"line":66,"column":27},"end":{"line":66,"column":33}},"loc":{"start":{"line":66,"column":27},"end":{"line":66,"column":49}}},"5":{"name":"(anonymous_5)","decl":{"start":{"line":68,"column":21},"end":{"line":68,"column":null}},"loc":{"start":{"line":68,"column":21},"end":{"line":71,"column":5}}}},"branchMap":{"0":{"loc":{"start":{"line":14,"column":4},"end":{"line":15,"column":20}},"type":"if","locations":[{"start":{"line":14,"column":4},"end":{"line":15,"column":20}},{"start":{"line":14,"column":4},"end":{"line":15,"column":20}}]},"1":{"loc":{"start":{"line":55,"column":13},"end":{"line":55,"column":16}},"type":"binary-expr","locations":[{"start":{"line":55,"column":13},"end":{"line":55,"column":16}},{"start":{"line":55,"column":20},"end":{"line":55,"column":52}}]}},"s":{"0":3,"1":3,"2":3,"3":3,"4":3,"5":3,"6":3,"7":0,"8":0,"9":0,"10":0,"11":0,"12":0,"13":0,"14":0,"15":3,"16":0,"17":0,"18":0,"19":0,"20":0,"21":3,"22":0,"23":0,"24":0,"25":0,"26":0,"27":0,"28":0,"29":0,"30":0,"31":0,"32":0,"33":0},"f":{"0":0,"1":0,"2":0,"3":0,"4":0,"5":0},"b":{"0":[0,0],"1":[0,0]}}
,"/Users/balov/WebstormProjects/test-task-for-dmytro-haponov/client/src/components/contacts-manager/contact-window/index.ts": {"path":"/Users/balov/WebstormProjects/test-task-for-dmytro-haponov/client/src/components/contacts-manager/contact-window/index.ts","statementMap":{"0":{"start":{"line":1,"column":0},"end":{"line":1,"column":8}},"1":{"start":{"line":3,"column":8},"end":{"line":1,"column":46}},"2":{"start":{"line":4,"column":0},"end":{"line":4,"column":29}}},"fnMap":{},"branchMap":{},"s":{"0":3,"1":3,"2":3},"f":{},"b":{}}
,"/Users/balov/WebstormProjects/test-task-for-dmytro-haponov/client/src/components/contacts-manager/contact-window/utils.ts": {"path":"/Users/balov/WebstormProjects/test-task-for-dmytro-haponov/client/src/components/contacts-manager/contact-window/utils.ts","statementMap":{"0":{"start":{"line":1,"column":13},"end":{"line":7,"column":7}},"1":{"start":{"line":2,"column":4},"end":{"line":7,"column":7}}},"fnMap":{"0":{"name":"(anonymous_0)","decl":{"start":{"line":1,"column":27},"end":{"line":1,"column":28}},"loc":{"start":{"line":1,"column":39},"end":{"line":2,"column":5}}}},"branchMap":{},"s":{"0":3,"1":0},"f":{"0":0},"b":{}}
,"/Users/balov/WebstormProjects/test-task-for-dmytro-haponov/client/src/components/contacts-manager/contact-window/calls-history/CallsHistory.tsx": {"path":"/Users/balov/WebstormProjects/test-task-for-dmytro-haponov/client/src/components/contacts-manager/contact-window/calls-history/CallsHistory.tsx","statementMap":{"0":{"start":{"line":1,"column":0},"end":{"line":1,"column":31}},"1":{"start":{"line":2,"column":0},"end":{"line":2,"column":36}},"2":{"start":{"line":4,"column":0},"end":{"line":4,"column":56}},"3":{"start":{"line":5,"column":0},"end":{"line":5,"column":57}},"4":{"start":{"line":10,"column":0},"end":{"line":10,"column":34}},"5":{"start":{"line":11,"column":0},"end":{"line":11,"column":42}},"6":{"start":{"line":12,"column":0},"end":{"line":12,"column":44}},"7":{"start":{"line":37,"column":13},"end":{"line":46,"column":20}},"8":{"start":{"line":38,"column":4},"end":{"line":46,"column":20}},"9":{"start":{"line":48,"column":14},"end":{"line":65,"column":1}},"10":{"start":{"line":48,"column":16},"end":{"line":48,"column":23}},"11":{"start":{"line":48,"column":25},"end":{"line":48,"column":33}},"12":{"start":{"line":49,"column":19},"end":{"line":57,"column":5}},"13":{"start":{"line":49,"column":21},"end":{"line":49,"column":23}},"14":{"start":{"line":49,"column":25},"end":{"line":49,"column":29}},"15":{"start":{"line":49,"column":31},"end":{"line":49,"column":35}},"16":{"start":{"line":49,"column":37},"end":{"line":49,"column":46}},"17":{"start":{"line":50,"column":8},"end":{"line":56,"column":null}},"18":{"start":{"line":51,"column":28},"end":{"line":51,"column":60}},"19":{"start":{"line":53,"column":12},"end":{"line":53,"column":80}},"20":{"start":{"line":55,"column":12},"end":{"line":55,"column":24}},"21":{"start":{"line":59,"column":18},"end":{"line":62,"column":31}},"22":{"start":{"line":62,"column":24},"end":{"line":62,"column":31}},"23":{"start":{"line":64,"column":4},"end":{"line":64,"column":24}},"24":{"start":{"line":67,"column":13},"end":{"line":84,"column":1}},"25":{"start":{"line":67,"column":15},"end":{"line":67,"column":19}},"26":{"start":{"line":67,"column":21},"end":{"line":67,"column":25}},"27":{"start":{"line":67,"column":27},"end":{"line":67,"column":38}},"28":{"start":{"line":67,"column":38},"end":{"line":67,"column":41}},"29":{"start":{"line":67,"column":43},"end":{"line":67,"column":47}},"30":{"start":{"line":67,"column":49},"end":{"line":67,"column":54}},"31":{"start":{"line":68,"column":25},"end":{"line":68,"column":48}},"32":{"start":{"line":69,"column":21},"end":{"line":69,"column":45}},"33":{"start":{"line":71,"column":22},"end":{"line":73,"column":6}},"34":{"start":{"line":75,"column":4},"end":{"line":83,"column":6}},"35":{"start":{"line":86,"column":21},"end":{"line":97,"column":1}},"36":{"start":{"line":86,"column":23},"end":{"line":86,"column":27}},"37":{"start":{"line":87,"column":22},"end":{"line":89,"column":31}},"38":{"start":{"line":91,"column":23},"end":{"line":94,"column":6}},"39":{"start":{"line":96,"column":4},"end":{"line":96,"column":41}}},"fnMap":{"0":{"name":"(anonymous_0)","decl":{"start":{"line":37,"column":28},"end":{"line":37,"column":29}},"loc":{"start":{"line":37,"column":40},"end":{"line":38,"column":5}}},"1":{"name":"(anonymous_1)","decl":{"start":{"line":48,"column":14},"end":{"line":48,"column":15}},"loc":{"start":{"line":48,"column":45},"end":{"line":65,"column":1}}},"2":{"name":"(anonymous_2)","decl":{"start":{"line":49,"column":19},"end":{"line":49,"column":20}},"loc":{"start":{"line":49,"column":47},"end":{"line":57,"column":5}}},"3":{"name":"(anonymous_3)","decl":{"start":{"line":62,"column":16},"end":{"line":62,"column":20}},"loc":{"start":{"line":62,"column":20},"end":{"line":62,"column":25}}},"4":{"name":"(anonymous_4)","decl":{"start":{"line":67,"column":13},"end":{"line":67,"column":14}},"loc":{"start":{"line":67,"column":66},"end":{"line":84,"column":1}}},"5":{"name":"(anonymous_5)","decl":{"start":{"line":86,"column":21},"end":{"line":86,"column":22}},"loc":{"start":{"line":86,"column":46},"end":{"line":97,"column":1}}}},"branchMap":{"0":{"loc":{"start":{"line":88,"column":10},"end":{"line":88,"column":30}},"type":"cond-expr","locations":[{"start":{"line":88,"column":10},"end":{"line":88,"column":30}},{"start":{"line":89,"column":10},"end":{"line":89,"column":31}}]}},"s":{"0":3,"1":3,"2":3,"3":3,"4":3,"5":3,"6":3,"7":3,"8":0,"9":3,"10":0,"11":0,"12":0,"13":0,"14":0,"15":0,"16":0,"17":0,"18":0,"19":0,"20":0,"21":0,"22":0,"23":0,"24":3,"25":0,"26":0,"27":0,"28":0,"29":0,"30":0,"31":0,"32":0,"33":0,"34":0,"35":3,"36":0,"37":0,"38":0,"39":0},"f":{"0":0,"1":0,"2":0,"3":0,"4":0,"5":0},"b":{"0":[0,0]}}
,"/Users/balov/WebstormProjects/test-task-for-dmytro-haponov/client/src/components/contacts-manager/contact-window/calls-history/DataProvider.tsx": {"path":"/Users/balov/WebstormProjects/test-task-for-dmytro-haponov/client/src/components/contacts-manager/contact-window/calls-history/DataProvider.tsx","statementMap":{"0":{"start":{"line":1,"column":0},"end":{"line":1,"column":31}},"1":{"start":{"line":11,"column":13},"end":{"line":17,"column":2}},"2":{"start":{"line":12,"column":11},"end":{"line":12,"column":20}},"3":{"start":{"line":12,"column":22},"end":{"line":12,"column":30}},"4":{"start":{"line":12,"column":32},"end":{"line":12,"column":49}},"5":{"start":{"line":14,"column":4},"end":{"line":14,"column":64}},"6":{"start":{"line":14,"column":26},"end":{"line":14,"column":60}},"7":{"start":{"line":16,"column":4},"end":{"line":16,"column":20}}},"fnMap":{"0":{"name":"(anonymous_0)","decl":{"start":{"line":11,"column":28},"end":{"line":11,"column":29}},"loc":{"start":{"line":11,"column":40},"end":{"line":17,"column":1}}},"1":{"name":"(anonymous_1)","decl":{"start":{"line":14,"column":20},"end":{"line":14,"column":26}},"loc":{"start":{"line":14,"column":20},"end":{"line":14,"column":43}}}},"branchMap":{},"s":{"0":3,"1":3,"2":0,"3":0,"4":0,"5":0,"6":0,"7":0},"f":{"0":0,"1":0},"b":{}}
,"/Users/balov/WebstormProjects/test-task-for-dmytro-haponov/client/src/components/contacts-manager/contact-window/calls-history/index.ts": {"path":"/Users/balov/WebstormProjects/test-task-for-dmytro-haponov/client/src/components/contacts-manager/contact-window/calls-history/index.ts","statementMap":{"0":{"start":{"line":1,"column":0},"end":{"line":1,"column":8}},"1":{"start":{"line":3,"column":8},"end":{"line":1,"column":44}},"2":{"start":{"line":4,"column":0},"end":{"line":4,"column":28}}},"fnMap":{},"branchMap":{},"s":{"0":3,"1":3,"2":3},"f":{},"b":{}}
,"/Users/balov/WebstormProjects/test-task-for-dmytro-haponov/client/src/components/contacts-manager/edit-contact-window/EditContactWindow.tsx": {"path":"/Users/balov/WebstormProjects/test-task-for-dmytro-haponov/client/src/components/contacts-manager/edit-contact-window/EditContactWindow.tsx","statementMap":{"0":{"start":{"line":1,"column":0},"end":{"line":1,"column":31}},"1":{"start":{"line":3,"column":0},"end":{"line":3,"column":53}},"2":{"start":{"line":5,"column":0},"end":{"line":5,"column":44}},"3":{"start":{"line":7,"column":0},"end":{"line":7,"column":37}},"4":{"start":{"line":9,"column":13},"end":{"line":20,"column":2}},"5":{"start":{"line":9,"column":35},"end":{"line":9,"column":39}},"6":{"start":{"line":9,"column":41},"end":{"line":9,"column":46}},"7":{"start":{"line":9,"column":48},"end":{"line":9,"column":55}},"8":{"start":{"line":10,"column":11},"end":{"line":10,"column":13}},"9":{"start":{"line":10,"column":15},"end":{"line":10,"column":18}},"10":{"start":{"line":10,"column":20},"end":{"line":10,"column":24}},"11":{"start":{"line":10,"column":26},"end":{"line":10,"column":31}},"12":{"start":{"line":11,"column":18},"end":{"line":11,"column":34}},"13":{"start":{"line":12,"column":16},"end":{"line":12,"column":36}},"14":{"start":{"line":13,"column":19},"end":{"line":13,"column":48}},"15":{"start":{"line":15,"column":4},"end":{"line":19,"column":6}}},"fnMap":{"0":{"name":"(anonymous_0)","decl":{"start":{"line":9,"column":33},"end":{"line":9,"column":34}},"loc":{"start":{"line":9,"column":62},"end":{"line":20,"column":1}}}},"branchMap":{},"s":{"0":1,"1":1,"2":1,"3":1,"4":1,"5":0,"6":0,"7":0,"8":0,"9":0,"10":0,"11":0,"12":0,"13":0,"14":0,"15":0},"f":{"0":0},"b":{}}
,"/Users/balov/WebstormProjects/test-task-for-dmytro-haponov/client/src/components/contacts-manager/edit-contact-window/index.ts": {"path":"/Users/balov/WebstormProjects/test-task-for-dmytro-haponov/client/src/components/contacts-manager/edit-contact-window/index.ts","statementMap":{"0":{"start":{"line":1,"column":0},"end":{"line":1,"column":8}},"1":{"start":{"line":3,"column":8},"end":{"line":1,"column":54}},"2":{"start":{"line":4,"column":0},"end":{"line":4,"column":33}}},"fnMap":{},"branchMap":{},"s":{"0":1,"1":1,"2":1},"f":{},"b":{}}
,"/Users/balov/WebstormProjects/test-task-for-dmytro-haponov/client/src/components/contacts-manager/edit-contact-window/utils.ts": {"path":"/Users/balov/WebstormProjects/test-task-for-dmytro-haponov/client/src/components/contacts-manager/edit-contact-window/utils.ts","statementMap":{"0":{"start":{"line":6,"column":13},"end":{"line":10,"column":6}},"1":{"start":{"line":7,"column":4},"end":{"line":10,"column":6}},"2":{"start":{"line":8,"column":8},"end":{"line":8,"column":30}},"3":{"start":{"line":9,"column":8},"end":{"line":9,"column":16}}},"fnMap":{"0":{"name":"(anonymous_0)","decl":{"start":{"line":6,"column":28},"end":{"line":6,"column":29}},"loc":{"start":{"line":6,"column":69},"end":{"line":7,"column":5}}},"1":{"name":"(anonymous_1)","decl":{"start":{"line":7,"column":4},"end":{"line":7,"column":5}},"loc":{"start":{"line":7,"column":23},"end":{"line":10,"column":5}}}},"branchMap":{},"s":{"0":1,"1":0,"2":0,"3":0},"f":{"0":0,"1":0},"b":{}}
,"/Users/balov/WebstormProjects/test-task-for-dmytro-haponov/client/src/components/contacts-manager/list/DataProvider.tsx": {"path":"/Users/balov/WebstormProjects/test-task-for-dmytro-haponov/client/src/components/contacts-manager/list/DataProvider.tsx","statementMap":{"0":{"start":{"line":1,"column":0},"end":{"line":1,"column":31}},"1":{"start":{"line":9,"column":13},"end":{"line":13,"column":2}},"2":{"start":{"line":9,"column":30},"end":{"line":9,"column":38}},"3":{"start":{"line":9,"column":40},"end":{"line":9,"column":53}},"4":{"start":{"line":10,"column":4},"end":{"line":10,"column":47}},"5":{"start":{"line":10,"column":26},"end":{"line":10,"column":43}},"6":{"start":{"line":12,"column":4},"end":{"line":12,"column":20}}},"fnMap":{"0":{"name":"(anonymous_0)","decl":{"start":{"line":9,"column":28},"end":{"line":9,"column":29}},"loc":{"start":{"line":9,"column":60},"end":{"line":13,"column":1}}},"1":{"name":"(anonymous_1)","decl":{"start":{"line":10,"column":20},"end":{"line":10,"column":26}},"loc":{"start":{"line":10,"column":20},"end":{"line":10,"column":39}}}},"branchMap":{},"s":{"0":3,"1":3,"2":0,"3":0,"4":0,"5":0,"6":0},"f":{"0":0,"1":0},"b":{}}
,"/Users/balov/WebstormProjects/test-task-for-dmytro-haponov/client/src/components/contacts-manager/list/List.tsx": {"path":"/Users/balov/WebstormProjects/test-task-for-dmytro-haponov/client/src/components/contacts-manager/list/List.tsx","statementMap":{"0":{"start":{"line":1,"column":0},"end":{"line":1,"column":31}},"1":{"start":{"line":2,"column":0},"end":{"line":2,"column":61}},"2":{"start":{"line":4,"column":0},"end":{"line":4,"column":34}},"3":{"start":{"line":6,"column":0},"end":{"line":6,"column":35}},"4":{"start":{"line":7,"column":0},"end":{"line":7,"column":44}},"5":{"start":{"line":9,"column":13},"end":{"line":25,"column":2}},"6":{"start":{"line":10,"column":24},"end":{"line":10,"column":45}},"7":{"start":{"line":11,"column":26},"end":{"line":11,"column":37}},"8":{"start":{"line":11,"column":32},"end":{"line":11,"column":69}},"9":{"start":{"line":13,"column":4},"end":{"line":24,"column":6}},"10":{"start":{"line":27,"column":17},"end":{"line":40,"column":1}},"11":{"start":{"line":27,"column":19},"end":{"line":27,"column":26}},"12":{"start":{"line":27,"column":28},"end":{"line":27,"column":37}},"13":{"start":{"line":27,"column":39},"end":{"line":27,"column":47}},"14":{"start":{"line":27,"column":49},"end":{"line":27,"column":60}},"15":{"start":{"line":28,"column":19},"end":{"line":28,"column":43}},"16":{"start":{"line":30,"column":4},"end":{"line":39,"column":6}},"17":{"start":{"line":42,"column":14},"end":{"line":52,"column":1}},"18":{"start":{"line":42,"column":16},"end":{"line":42,"column":24}},"19":{"start":{"line":42,"column":26},"end":{"line":42,"column":45}},"20":{"start":{"line":43,"column":19},"end":{"line":44,"column":9}},"21":{"start":{"line":44,"column":8},"end":{"line":47,"column":56}},"22":{"start":{"line":49,"column":18},"end":{"line":49,"column":38}},"23":{"start":{"line":51,"column":4},"end":{"line":51,"column":24}},"24":{"start":{"line":54,"column":13},"end":{"line":55,"column":5}},"25":{"start":{"line":54,"column":15},"end":{"line":54,"column":22}},"26":{"start":{"line":54,"column":24},"end":{"line":54,"column":43}},"27":{"start":{"line":55,"column":4},"end":{"line":57,"column":52}},"28":{"start":{"line":59,"column":15},"end":{"line":60,"column":9}},"29":{"start":{"line":60,"column":4},"end":{"line":62,"column":11}}},"fnMap":{"0":{"name":"(anonymous_0)","decl":{"start":{"line":9,"column":20},"end":{"line":9,"column":21}},"loc":{"start":{"line":9,"column":34},"end":{"line":25,"column":1}}},"1":{"name":"(anonymous_1)","decl":{"start":{"line":11,"column":26},"end":{"line":11,"column":32}},"loc":{"start":{"line":11,"column":26},"end":{"line":11,"column":37}}},"2":{"name":"(anonymous_2)","decl":{"start":{"line":27,"column":17},"end":{"line":27,"column":18}},"loc":{"start":{"line":27,"column":77},"end":{"line":40,"column":1}}},"3":{"name":"(anonymous_3)","decl":{"start":{"line":42,"column":14},"end":{"line":42,"column":15}},"loc":{"start":{"line":42,"column":59},"end":{"line":52,"column":1}}},"4":{"name":"(anonymous_4)","decl":{"start":{"line":43,"column":19},"end":{"line":43,"column":26}},"loc":{"start":{"line":43,"column":26},"end":{"line":44,"column":9}}},"5":{"name":"(anonymous_5)","decl":{"start":{"line":54,"column":13},"end":{"line":54,"column":14}},"loc":{"start":{"line":54,"column":56},"end":{"line":55,"column":5}}},"6":{"name":"(anonymous_6)","decl":{"start":{"line":59,"column":15},"end":{"line":59,"column":null}},"loc":{"start":{"line":59,"column":15},"end":{"line":60,"column":9}}}},"branchMap":{},"s":{"0":3,"1":3,"2":3,"3":3,"4":3,"5":3,"6":0,"7":0,"8":0,"9":0,"10":3,"11":0,"12":0,"13":0,"14":0,"15":0,"16":0,"17":3,"18":0,"19":0,"20":0,"21":0,"22":0,"23":0,"24":3,"25":0,"26":0,"27":0,"28":3,"29":0},"f":{"0":0,"1":0,"2":0,"3":0,"4":0,"5":0,"6":0},"b":{}}
,"/Users/balov/WebstormProjects/test-task-for-dmytro-haponov/client/src/components/contacts-manager/list/index.ts": {"path":"/Users/balov/WebstormProjects/test-task-for-dmytro-haponov/client/src/components/contacts-manager/list/index.ts","statementMap":{"0":{"start":{"line":1,"column":0},"end":{"line":1,"column":8}},"1":{"start":{"line":3,"column":8},"end":{"line":1,"column":28}},"2":{"start":{"line":4,"column":0},"end":{"line":4,"column":20}}},"fnMap":{},"branchMap":{},"s":{"0":3,"1":3,"2":3},"f":{},"b":{}}
,"/Users/balov/WebstormProjects/test-task-for-dmytro-haponov/client/src/components/cover/Cover.tsx": {"path":"/Users/balov/WebstormProjects/test-task-for-dmytro-haponov/client/src/components/cover/Cover.tsx","statementMap":{"0":{"start":{"line":1,"column":0},"end":{"line":1,"column":31}},"1":{"start":{"line":2,"column":0},"end":{"line":2,"column":38}},"2":{"start":{"line":4,"column":0},"end":{"line":4,"column":30}},"3":{"start":{"line":6,"column":0},"end":{"line":6,"column":35}},"4":{"start":{"line":8,"column":13},"end":{"line":13,"column":11}},"5":{"start":{"line":9,"column":4},"end":{"line":13,"column":11}},"6":{"start":{"line":15,"column":12},"end":{"line":16,"column":9}},"7":{"start":{"line":16,"column":4},"end":{"line":16,"column":31}},"8":{"start":{"line":18,"column":15},"end":{"line":19,"column":8}},"9":{"start":{"line":19,"column":4},"end":{"line":21,"column":10}},"10":{"start":{"line":23,"column":17},"end":{"line":24,"column":5}},"11":{"start":{"line":24,"column":4},"end":{"line":26,"column":12}}},"fnMap":{"0":{"name":"(anonymous_0)","decl":{"start":{"line":8,"column":21},"end":{"line":8,"column":null}},"loc":{"start":{"line":8,"column":21},"end":{"line":9,"column":9}}},"1":{"name":"(anonymous_1)","decl":{"start":{"line":15,"column":12},"end":{"line":15,"column":null}},"loc":{"start":{"line":15,"column":12},"end":{"line":16,"column":9}}},"2":{"name":"(anonymous_2)","decl":{"start":{"line":18,"column":15},"end":{"line":18,"column":null}},"loc":{"start":{"line":18,"column":15},"end":{"line":19,"column":8}}},"3":{"name":"(anonymous_3)","decl":{"start":{"line":23,"column":17},"end":{"line":23,"column":null}},"loc":{"start":{"line":23,"column":17},"end":{"line":24,"column":5}}}},"branchMap":{},"s":{"0":2,"1":2,"2":2,"3":2,"4":2,"5":1,"6":2,"7":0,"8":2,"9":0,"10":2,"11":0},"f":{"0":1,"1":0,"2":0,"3":0},"b":{}}
,"/Users/balov/WebstormProjects/test-task-for-dmytro-haponov/client/src/components/cover/index.ts": {"path":"/Users/balov/WebstormProjects/test-task-for-dmytro-haponov/client/src/components/cover/index.ts","statementMap":{"0":{"start":{"line":1,"column":0},"end":{"line":1,"column":8}},"1":{"start":{"line":3,"column":8},"end":{"line":1,"column":30}},"2":{"start":{"line":4,"column":0},"end":{"line":4,"column":21}}},"fnMap":{},"branchMap":{},"s":{"0":1,"1":1,"2":1},"f":{},"b":{}}
,"/Users/balov/WebstormProjects/test-task-for-dmytro-haponov/client/src/components/fader/Fader.tsx": {"path":"/Users/balov/WebstormProjects/test-task-for-dmytro-haponov/client/src/components/fader/Fader.tsx","statementMap":{"0":{"start":{"line":1,"column":0},"end":{"line":1,"column":31}},"1":{"start":{"line":2,"column":0},"end":{"line":2,"column":34}},"2":{"start":{"line":4,"column":13},"end":{"line":5,"column":42}},"3":{"start":{"line":4,"column":23},"end":{"line":4,"column":31}},"4":{"start":{"line":5,"column":4},"end":{"line":5,"column":42}}},"fnMap":{"0":{"name":"(anonymous_0)","decl":{"start":{"line":4,"column":21},"end":{"line":4,"column":22}},"loc":{"start":{"line":4,"column":32},"end":{"line":5,"column":5}}}},"branchMap":{},"s":{"0":11,"1":11,"2":11,"3":9,"4":9},"f":{"0":9},"b":{}}
,"/Users/balov/WebstormProjects/test-task-for-dmytro-haponov/client/src/components/fader/index.ts": {"path":"/Users/balov/WebstormProjects/test-task-for-dmytro-haponov/client/src/components/fader/index.ts","statementMap":{"0":{"start":{"line":1,"column":0},"end":{"line":1,"column":8}},"1":{"start":{"line":3,"column":8},"end":{"line":1,"column":30}},"2":{"start":{"line":4,"column":0},"end":{"line":4,"column":21}}},"fnMap":{},"branchMap":{},"s":{"0":10,"1":10,"2":10},"f":{},"b":{}}
,"/Users/balov/WebstormProjects/test-task-for-dmytro-haponov/client/src/components/header/Header.tsx": {"path":"/Users/balov/WebstormProjects/test-task-for-dmytro-haponov/client/src/components/header/Header.tsx","statementMap":{"0":{"start":{"line":1,"column":0},"end":{"line":1,"column":31}},"1":{"start":{"line":3,"column":0},"end":{"line":3,"column":34}},"2":{"start":{"line":4,"column":0},"end":{"line":4,"column":36}},"3":{"start":{"line":6,"column":0},"end":{"line":6,"column":36}},"4":{"start":{"line":13,"column":13},"end":{"line":19,"column":11}},"5":{"start":{"line":14,"column":4},"end":{"line":19,"column":11}}},"fnMap":{"0":{"name":"(anonymous_0)","decl":{"start":{"line":13,"column":22},"end":{"line":13,"column":23}},"loc":{"start":{"line":13,"column":34},"end":{"line":14,"column":9}}}},"branchMap":{},"s":{"0":3,"1":3,"2":3,"3":3,"4":3,"5":1},"f":{"0":1},"b":{}}
,"/Users/balov/WebstormProjects/test-task-for-dmytro-haponov/client/src/components/header/LeftBar.tsx": {"path":"/Users/balov/WebstormProjects/test-task-for-dmytro-haponov/client/src/components/header/LeftBar.tsx","statementMap":{"0":{"start":{"line":1,"column":0},"end":{"line":1,"column":31}},"1":{"start":{"line":2,"column":0},"end":{"line":2,"column":38}},"2":{"start":{"line":4,"column":0},"end":{"line":4,"column":30}},"3":{"start":{"line":6,"column":0},"end":{"line":6,"column":37}},"4":{"start":{"line":8,"column":13},"end":{"line":11,"column":11}},"5":{"start":{"line":9,"column":4},"end":{"line":11,"column":11}},"6":{"start":{"line":13,"column":13},"end":{"line":14,"column":5}},"7":{"start":{"line":14,"column":4},"end":{"line":16,"column":12}}},"fnMap":{"0":{"name":"(anonymous_0)","decl":{"start":{"line":8,"column":23},"end":{"line":8,"column":null}},"loc":{"start":{"line":8,"column":23},"end":{"line":9,"column":9}}},"1":{"name":"(anonymous_1)","decl":{"start":{"line":13,"column":13},"end":{"line":13,"column":null}},"loc":{"start":{"line":13,"column":13},"end":{"line":14,"column":5}}}},"branchMap":{},"s":{"0":4,"1":4,"2":4,"3":4,"4":4,"5":1,"6":4,"7":0},"f":{"0":1,"1":0},"b":{}}
,"/Users/balov/WebstormProjects/test-task-for-dmytro-haponov/client/src/components/header/RightBar.tsx": {"path":"/Users/balov/WebstormProjects/test-task-for-dmytro-haponov/client/src/components/header/RightBar.tsx","statementMap":{"0":{"start":{"line":1,"column":0},"end":{"line":1,"column":31}},"1":{"start":{"line":2,"column":0},"end":{"line":2,"column":36}},"2":{"start":{"line":4,"column":0},"end":{"line":4,"column":38}},"3":{"start":{"line":11,"column":13},"end":{"line":16,"column":11}},"4":{"start":{"line":12,"column":4},"end":{"line":16,"column":11}},"5":{"start":{"line":18,"column":12},"end":{"line":26,"column":1}},"6":{"start":{"line":18,"column":14},"end":{"line":18,"column":21}},"7":{"start":{"line":18,"column":23},"end":{"line":18,"column":31}},"8":{"start":{"line":18,"column":33},"end":{"line":18,"column":42}},"9":{"start":{"line":19,"column":23},"end":{"line":19,"column":53}},"10":{"start":{"line":21,"column":4},"end":{"line":25,"column":6}},"11":{"start":{"line":28,"column":17},"end":{"line":29,"column":5}},"12":{"start":{"line":28,"column":19},"end":{"line":28,"column":26}},"13":{"start":{"line":29,"column":4},"end":{"line":31,"column":11}},"14":{"start":{"line":33,"column":15},"end":{"line":34,"column":5}},"15":{"start":{"line":33,"column":17},"end":{"line":33,"column":24}},"16":{"start":{"line":34,"column":4},"end":{"line":36,"column":11}},"17":{"start":{"line":38,"column":17},"end":{"line":39,"column":5}},"18":{"start":{"line":39,"column":4},"end":{"line":41,"column":11}}},"fnMap":{"0":{"name":"(anonymous_0)","decl":{"start":{"line":11,"column":24},"end":{"line":11,"column":25}},"loc":{"start":{"line":11,"column":36},"end":{"line":12,"column":9}}},"1":{"name":"(anonymous_1)","decl":{"start":{"line":18,"column":12},"end":{"line":18,"column":13}},"loc":{"start":{"line":18,"column":43},"end":{"line":26,"column":1}}},"2":{"name":"(anonymous_2)","decl":{"start":{"line":28,"column":17},"end":{"line":28,"column":18}},"loc":{"start":{"line":28,"column":27},"end":{"line":29,"column":5}}},"3":{"name":"(anonymous_3)","decl":{"start":{"line":33,"column":15},"end":{"line":33,"column":16}},"loc":{"start":{"line":33,"column":25},"end":{"line":34,"column":5}}},"4":{"name":"(anonymous_4)","decl":{"start":{"line":38,"column":17},"end":{"line":38,"column":null}},"loc":{"start":{"line":38,"column":17},"end":{"line":39,"column":5}}},"5":{"name":"(anonymous_5)","decl":{"start":{"line":39,"column":18},"end":{"line":39,"column":23}},"loc":{"start":{"line":39,"column":18},"end":{"line":39,"column":24}}}},"branchMap":{},"s":{"0":4,"1":4,"2":4,"3":4,"4":2,"5":4,"6":3,"7":3,"8":3,"9":3,"10":3,"11":4,"12":1,"13":1,"14":4,"15":1,"16":1,"17":4,"18":1},"f":{"0":2,"1":3,"2":1,"3":1,"4":1,"5":0},"b":{}}
,"/Users/balov/WebstormProjects/test-task-for-dmytro-haponov/client/src/components/header/index.ts": {"path":"/Users/balov/WebstormProjects/test-task-for-dmytro-haponov/client/src/components/header/index.ts","statementMap":{"0":{"start":{"line":1,"column":0},"end":{"line":1,"column":8}},"1":{"start":{"line":3,"column":8},"end":{"line":1,"column":32}},"2":{"start":{"line":4,"column":0},"end":{"line":4,"column":22}}},"fnMap":{},"branchMap":{},"s":{"0":2,"1":2,"2":2},"f":{},"b":{}}
,"/Users/balov/WebstormProjects/test-task-for-dmytro-haponov/client/src/components/login-window/LoginWindow.tsx": {"path":"/Users/balov/WebstormProjects/test-task-for-dmytro-haponov/client/src/components/login-window/LoginWindow.tsx","statementMap":{"0":{"start":{"line":1,"column":0},"end":{"line":1,"column":31}},"1":{"start":{"line":3,"column":0},"end":{"line":3,"column":53}},"2":{"start":{"line":9,"column":13},"end":{"line":12,"column":19}},"3":{"start":{"line":9,"column":29},"end":{"line":9,"column":34}},"4":{"start":{"line":10,"column":4},"end":{"line":12,"column":19}}},"fnMap":{"0":{"name":"(anonymous_0)","decl":{"start":{"line":9,"column":27},"end":{"line":9,"column":28}},"loc":{"start":{"line":9,"column":41},"end":{"line":10,"column":5}}}},"branchMap":{},"s":{"0":4,"1":4,"2":4,"3":3,"4":3},"f":{"0":3},"b":{}}
,"/Users/balov/WebstormProjects/test-task-for-dmytro-haponov/client/src/components/login-window/index.ts": {"path":"/Users/balov/WebstormProjects/test-task-for-dmytro-haponov/client/src/components/login-window/index.ts","statementMap":{"0":{"start":{"line":1,"column":0},"end":{"line":1,"column":8}},"1":{"start":{"line":3,"column":8},"end":{"line":1,"column":42}},"2":{"start":{"line":4,"column":0},"end":{"line":4,"column":27}}},"fnMap":{},"branchMap":{},"s":{"0":3,"1":3,"2":3},"f":{},"b":{}}
,"/Users/balov/WebstormProjects/test-task-for-dmytro-haponov/client/src/components/modal-window/ModalWindow.tsx": {"path":"/Users/balov/WebstormProjects/test-task-for-dmytro-haponov/client/src/components/modal-window/ModalWindow.tsx","statementMap":{"0":{"start":{"line":1,"column":0},"end":{"line":1,"column":31}},"1":{"start":{"line":3,"column":0},"end":{"line":3,"column":40}},"2":{"start":{"line":5,"column":0},"end":{"line":5,"column":41}},"3":{"start":{"line":24,"column":13},"end":{"line":37,"column":2}},"4":{"start":{"line":24,"column":29},"end":{"line":24,"column":34}},"5":{"start":{"line":24,"column":36},"end":{"line":24,"column":41}},"6":{"start":{"line":24,"column":43},"end":{"line":24,"column":51}},"7":{"start":{"line":25,"column":27},"end":{"line":25,"column":54}},"8":{"start":{"line":27,"column":4},"end":{"line":36,"column":6}},"9":{"start":{"line":39,"column":13},"end":{"line":40,"column":9}},"10":{"start":{"line":39,"column":15},"end":{"line":39,"column":20}},"11":{"start":{"line":39,"column":22},"end":{"line":39,"column":27}},"12":{"start":{"line":40,"column":4},"end":{"line":43,"column":11}},"13":{"start":{"line":45,"column":17},"end":{"line":46,"column":9}},"14":{"start":{"line":45,"column":19},"end":{"line":45,"column":24}},"15":{"start":{"line":46,"column":4},"end":{"line":48,"column":11}},"16":{"start":{"line":50,"column":29},"end":{"line":51,"column":5}},"17":{"start":{"line":51,"column":4},"end":{"line":55,"column":6}},"18":{"start":{"line":51,"column":6},"end":{"line":51,"column":12}},"19":{"start":{"line":52,"column":23},"end":{"line":52,"column":58}},"20":{"start":{"line":54,"column":8},"end":{"line":54,"column":28}},"21":{"start":{"line":54,"column":20},"end":{"line":54,"column":28}}},"fnMap":{"0":{"name":"(anonymous_0)","decl":{"start":{"line":24,"column":27},"end":{"line":24,"column":28}},"loc":{"start":{"line":24,"column":58},"end":{"line":37,"column":1}}},"1":{"name":"(anonymous_1)","decl":{"start":{"line":39,"column":13},"end":{"line":39,"column":14}},"loc":{"start":{"line":39,"column":38},"end":{"line":40,"column":9}}},"2":{"name":"(anonymous_2)","decl":{"start":{"line":45,"column":17},"end":{"line":45,"column":18}},"loc":{"start":{"line":45,"column":39},"end":{"line":46,"column":9}}},"3":{"name":"(anonymous_3)","decl":{"start":{"line":50,"column":29},"end":{"line":50,"column":30}},"loc":{"start":{"line":50,"column":41},"end":{"line":51,"column":5}}},"4":{"name":"(anonymous_4)","decl":{"start":{"line":51,"column":4},"end":{"line":51,"column":5}},"loc":{"start":{"line":51,"column":13},"end":{"line":55,"column":5}}}},"branchMap":{"0":{"loc":{"start":{"line":54,"column":8},"end":{"line":54,"column":28}},"type":"if","locations":[{"start":{"line":54,"column":8},"end":{"line":54,"column":28}},{"start":{"line":54,"column":8},"end":{"line":54,"column":28}}]}},"s":{"0":9,"1":9,"2":9,"3":9,"4":9,"5":9,"6":9,"7":9,"8":9,"9":9,"10":8,"11":8,"12":8,"13":9,"14":8,"15":8,"16":9,"17":9,"18":8,"19":8,"20":8,"21":4},"f":{"0":9,"1":8,"2":8,"3":9,"4":8},"b":{"0":[4,4]}}
,"/Users/balov/WebstormProjects/test-task-for-dmytro-haponov/client/src/components/modal-window/SubmitBtn.tsx": {"path":"/Users/balov/WebstormProjects/test-task-for-dmytro-haponov/client/src/components/modal-window/SubmitBtn.tsx","statementMap":{"0":{"start":{"line":1,"column":0},"end":{"line":1,"column":31}},"1":{"start":{"line":2,"column":0},"end":{"line":2,"column":36}},"2":{"start":{"line":4,"column":0},"end":{"line":4,"column":52}},"3":{"start":{"line":11,"column":13},"end":{"line":20,"column":2}},"4":{"start":{"line":11,"column":27},"end":{"line":11,"column":33}},"5":{"start":{"line":11,"column":35},"end":{"line":11,"column":46}},"6":{"start":{"line":12,"column":21},"end":{"line":12,"column":38}},"7":{"start":{"line":12,"column":27},"end":{"line":12,"column":51}},"8":{"start":{"line":14,"column":22},"end":{"line":17,"column":7}},"9":{"start":{"line":19,"column":4},"end":{"line":19,"column":70}}},"fnMap":{"0":{"name":"(anonymous_0)","decl":{"start":{"line":11,"column":25},"end":{"line":11,"column":26}},"loc":{"start":{"line":11,"column":53},"end":{"line":20,"column":1}}},"1":{"name":"(anonymous_1)","decl":{"start":{"line":12,"column":21},"end":{"line":12,"column":27}},"loc":{"start":{"line":12,"column":21},"end":{"line":12,"column":38}}}},"branchMap":{"0":{"loc":{"start":{"line":12,"column":27},"end":{"line":12,"column":38}},"type":"binary-expr","locations":[{"start":{"line":12,"column":27},"end":{"line":12,"column":38}},{"start":{"line":12,"column":42},"end":{"line":12,"column":50}}]}},"s":{"0":9,"1":9,"2":9,"3":9,"4":11,"5":11,"6":11,"7":2,"8":11,"9":11},"f":{"0":11,"1":2},"b":{"0":[2,1]}}
,"/Users/balov/WebstormProjects/test-task-for-dmytro-haponov/client/src/components/modal-window/index.ts": {"path":"/Users/balov/WebstormProjects/test-task-for-dmytro-haponov/client/src/components/modal-window/index.ts","statementMap":{"0":{"start":{"line":1,"column":0},"end":{"line":1,"column":8}},"1":{"start":{"line":3,"column":8},"end":{"line":1,"column":42}},"2":{"start":{"line":4,"column":0},"end":{"line":4,"column":27}},"3":{"start":{"line":6,"column":0},"end":{"line":6,"column":8}},"4":{"start":{"line":6,"column":8},"end":{"line":6,"column":38}}},"fnMap":{},"branchMap":{},"s":{"0":8,"1":8,"2":8,"3":8,"4":8},"f":{},"b":{}}
,"/Users/balov/WebstormProjects/test-task-for-dmytro-haponov/client/src/components/page-preloader/PagePreloader.tsx": {"path":"/Users/balov/WebstormProjects/test-task-for-dmytro-haponov/client/src/components/page-preloader/PagePreloader.tsx","statementMap":{"0":{"start":{"line":1,"column":0},"end":{"line":1,"column":31}},"1":{"start":{"line":3,"column":0},"end":{"line":3,"column":43}},"2":{"start":{"line":5,"column":13},"end":{"line":8,"column":11}},"3":{"start":{"line":6,"column":4},"end":{"line":8,"column":11}}},"fnMap":{"0":{"name":"(anonymous_0)","decl":{"start":{"line":5,"column":29},"end":{"line":5,"column":null}},"loc":{"start":{"line":5,"column":29},"end":{"line":6,"column":9}}}},"branchMap":{},"s":{"0":10,"1":10,"2":10,"3":1},"f":{"0":1},"b":{}}
,"/Users/balov/WebstormProjects/test-task-for-dmytro-haponov/client/src/components/page-preloader/index.ts": {"path":"/Users/balov/WebstormProjects/test-task-for-dmytro-haponov/client/src/components/page-preloader/index.ts","statementMap":{"0":{"start":{"line":1,"column":0},"end":{"line":1,"column":8}},"1":{"start":{"line":3,"column":8},"end":{"line":1,"column":46}},"2":{"start":{"line":4,"column":0},"end":{"line":4,"column":29}}},"fnMap":{},"branchMap":{},"s":{"0":9,"1":9,"2":9},"f":{},"b":{}}
,"/Users/balov/WebstormProjects/test-task-for-dmytro-haponov/client/src/components/reg-window/RegWindow.tsx": {"path":"/Users/balov/WebstormProjects/test-task-for-dmytro-haponov/client/src/components/reg-window/RegWindow.tsx","statementMap":{"0":{"start":{"line":1,"column":0},"end":{"line":1,"column":31}},"1":{"start":{"line":3,"column":0},"end":{"line":3,"column":43}},"2":{"start":{"line":4,"column":0},"end":{"line":4,"column":45}},"3":{"start":{"line":5,"column":0},"end":{"line":5,"column":64}},"4":{"start":{"line":8,"column":0},"end":{"line":8,"column":33}},"5":{"start":{"line":9,"column":0},"end":{"line":9,"column":39}},"6":{"start":{"line":11,"column":7},"end":{"line":11,"column":15}},"7":{"start":{"line":11,"column":17},"end":{"line":11,"column":26}},"8":{"start":{"line":11,"column":28},"end":{"line":11,"column":39}},"9":{"start":{"line":13,"column":13},"end":{"line":16,"column":19}},"10":{"start":{"line":13,"column":27},"end":{"line":13,"column":32}},"11":{"start":{"line":14,"column":4},"end":{"line":16,"column":19}},"12":{"start":{"line":18,"column":13},"end":{"line":87,"column":1}},"13":{"start":{"line":18,"column":15},"end":{"line":18,"column":20}},"14":{"start":{"line":19,"column":10},"end":{"line":19,"column":11}},"15":{"start":{"line":19,"column":11},"end":{"line":19,"column":15}},"16":{"start":{"line":19,"column":17},"end":{"line":19,"column":40}},"17":{"start":{"line":20,"column":10},"end":{"line":20,"column":11}},"18":{"start":{"line":20,"column":11},"end":{"line":20,"column":15}},"19":{"start":{"line":20,"column":17},"end":{"line":20,"column":40}},"20":{"start":{"line":21,"column":10},"end":{"line":21,"column":11}},"21":{"start":{"line":21,"column":11},"end":{"line":21,"column":16}},"22":{"start":{"line":21,"column":18},"end":{"line":21,"column":42}},"23":{"start":{"line":22,"column":10},"end":{"line":22,"column":11}},"24":{"start":{"line":22,"column":11},"end":{"line":22,"column":18}},"25":{"start":{"line":22,"column":20},"end":{"line":22,"column":48}},"26":{"start":{"line":24,"column":20},"end":{"line":24,"column":38}},"27":{"start":{"line":24,"column":37},"end":{"line":24,"column":61}},"28":{"start":{"line":26,"column":19},"end":{"line":33,"column":6}},"29":{"start":{"line":27,"column":14},"end":{"line":27,"column":31}},"30":{"start":{"line":28,"column":21},"end":{"line":28,"column":null}},"31":{"start":{"line":28,"column":14},"end":{"line":28,"column":null}},"32":{"start":{"line":30,"column":8},"end":{"line":30,"column":47}},"33":{"start":{"line":32,"column":8},"end":{"line":32,"column":16}},"34":{"start":{"line":35,"column":22},"end":{"line":35,"column":36}},"35":{"start":{"line":35,"column":24},"end":{"line":35,"column":27}},"36":{"start":{"line":35,"column":33},"end":{"line":35,"column":61}},"37":{"start":{"line":36,"column":25},"end":{"line":36,"column":46}},"38":{"start":{"line":36,"column":27},"end":{"line":36,"column":33}},"39":{"start":{"line":36,"column":39},"end":{"line":36,"column":67}},"40":{"start":{"line":37,"column":25},"end":{"line":37,"column":46}},"41":{"start":{"line":37,"column":27},"end":{"line":37,"column":33}},"42":{"start":{"line":37,"column":39},"end":{"line":37,"column":67}},"43":{"start":{"line":38,"column":26},"end":{"line":38,"column":48}},"44":{"start":{"line":38,"column":28},"end":{"line":38,"column":34}},"45":{"start":{"line":38,"column":40},"end":{"line":38,"column":69}},"46":{"start":{"line":40,"column":26},"end":{"line":45,"column":21}},"47":{"start":{"line":41,"column":25},"end":{"line":41,"column":34}},"48":{"start":{"line":42,"column":24},"end":{"line":42,"column":53}},"49":{"start":{"line":44,"column":8},"end":{"line":44,"column":28}},"50":{"start":{"line":47,"column":4},"end":{"line":49,"column":22}},"51":{"start":{"line":48,"column":8},"end":{"line":48,"column":24}},"52":{"start":{"line":51,"column":4},"end":{"line":86,"column":6}},"53":{"start":{"line":89,"column":13},"end":{"line":90,"column":9}},"54":{"start":{"line":89,"column":15},"end":{"line":89,"column":21}},"55":{"start":{"line":89,"column":23},"end":{"line":89,"column":34}},"56":{"start":{"line":90,"column":4},"end":{"line":92,"column":11}}},"fnMap":{"0":{"name":"(anonymous_13)","decl":{"start":{"line":13,"column":25},"end":{"line":13,"column":26}},"loc":{"start":{"line":13,"column":41},"end":{"line":14,"column":5}}},"1":{"name":"(anonymous_14)","decl":{"start":{"line":18,"column":13},"end":{"line":18,"column":14}},"loc":{"start":{"line":18,"column":33},"end":{"line":87,"column":1}}},"2":{"name":"(anonymous_15)","decl":{"start":{"line":24,"column":20},"end":{"line":24,"column":37}},"loc":{"start":{"line":24,"column":20},"end":{"line":24,"column":38}}},"3":{"name":"(anonymous_16)","decl":{"start":{"line":26,"column":19},"end":{"line":26,"column":null}},"loc":{"start":{"line":26,"column":19},"end":{"line":33,"column":6}}},"4":{"name":"(anonymous_19)","decl":{"start":{"line":35,"column":22},"end":{"line":35,"column":23}},"loc":{"start":{"line":35,"column":28},"end":{"line":35,"column":36}}},"5":{"name":"(anonymous_20)","decl":{"start":{"line":36,"column":25},"end":{"line":36,"column":26}},"loc":{"start":{"line":36,"column":34},"end":{"line":36,"column":46}}},"6":{"name":"(anonymous_21)","decl":{"start":{"line":37,"column":25},"end":{"line":37,"column":26}},"loc":{"start":{"line":37,"column":34},"end":{"line":37,"column":46}}},"7":{"name":"(anonymous_22)","decl":{"start":{"line":38,"column":26},"end":{"line":38,"column":27}},"loc":{"start":{"line":38,"column":35},"end":{"line":38,"column":48}}},"8":{"name":"(anonymous_23)","decl":{"start":{"line":40,"column":38},"end":{"line":40,"column":null}},"loc":{"start":{"line":40,"column":38},"end":{"line":45,"column":5}}},"9":{"name":"(anonymous_24)","decl":{"start":{"line":47,"column":14},"end":{"line":47,"column":null}},"loc":{"start":{"line":47,"column":14},"end":{"line":49,"column":5}}},"10":{"name":"(anonymous_25)","decl":{"start":{"line":89,"column":13},"end":{"line":89,"column":14}},"loc":{"start":{"line":89,"column":47},"end":{"line":90,"column":9}}}},"branchMap":{"0":{"loc":{"start":{"line":35,"column":33},"end":{"line":35,"column":48}},"type":"binary-expr","locations":[{"start":{"line":35,"column":33},"end":{"line":35,"column":48}},{"start":{"line":35,"column":52},"end":{"line":35,"column":60}}]},"1":{"loc":{"start":{"line":36,"column":47},"end":{"line":36,"column":59}},"type":"binary-expr","locations":[{"start":{"line":36,"column":47},"end":{"line":36,"column":59}},{"start":{"line":36,"column":63},"end":{"line":36,"column":65}}]},"2":{"loc":{"start":{"line":37,"column":47},"end":{"line":37,"column":59}},"type":"binary-expr","locations":[{"start":{"line":37,"column":47},"end":{"line":37,"column":59}},{"start":{"line":37,"column":63},"end":{"line":37,"column":65}}]},"3":{"loc":{"start":{"line":38,"column":49},"end":{"line":38,"column":61}},"type":"binary-expr","locations":[{"start":{"line":38,"column":49},"end":{"line":38,"column":61}},{"start":{"line":38,"column":65},"end":{"line":38,"column":67}}]}},"s":{"0":4,"1":4,"2":4,"3":4,"4":4,"5":4,"6":4,"7":4,"8":4,"9":4,"10":3,"11":3,"12":4,"13":4,"14":4,"15":4,"16":4,"17":4,"18":4,"19":4,"20":4,"21":4,"22":4,"23":4,"24":4,"25":4,"26":4,"27":2,"28":4,"29":0,"30":0,"31":0,"32":0,"33":0,"34":4,"35":0,"36":0,"37":4,"38":0,"39":0,"40":4,"41":0,"42":0,"43":4,"44":0,"45":0,"46":4,"47":2,"48":2,"49":2,"50":4,"51":2,"52":4,"53":4,"54":4,"55":4,"56":4},"f":{"0":3,"1":4,"2":2,"3":0,"4":0,"5":0,"6":0,"7":0,"8":2,"9":2,"10":4},"b":{"0":[0,0],"1":[0,0],"2":[0,0],"3":[0,0]}}
,"/Users/balov/WebstormProjects/test-task-for-dmytro-haponov/client/src/components/reg-window/index.ts": {"path":"/Users/balov/WebstormProjects/test-task-for-dmytro-haponov/client/src/components/reg-window/index.ts","statementMap":{"0":{"start":{"line":1,"column":0},"end":{"line":1,"column":8}},"1":{"start":{"line":3,"column":8},"end":{"line":1,"column":38}},"2":{"start":{"line":4,"column":0},"end":{"line":4,"column":25}}},"fnMap":{},"branchMap":{},"s":{"0":3,"1":3,"2":3},"f":{},"b":{}}
,"/Users/balov/WebstormProjects/test-task-for-dmytro-haponov/client/src/components/reg-window/utils.ts": {"path":"/Users/balov/WebstormProjects/test-task-for-dmytro-haponov/client/src/components/reg-window/utils.ts","statementMap":{"0":{"start":{"line":3,"column":13},"end":{"line":4,"column":30}},"1":{"start":{"line":3,"column":31},"end":{"line":3,"column":35}},"2":{"start":{"line":3,"column":37},"end":{"line":3,"column":41}},"3":{"start":{"line":3,"column":43},"end":{"line":3,"column":48}},"4":{"start":{"line":4,"column":4},"end":{"line":4,"column":30}}},"fnMap":{"0":{"name":"(anonymous_0)","decl":{"start":{"line":3,"column":29},"end":{"line":3,"column":30}},"loc":{"start":{"line":3,"column":60},"end":{"line":4,"column":5}}}},"branchMap":{"0":{"loc":{"start":{"line":4,"column":7},"end":{"line":4,"column":11}},"type":"binary-expr","locations":[{"start":{"line":4,"column":7},"end":{"line":4,"column":11}},{"start":{"line":4,"column":15},"end":{"line":4,"column":19}},{"start":{"line":4,"column":23},"end":{"line":4,"column":28}}]}},"s":{"0":5,"1":4,"2":4,"3":4,"4":4},"f":{"0":4},"b":{"0":[4,1,1]}}
,"/Users/balov/WebstormProjects/test-task-for-dmytro-haponov/client/src/components/routes/index.ts": {"path":"/Users/balov/WebstormProjects/test-task-for-dmytro-haponov/client/src/components/routes/index.ts","statementMap":{"0":{"start":{"line":1,"column":0},"end":{"line":1,"column":28}},"1":{"start":{"line":2,"column":0},"end":{"line":2,"column":36}},"2":{"start":{"line":11,"column":13},"end":{"line":14,"column":2}},"3":{"start":{"line":16,"column":13},"end":{"line":26,"column":2}},"4":{"start":{"line":28,"column":0},"end":{"line":28,"column":22}}},"fnMap":{},"branchMap":{},"s":{"0":7,"1":7,"2":7,"3":7,"4":7},"f":{},"b":{}}
,"/Users/balov/WebstormProjects/test-task-for-dmytro-haponov/client/src/components/routes/contacts/AddContactWindow.tsx": {"path":"/Users/balov/WebstormProjects/test-task-for-dmytro-haponov/client/src/components/routes/contacts/AddContactWindow.tsx","statementMap":{"0":{"start":{"line":1,"column":0},"end":{"line":1,"column":31}},"1":{"start":{"line":5,"column":0},"end":{"line":5,"column":70}},"2":{"start":{"line":15,"column":13},"end":{"line":21,"column":44}},"3":{"start":{"line":16,"column":4},"end":{"line":21,"column":44}}},"fnMap":{"0":{"name":"(anonymous_0)","decl":{"start":{"line":15,"column":32},"end":{"line":15,"column":33}},"loc":{"start":{"line":15,"column":44},"end":{"line":16,"column":5}}}},"branchMap":{"0":{"loc":{"start":{"line":17,"column":10},"end":{"line":17,"column":14}},"type":"cond-expr","locations":[{"start":{"line":17,"column":10},"end":{"line":17,"column":14}},{"start":{"line":18,"column":10},"end":{"line":21,"column":43}}]}},"s":{"0":2,"1":2,"2":2,"3":4},"f":{"0":4},"b":{"0":[1,3]}}
,"/Users/balov/WebstormProjects/test-task-for-dmytro-haponov/client/src/components/routes/contacts/ContactWindow.tsx": {"path":"/Users/balov/WebstormProjects/test-task-for-dmytro-haponov/client/src/components/routes/contacts/ContactWindow.tsx","statementMap":{"0":{"start":{"line":1,"column":0},"end":{"line":1,"column":31}},"1":{"start":{"line":3,"column":0},"end":{"line":3,"column":51}},"2":{"start":{"line":4,"column":0},"end":{"line":4,"column":53}},"3":{"start":{"line":8,"column":0},"end":{"line":8,"column":67}},"4":{"start":{"line":22,"column":13},"end":{"line":47,"column":2}},"5":{"start":{"line":23,"column":19},"end":{"line":23,"column":41}},"6":{"start":{"line":25,"column":4},"end":{"line":26,"column":20}},"7":{"start":{"line":26,"column":8},"end":{"line":26,"column":20}},"8":{"start":{"line":28,"column":20},"end":{"line":28,"column":55}},"9":{"start":{"line":30,"column":4},"end":{"line":31,"column":20}},"10":{"start":{"line":31,"column":8},"end":{"line":31,"column":20}},"11":{"start":{"line":33,"column":20},"end":{"line":35,"column":null}},"12":{"start":{"line":38,"column":4},"end":{"line":46,"column":54}}},"fnMap":{"0":{"name":"(anonymous_0)","decl":{"start":{"line":22,"column":29},"end":{"line":22,"column":30}},"loc":{"start":{"line":22,"column":41},"end":{"line":47,"column":1}}}},"branchMap":{"0":{"loc":{"start":{"line":23,"column":19},"end":{"line":23,"column":32}},"type":"binary-expr","locations":[{"start":{"line":23,"column":19},"end":{"line":23,"column":32}},{"start":{"line":23,"column":36},"end":{"line":23,"column":41}}]},"1":{"loc":{"start":{"line":25,"column":4},"end":{"line":26,"column":20}},"type":"if","locations":[{"start":{"line":25,"column":4},"end":{"line":26,"column":20}},{"start":{"line":25,"column":4},"end":{"line":26,"column":20}}]},"2":{"loc":{"start":{"line":30,"column":4},"end":{"line":31,"column":20}},"type":"if","locations":[{"start":{"line":30,"column":4},"end":{"line":31,"column":20}},{"start":{"line":30,"column":4},"end":{"line":31,"column":20}}]}},"s":{"0":2,"1":2,"2":2,"3":2,"4":2,"5":4,"6":4,"7":1,"8":3,"9":3,"10":3,"11":0,"12":0},"f":{"0":4},"b":{"0":[4,1],"1":[1,3],"2":[3,0]}}
[...]
d":{"line":15,"column":6}},"5":{"start":{"line":9,"column":35},"end":{"line":9,"column":44}},"6":{"start":{"line":10,"column":4},"end":{"line":15,"column":6}},"7":{"start":{"line":10,"column":18},"end":{"line":15,"column":6}},"8":{"start":{"line":11,"column":29},"end":{"line":11,"column":null}},"9":{"start":{"line":11,"column":14},"end":{"line":11,"column":null}},"10":{"start":{"line":12,"column":14},"end":{"line":12,"column":57}},"11":{"start":{"line":14,"column":8},"end":{"line":14,"column":25}},"12":{"start":{"line":17,"column":13},"end":{"line":20,"column":3}},"13":{"start":{"line":17,"column":69},"end":{"line":20,"column":3}},"14":{"start":{"line":22,"column":13},"end":{"line":28,"column":6}},"15":{"start":{"line":22,"column":31},"end":{"line":22,"column":42}},"16":{"start":{"line":23,"column":4},"end":{"line":28,"column":6}},"17":{"start":{"line":23,"column":18},"end":{"line":28,"column":6}},"18":{"start":{"line":24,"column":44},"end":{"line":24,"column":null}},"19":{"start":{"line":24,"column":14},"end":{"line":24,"column":44}},"20":{"start":{"line":25,"column":14},"end":{"line":25,"column":66}},"21":{"start":{"line":27,"column":8},"end":{"line":27,"column":25}},"22":{"start":{"line":30,"column":13},"end":{"line":33,"column":3}},"23":{"start":{"line":30,"column":61},"end":{"line":33,"column":3}},"24":{"start":{"line":35,"column":13},"end":{"line":38,"column":3}},"25":{"start":{"line":35,"column":78},"end":{"line":38,"column":3}},"26":{"start":{"line":40,"column":13},"end":{"line":42,"column":3}},"27":{"start":{"line":40,"column":44},"end":{"line":42,"column":3}},"28":{"start":{"line":44,"column":13},"end":{"line":47,"column":3}},"29":{"start":{"line":44,"column":86},"end":{"line":47,"column":3}},"30":{"start":{"line":49,"column":13},"end":{"line":66,"column":2}},"31":{"start":{"line":50,"column":11},"end":{"line":50,"column":18}},"32":{"start":{"line":52,"column":24},"end":{"line":57,"column":5}},"33":{"start":{"line":53,"column":15},"end":{"line":53,"column":17}},"34":{"start":{"line":55,"column":8},"end":{"line":55,"column":30}},"35":{"start":{"line":56,"column":8},"end":{"line":56,"column":24}},"36":{"start":{"line":59,"column":4},"end":{"line":60,"column":28}},"37":{"start":{"line":62,"column":4},"end":{"line":65,"column":6}},"38":{"start":{"line":68,"column":13},"end":{"line":79,"column":2}},"39":{"start":{"line":69,"column":11},"end":{"line":69,"column":13}},"40":{"start":{"line":69,"column":15},"end":{"line":69,"column":22}},"41":{"start":{"line":70,"column":24},"end":{"line":70,"column":36}},"42":{"start":{"line":70,"column":29},"end":{"line":70,"column":45}},"43":{"start":{"line":72,"column":4},"end":{"line":73,"column":28}},"44":{"start":{"line":75,"column":4},"end":{"line":78,"column":6}},"45":{"start":{"line":81,"column":13},"end":{"line":99,"column":6}},"46":{"start":{"line":82,"column":4},"end":{"line":99,"column":6}},"47":{"start":{"line":82,"column":18},"end":{"line":99,"column":6}},"48":{"start":{"line":83,"column":14},"end":{"line":83,"column":49}},"49":{"start":{"line":83,"column":33},"end":{"line":83,"column":49}},"50":{"start":{"line":85,"column":14},"end":{"line":90,"column":10}},"51":{"start":{"line":92,"column":8},"end":{"line":93,"column":32}},"52":{"start":{"line":95,"column":8},"end":{"line":98,"column":11}},"53":{"start":{"line":101,"column":13},"end":{"line":112,"column":2}},"54":{"start":{"line":102,"column":11},"end":{"line":102,"column":13}},"55":{"start":{"line":103,"column":24},"end":{"line":103,"column":36}},"56":{"start":{"line":103,"column":29},"end":{"line":103,"column":45}},"57":{"start":{"line":105,"column":4},"end":{"line":106,"column":28}},"58":{"start":{"line":108,"column":4},"end":{"line":111,"column":6}}},"fnMap":{"0":{"name":"(anonymous_13)","decl":{"start":{"line":9,"column":33},"end":{"line":9,"column":34}},"loc":{"start":{"line":9,"column":72},"end":{"line":10,"column":10}}},"1":{"name":"(anonymous_14)","decl":{"start":{"line":10,"column":4},"end":{"line":10,"column":10}},"loc":{"start":{"line":10,"column":18},"end":{"line":15,"column":6}}},"2":{"name":"(anonymous_15)","decl":{"start":{"line":10,"column":18},"end":{"line":10,"column":null}},"loc":{"start":{"line":10,"column":18},"end":{"line":15,"column":6}}},"3":{"name":"(anonymous_17)","decl":{"start":{"line":17,"column":31},"end":{"line":17,"column":32}},"loc":{"start":{"line":17,"column":64},"end":{"line":17,"column":70}}},"4":{"name":"(anonymous_18)","decl":{"start":{"line":22,"column":29},"end":{"line":22,"column":30}},"loc":{"start":{"line":22,"column":66},"end":{"line":23,"column":10}}},"5":{"name":"(anonymous_19)","decl":{"start":{"line":23,"column":4},"end":{"line":23,"column":10}},"loc":{"start":{"line":23,"column":18},"end":{"line":28,"column":6}}},"6":{"name":"(anonymous_20)","decl":{"start":{"line":23,"column":18},"end":{"line":23,"column":null}},"loc":{"start":{"line":23,"column":18},"end":{"line":28,"column":6}}},"7":{"name":"(anonymous_22)","decl":{"start":{"line":30,"column":27},"end":{"line":30,"column":28}},"loc":{"start":{"line":30,"column":56},"end":{"line":30,"column":62}}},"8":{"name":"(anonymous_23)","decl":{"start":{"line":35,"column":35},"end":{"line":35,"column":36}},"loc":{"start":{"line":35,"column":73},"end":{"line":35,"column":79}}},"9":{"name":"(anonymous_24)","decl":{"start":{"line":40,"column":38},"end":{"line":40,"column":44}},"loc":{"start":{"line":40,"column":38},"end":{"line":40,"column":45}}},"10":{"name":"(anonymous_25)","decl":{"start":{"line":44,"column":39},"end":{"line":44,"column":40}},"loc":{"start":{"line":44,"column":81},"end":{"line":44,"column":87}}},"11":{"name":"(anonymous_26)","decl":{"start":{"line":49,"column":26},"end":{"line":49,"column":27}},"loc":{"start":{"line":49,"column":54},"end":{"line":66,"column":1}}},"12":{"name":"(anonymous_27)","decl":{"start":{"line":52,"column":24},"end":{"line":52,"column":25}},"loc":{"start":{"line":52,"column":25},"end":{"line":57,"column":5}}},"13":{"name":"(anonymous_28)","decl":{"start":{"line":68,"column":27},"end":{"line":68,"column":28}},"loc":{"start":{"line":68,"column":56},"end":{"line":79,"column":1}}},"14":{"name":"(anonymous_29)","decl":{"start":{"line":70,"column":24},"end":{"line":70,"column":25}},"loc":{"start":{"line":70,"column":25},"end":{"line":70,"column":36}}},"15":{"name":"(anonymous_30)","decl":{"start":{"line":81,"column":20},"end":{"line":81,"column":21}},"loc":{"start":{"line":81,"column":42},"end":{"line":82,"column":10}}},"16":{"name":"(anonymous_31)","decl":{"start":{"line":82,"column":4},"end":{"line":82,"column":10}},"loc":{"start":{"line":82,"column":18},"end":{"line":99,"column":6}}},"17":{"name":"(anonymous_32)","decl":{"start":{"line":82,"column":18},"end":{"line":82,"column":null}},"loc":{"start":{"line":82,"column":18},"end":{"line":99,"column":6}}},"18":{"name":"(anonymous_34)","decl":{"start":{"line":83,"column":28},"end":{"line":83,"column":29}},"loc":{"start":{"line":83,"column":29},"end":{"line":83,"column":40}}},"19":{"name":"(anonymous_35)","decl":{"start":{"line":101,"column":29},"end":{"line":101,"column":30}},"loc":{"start":{"line":101,"column":60},"end":{"line":112,"column":1}}},"20":{"name":"(anonymous_36)","decl":{"start":{"line":103,"column":24},"end":{"line":103,"column":25}},"loc":{"start":{"line":103,"column":25},"end":{"line":103,"column":36}}}},"branchMap":{"0":{"loc":{"start":{"line":11,"column":29},"end":{"line":11,"column":null}},"type":"switch","locations":[{"start":{"line":11,"column":29},"end":{"line":11,"column":null}}]},"1":{"loc":{"start":{"line":24,"column":44},"end":{"line":24,"column":null}},"type":"switch","locations":[{"start":{"line":24,"column":44},"end":{"line":24,"column":null}}]}},"s":{"0":4,"1":4,"2":4,"3":4,"4":4,"5":0,"6":0,"7":0,"8":0,"9":0,"10":0,"11":0,"12":4,"13":0,"14":4,"15":0,"16":0,"17":0,"18":0,"19":0,"20":0,"21":0,"22":4,"23":0,"24":4,"25":0,"26":4,"27":0,"28":4,"29":0,"30":4,"31":0,"32":0,"33":0,"34":0,"35":0,"36":0,"37":0,"38":4,"39":0,"40":0,"41":0,"42":0,"43":0,"44":0,"45":4,"46":0,"47":0,"48":0,"49":0,"50":0,"51":0,"52":0,"53":4,"54":0,"55":0,"56":0,"57":0,"58":0},"f":{"0":0,"1":0,"2":0,"3":0,"4":0,"5":0,"6":0,"7":0,"8":0,"9":0,"10":0,"11":0,"12":0,"13":0,"14":0,"15":0,"16":0,"17":0,"18":0,"19":0,"20":0},"b":{"0":[0],"1":[0]}}
,"/Users/balov/WebstormProjects/test-task-for-dmytro-haponov/client/src/storehouse/actions/contacts/index.ts": {"path":"/Users/balov/WebstormProjects/test-task-for-dmytro-haponov/client/src/storehouse/actions/contacts/index.ts","statementMap":{"0":{"start":{"line":1,"column":0},"end":{"line":1,"column":29}},"1":{"start":{"line":4,"column":8},"end":{"line":4,"column":9}},"2":{"start":{"line":2,"column":0},"end":{"line":2,"column":39}},"3":{"start":{"line":4,"column":11},"end":{"line":4,"column":19}},"4":{"start":{"line":5,"column":0},"end":{"line":5,"column":24}}},"fnMap":{},"branchMap":{},"s":{"0":4,"1":4,"2":4,"3":4,"4":4},"f":{},"b":{}}
,"/Users/balov/WebstormProjects/test-task-for-dmytro-haponov/client/src/storehouse/actions/root/index.ts": {"path":"/Users/balov/WebstormProjects/test-task-for-dmytro-haponov/client/src/storehouse/actions/root/index.ts","statementMap":{"0":{"start":{"line":1,"column":0},"end":{"line":1,"column":29}},"1":{"start":{"line":4,"column":8},"end":{"line":4,"column":9}},"2":{"start":{"line":2,"column":0},"end":{"line":2,"column":31}},"3":{"start":{"line":4,"column":11},"end":{"line":4,"column":15}},"4":{"start":{"line":5,"column":0},"end":{"line":5,"column":20}}},"fnMap":{},"branchMap":{},"s":{"0":3,"1":3,"2":3,"3":3,"4":3},"f":{},"b":{}}
,"/Users/balov/WebstormProjects/test-task-for-dmytro-haponov/client/src/storehouse/actions/root/root.ts": {"path":"/Users/balov/WebstormProjects/test-task-for-dmytro-haponov/client/src/storehouse/actions/root/root.ts","statementMap":{"0":{"start":{"line":1,"column":0},"end":{"line":1,"column":35}},"1":{"start":{"line":3,"column":13},"end":{"line":5,"column":3}},"2":{"start":{"line":3,"column":37},"end":{"line":5,"column":3}},"3":{"start":{"line":7,"column":13},"end":{"line":9,"column":3}},"4":{"start":{"line":7,"column":39},"end":{"line":9,"column":3}}},"fnMap":{"0":{"name":"(anonymous_0)","decl":{"start":{"line":3,"column":31},"end":{"line":3,"column":37}},"loc":{"start":{"line":3,"column":31},"end":{"line":3,"column":38}}},"1":{"name":"(anonymous_1)","decl":{"start":{"line":7,"column":33},"end":{"line":7,"column":39}},"loc":{"start":{"line":7,"column":33},"end":{"line":7,"column":40}}}},"branchMap":{},"s":{"0":3,"1":3,"2":0,"3":3,"4":0},"f":{"0":0,"1":0},"b":{}}
,"/Users/balov/WebstormProjects/test-task-for-dmytro-haponov/client/src/storehouse/reducers/contacts.ts": {"path":"/Users/balov/WebstormProjects/test-task-for-dmytro-haponov/client/src/storehouse/reducers/contacts.ts","statementMap":{"0":{"start":{"line":1,"column":0},"end":{"line":1,"column":28}},"1":{"start":{"line":7,"column":0},"end":{"line":7,"column":33}},"2":{"start":{"line":20,"column":27},"end":{"line":29,"column":2}},"3":{"start":{"line":31,"column":21},"end":{"line":32,"column":5}},"4":{"start":{"line":31,"column":23},"end":{"line":31,"column":27}},"5":{"start":{"line":31,"column":29},"end":{"line":31,"column":36}},"6":{"start":{"line":32,"column":4},"end":{"line":104,"column":6}},"7":{"start":{"line":33,"column":8},"end":{"line":33,"column":32}},"8":{"start":{"line":35,"column":8},"end":{"line":103,"column":null}},"9":{"start":{"line":37,"column":16},"end":{"line":37,"column":81}},"10":{"start":{"line":38,"column":16},"end":{"line":38,"column":22}},"11":{"start":{"line":41,"column":16},"end":{"line":41,"column":84}},"12":{"start":{"line":42,"column":16},"end":{"line":42,"column":22}},"13":{"start":{"line":45,"column":16},"end":{"line":45,"column":80}},"14":{"start":{"line":46,"column":16},"end":{"line":46,"column":22}},"15":{"start":{"line":49,"column":16},"end":{"line":49,"column":74}},"16":{"start":{"line":50,"column":16},"end":{"line":50,"column":22}},"17":{"start":{"line":53,"column":16},"end":{"line":58,"column":null}},"18":{"start":{"line":53,"column":29},"end":{"line":53,"column":30}},"19":{"start":{"line":54,"column":20},"end":{"line":57,"column":null}},"20":{"start":{"line":55,"column":24},"end":{"line":55,"column":52}},"21":{"start":{"line":56,"column":24},"end":{"line":56,"column":30}},"22":{"start":{"line":60,"column":16},"end":{"line":60,"column":22}},"23":{"start":{"line":64,"column":16},"end":{"line":68,"column":18}},"24":{"start":{"line":69,"column":16},"end":{"line":69,"column":22}},"25":{"start":{"line":72,"column":23},"end":{"line":72,"column":31}},"26":{"start":{"line":72,"column":33},"end":{"line":72,"column":48}},"27":{"start":{"line":74,"column":16},"end":{"line":74,"column":56}},"28":{"start":{"line":75,"column":16},"end":{"line":75,"column":65}},"29":{"start":{"line":77,"column":16},"end":{"line":77,"column":22}},"30":{"start":{"line":81,"column":23},"end":{"line":81,"column":25}},"31":{"start":{"line":81,"column":27},"end":{"line":81,"column":34}},"32":{"start":{"line":83,"column":16},"end":{"line":90,"column":null}},"33":{"start":{"line":83,"column":29},"end":{"line":83,"column":30}},"34":{"start":{"line":84,"column":41},"end":{"line":84,"column":58}},"35":{"start":{"line":86,"column":20},"end":{"line":89,"column":null}},"36":{"start":{"line":87,"column":24},"end":{"line":87,"column":85}},"37":{"start":{"line":88,"column":24},"end":{"line":88,"column":30}},"38":{"start":{"line":92,"column":16},"end":{"line":92,"column":22}},"39":{"start":{"line":96,"column":23},"end":{"line":96,"column":39}},"40":{"start":{"line":97,"column":23},"end":{"line":97,"column":25}},"41":{"start":{"line":99,"column":16},"end":{"line":99,"column":58}},"42":{"start":{"line":101,"column":16},"end":{"line":101,"column":22}},"43":{"start":{"line":106,"column":13},"end":{"line":107,"column":41}},"44":{"start":{"line":106,"column":25},"end":{"line":106,"column":53}},"45":{"start":{"line":107,"column":4},"end":{"line":107,"column":41}}},"fnMap":{"0":{"name":"(anonymous_0)","decl":{"start":{"line":31,"column":21},"end":{"line":31,"column":22}},"loc":{"start":{"line":31,"column":46},"end":{"line":32,"column":5}}},"1":{"name":"(anonymous_1)","decl":{"start":{"line":32,"column":4},"end":{"line":32,"column":5}},"loc":{"start":{"line":32,"column":16},"end":{"line":104,"column":5}}},"2":{"name":"(anonymous_2)","decl":{"start":{"line":106,"column":24},"end":{"line":106,"column":25}},"loc":{"start":{"line":106,"column":68},"end":{"line":107,"column":11}}}},"branchMap":{"0":{"loc":{"start":{"line":33,"column":18},"end":{"line":33,"column":25}},"type":"binary-expr","locations":[{"start":{"line":33,"column":18},"end":{"line":33,"column":25}},{"start":{"line":33,"column":29},"end":{"line":33,"column":31}}]},"1":{"loc":{"start":{"line":36,"column":12},"end":{"line":38,"column":22}},"type":"switch","locations":[{"start":{"line":36,"column":12},"end":{"line":38,"column":22}},{"start":{"line":40,"column":12},"end":{"line":42,"column":22}},{"start":{"line":44,"column":12},"end":{"line":46,"column":22}},{"start":{"line":48,"column":12},"end":{"line":50,"column":22}},{"start":{"line":52,"column":12},"end":{"line":61,"column":null}},{"start":{"line":63,"column":12},"end":{"line":69,"column":22}},{"start":{"line":71,"column":12},"end":{"line":78,"column":null}},{"start":{"line":80,"column":12},"end":{"line":93,"column":null}},{"start":{"line":95,"column":12},"end":{"line":102,"column":null}}]},"2":{"loc":{"start":{"line":41,"column":50},"end":{"line":41,"column":74}},"type":"binary-expr","locations":[{"start":{"line":41,"column":50},"end":{"line":41,"column":74}},{"start":{"line":41,"column":78},"end":{"line":41,"column":83}}]},"3":{"loc":{"start":{"line":45,"column":46},"end":{"line":45,"column":70}},"type":"binary-expr","locations":[{"start":{"line":45,"column":46},"end":{"line":45,"column":70}},{"start":{"line":45,"column":74},"end":{"line":45,"column":79}}]},"4":{"loc":{"start":{"line":54,"column":20},"end":{"line":57,"column":null}},"type":"if","locations":[{"start":{"line":54,"column":20},"end":{"line":57,"column":null}},{"start":{"line":54,"column":20},"end":{"line":57,"column":null}}]},"5":{"loc":{"start":{"line":86,"column":20},"end":{"line":89,"column":null}},"type":"if","locations":[{"start":{"line":86,"column":20},"end":{"line":89,"column":null}},{"start":{"line":86,"column":20},"end":{"line":89,"column":null}}]},"6":{"loc":{"start":{"line":106,"column":25},"end":{"line":106,"column":53}},"type":"if","locations":[{"start":{"line":106,"column":25},"end":{"line":106,"column":53}},{"start":{"line":106,"column":25},"end":{"line":106,"column":53}}]}},"s":{"0":6,"1":6,"2":6,"3":6,"4":18,"5":18,"6":18,"7":18,"8":18,"9":0,"10":0,"11":0,"12":0,"13":0,"14":0,"15":0,"16":0,"17":0,"18":0,"19":0,"20":0,"21":0,"22":0,"23":0,"24":0,"25":0,"26":0,"27":0,"28":0,"29":0,"30":0,"31":0,"32":0,"33":0,"34":0,"35":0,"36":0,"37":0,"38":0,"39":0,"40":0,"41":0,"42":0,"43":6,"44":36,"45":18},"f":{"0":18,"1":18,"2":18},"b":{"0":[18,18],"1":[0,0,0,0,0,0,0,0,0],"2":[0,0],"3":[0,0],"4":[0,0],"5":[0,0],"6":[18,0]}}
,"/Users/balov/WebstormProjects/test-task-for-dmytro-haponov/client/src/storehouse/reducers/index.ts": {"path":"/Users/balov/WebstormProjects/test-task-for-dmytro-haponov/client/src/storehouse/reducers/index.ts","statementMap":{"0":{"start":{"line":1,"column":0},"end":{"line":1,"column":38}},"1":{"start":{"line":3,"column":0},"end":{"line":3,"column":43}},"2":{"start":{"line":4,"column":0},"end":{"line":4,"column":55}},"3":{"start":{"line":6,"column":13},"end":{"line":9,"column":3}}},"fnMap":{},"branchMap":{},"s":{"0":6,"1":6,"2":6,"3":6},"f":{},"b":{}}
,"/Users/balov/WebstormProjects/test-task-for-dmytro-haponov/client/src/storehouse/reducers/root.ts": {"path":"/Users/balov/WebstormProjects/test-task-for-dmytro-haponov/client/src/storehouse/reducers/root.ts","statementMap":{"0":{"start":{"line":1,"column":0},"end":{"line":1,"column":28}},"1":{"start":{"line":4,"column":0},"end":{"line":4,"column":33}},"2":{"start":{"line":11,"column":27},"end":{"line":14,"column":2}},"3":{"start":{"line":16,"column":21},"end":{"line":17,"column":5}},"4":{"start":{"line":16,"column":23},"end":{"line":16,"column":27}},"5":{"start":{"line":16,"column":29},"end":{"line":16,"column":36}},"6":{"start":{"line":17,"column":4},"end":{"line":27,"column":6}},"7":{"start":{"line":18,"column":8},"end":{"line":26,"column":null}},"8":{"start":{"line":20,"column":16},"end":{"line":20,"column":67}},"9":{"start":{"line":21,"column":16},"end":{"line":21,"column":22}},"10":{"start":{"line":24,"column":16},"end":{"line":24,"column":71}},"11":{"start":{"line":25,"column":16},"end":{"line":25,"column":22}},"12":{"start":{"line":29,"column":13},"end":{"line":30,"column":41}},"13":{"start":{"line":29,"column":21},"end":{"line":29,"column":49}},"14":{"start":{"line":30,"column":4},"end":{"line":30,"column":41}}},"fnMap":{"0":{"name":"(anonymous_0)","decl":{"start":{"line":16,"column":21},"end":{"line":16,"column":22}},"loc":{"start":{"line":16,"column":46},"end":{"line":17,"column":5}}},"1":{"name":"(anonymous_1)","decl":{"start":{"line":17,"column":4},"end":{"line":17,"column":5}},"loc":{"start":{"line":17,"column":16},"end":{"line":27,"column":5}}},"2":{"name":"(anonymous_2)","decl":{"start":{"line":29,"column":20},"end":{"line":29,"column":21}},"loc":{"start":{"line":29,"column":64},"end":{"line":30,"column":11}}}},"branchMap":{"0":{"loc":{"start":{"line":19,"column":12},"end":{"line":21,"column":22}},"type":"switch","locations":[{"start":{"line":19,"column":12},"end":{"line":21,"column":22}},{"start":{"line":23,"column":12},"end":{"line":25,"column":22}}]},"1":{"loc":{"start":{"line":29,"column":21},"end":{"line":29,"column":49}},"type":"if","locations":[{"start":{"line":29,"column":21},"end":{"line":29,"column":49}},{"start":{"line":29,"column":21},"end":{"line":29,"column":49}}]}},"s":{"0":6,"1":6,"2":6,"3":6,"4":18,"5":18,"6":18,"7":18,"8":0,"9":0,"10":0,"11":0,"12":6,"13":36,"14":18},"f":{"0":18,"1":18,"2":18},"b":{"0":[0,0],"1":[18,0]}}
}
