TN:
SF:/Users/balov/WebstormProjects/test-task-for-dmytro-haponov/client/src/components/app/Apollo.tsx
FN:10,(anonymous_0)
FNF:1
FNH:1
FNDA:1,(anonymous_0)
DA:1,2
DA:2,2
DA:4,2
DA:10,2
DA:11,1
LF:5
LH:5
BRF:0
BRH:0
end_of_record
TN:
SF:/Users/balov/WebstormProjects/test-task-for-dmytro-haponov/client/src/components/app/App.tsx
FN:7,(anonymous_0)
FNF:1
FNH:1
FNDA:1,(anonymous_0)
DA:1,1
DA:3,1
DA:4,1
DA:5,1
DA:7,1
DA:8,1
LF:6
LH:6
BRF:0
BRH:0
end_of_record
TN:
SF:/Users/balov/WebstormProjects/test-task-for-dmytro-haponov/client/src/components/app/Redux.tsx
FN:10,(anonymous_0)
FNF:1
FNH:1
FNDA:1,(anonymous_0)
DA:1,2
DA:2,2
DA:4,2
DA:10,2
DA:11,1
LF:5
LH:5
BRF:0
BRH:0
end_of_record
TN:
SF:/Users/balov/WebstormProjects/test-task-for-dmytro-haponov/client/src/components/app/index.ts
FNF:0
FNH:0
DA:1,0
DA:3,0
DA:4,0
LF:3
LH:0
BRF:0
BRH:0
end_of_record
TN:
SF:/Users/balov/WebstormProjects/test-task-for-dmytro-haponov/client/src/components/app/content/Content.tsx
FN:16,(anonymous_0)
FN:25,(anonymous_1)
FN:26,(anonymous_2)
FN:31,(anonymous_3)
FNF:4
FNH:0
FNDA:0,(anonymous_0)
FNDA:0,(anonymous_1)
FNDA:0,(anonymous_2)
FNDA:0,(anonymous_3)
DA:1,2
DA:2,2
DA:3,2
DA:5,2
DA:6,2
DA:8,2
DA:9,2
DA:16,2
DA:17,0
DA:25,2
DA:27,0
DA:29,0
DA:32,0
DA:34,0
DA:38,2
LF:15
LH:10
BRF:0
BRH:0
end_of_record
TN:
SF:/Users/balov/WebstormProjects/test-task-for-dmytro-haponov/client/src/components/app/content/Routes.tsx
FN:6,(anonymous_0)
FN:7,(anonymous_1)
FNF:2
FNH:2
FNDA:1,(anonymous_0)
FNDA:2,(anonymous_1)
DA:1,3
DA:2,3
DA:4,3
DA:6,3
DA:7,2
DA:8,2
DA:10,1
DA:12,1
LF:8
LH:8
BRF:0
BRH:0
end_of_record
TN:
SF:/Users/balov/WebstormProjects/test-task-for-dmytro-haponov/client/src/components/app/content/Windows.tsx
FN:23,(anonymous_0)
FN:29,(anonymous_1)
FN:34,(anonymous_2)
FN:39,(anonymous_3)
FN:44,(anonymous_4)
FN:45,(anonymous_5)
FN:50,(anonymous_6)
FNF:7
FNH:0
FNDA:0,(anonymous_0)
FNDA:0,(anonymous_1)
FNDA:0,(anonymous_2)
FNDA:0,(anonymous_3)
FNDA:0,(anonymous_4)
FNDA:0,(anonymous_5)
FNDA:0,(anonymous_6)
DA:1,3
DA:2,3
DA:5,3
DA:7,3
DA:8,3
DA:23,3
DA:24,0
DA:29,3
DA:30,0
DA:34,3
DA:35,0
DA:39,3
DA:44,3
DA:46,0
DA:48,0
DA:51,0
DA:53,0
DA:57,3
LF:18
LH:11
BRDA:31,0,0,0
BRDA:31,0,1,0
BRDA:36,1,0,0
BRDA:36,1,1,0
BRF:4
BRH:0
end_of_record
TN:
SF:/Users/balov/WebstormProjects/test-task-for-dmytro-haponov/client/src/components/app/content/index.ts
FNF:0
FNH:0
DA:1,1
LF:1
LH:1
BRF:0
BRH:0
end_of_record
TN:
SF:/Users/balov/WebstormProjects/test-task-for-dmytro-haponov/client/src/components/contacts-manager/ContactsManager.tsx
FN:7,(anonymous_0)
FN:17,(anonymous_1)
FN:22,(anonymous_2)
FNF:3
FNH:0
FNDA:0,(anonymous_0)
FNDA:0,(anonymous_1)
FNDA:0,(anonymous_2)
DA:1,3
DA:3,3
DA:5,3
DA:7,3
DA:8,0
DA:17,3
DA:18,0
DA:22,3
DA:23,0
LF:9
LH:6
BRF:0
BRH:0
end_of_record
TN:
SF:/Users/balov/WebstormProjects/test-task-for-dmytro-haponov/client/src/components/contacts-manager/index.ts
FNF:0
FNH:0
DA:1,3
DA:3,3
DA:4,3
DA:6,3
DA:7,3
LF:5
LH:5
BRF:0
BRH:0
end_of_record
TN:
SF:/Users/balov/WebstormProjects/test-task-for-dmytro-haponov/client/src/components/contacts-manager/add-contact-window/AddContactWindow.tsx
FN:17,(anonymous_0)
FN:27,(anonymous_1)
FN:28,(anonymous_2)
FN:35,(anonymous_3)
FNF:4
FNH:2
FNDA:2,(anonymous_0)
FNDA:2,(anonymous_1)
FNDA:0,(anonymous_2)
FNDA:0,(anonymous_3)
DA:1,3
DA:3,3
DA:7,3
DA:17,3
DA:18,2
DA:20,2
DA:27,3
DA:28,2
DA:29,0
DA:31,0
DA:32,0
DA:35,3
DA:36,0
DA:38,0
LF:14
LH:9
BRF:0
BRH:0
end_of_record
TN:
SF:/Users/balov/WebstormProjects/test-task-for-dmytro-haponov/client/src/components/contacts-manager/add-contact-window/index.ts
FNF:0
FNH:0
DA:1,3
DA:3,3
DA:4,3
LF:3
LH:3
BRF:0
BRH:0
end_of_record
TN:
SF:/Users/balov/WebstormProjects/test-task-for-dmytro-haponov/client/src/components/contacts-manager/contact/Contact.tsx
FN:6,(anonymous_0)
FN:8,(anonymous_1)
FN:18,(anonymous_2)
FN:30,(anonymous_3)
FNF:4
FNH:0
FNDA:0,(anonymous_0)
FNDA:0,(anonymous_1)
FNDA:0,(anonymous_2)
FNDA:0,(anonymous_3)
DA:1,3
DA:4,3
DA:6,3
DA:7,0
DA:8,0
DA:10,0
DA:18,3
DA:19,0
DA:23,0
DA:30,3
DA:31,0
LF:11
LH:5
BRF:0
BRH:0
end_of_record
TN:
SF:/Users/balov/WebstormProjects/test-task-for-dmytro-haponov/client/src/components/contacts-manager/contact/index.ts
FNF:0
FNH:0
DA:1,3
DA:3,3
DA:4,3
LF:3
LH:3
BRF:0
BRH:0
end_of_record
TN:
SF:/Users/balov/WebstormProjects/test-task-for-dmytro-haponov/client/src/components/contacts-manager/contact-form/ContactForm.tsx
FN:13,(anonymous_0)
FN:22,(anonymous_1)
FN:23,(anonymous_2)
FN:24,(anonymous_3)
FN:25,(anonymous_4)
FN:27,(anonymous_5)
FN:30,(anonymous_6)
FN:37,(anonymous_7)
FN:79,(anonymous_8)
FNF:9
FNH:5
FNDA:4,(anonymous_0)
FNDA:0,(anonymous_1)
FNDA:0,(anonymous_2)
FNDA:0,(anonymous_3)
FNDA:0,(anonymous_4)
FNDA:2,(anonymous_5)
FNDA:2,(anonymous_6)
FNDA:2,(anonymous_7)
FNDA:4,(anonymous_8)
DA:1,3
DA:3,3
DA:4,3
DA:5,3
DA:8,3
DA:9,3
DA:11,3
DA:13,3
DA:14,4
DA:16,4
DA:18,4
DA:19,4
DA:20,4
DA:22,4
DA:23,4
DA:24,4
DA:25,4
DA:27,4
DA:28,4
DA:30,4
DA:31,2
DA:32,2
DA:34,2
DA:37,4
DA:38,2
DA:41,4
DA:79,4
DA:80,4
LF:28
LH:28
BRDA:14,0,0,4
BRDA:14,0,1,4
BRDA:18,1,0,4
BRDA:18,1,1,4
BRDA:19,2,0,4
BRDA:19,2,1,4
BRDA:20,3,0,4
BRDA:20,3,1,4
BRDA:22,4,0,0
BRDA:22,4,1,0
BRDA:23,5,0,0
BRDA:23,5,1,0
BRDA:24,6,0,0
BRDA:24,6,1,0
BRDA:25,7,0,0
BRDA:25,7,1,0
BRF:16
BRH:8
end_of_record
TN:
SF:/Users/balov/WebstormProjects/test-task-for-dmytro-haponov/client/src/components/contacts-manager/contact-form/index.ts
FNF:0
FNH:0
DA:1,3
DA:2,3
DA:4,3
DA:5,3
LF:4
LH:4
BRF:0
BRH:0
end_of_record
TN:
SF:/Users/balov/WebstormProjects/test-task-for-dmytro-haponov/client/src/components/contacts-manager/contact-form/utils.ts
FN:3,(anonymous_0)
FN:4,(anonymous_1)
FN:12,(anonymous_2)
FNF:3
FNH:2
FNDA:4,(anonymous_0)
FNDA:0,(anonymous_1)
FNDA:2,(anonymous_2)
DA:3,3
DA:4,4
DA:5,0
DA:7,0
DA:9,0
DA:12,3
DA:13,2
LF:7
LH:4
BRDA:5,0,0,0
BRDA:5,0,1,0
BRDA:13,1,0,2
BRDA:13,1,1,0
BRF:4
BRH:1
end_of_record
TN:
SF:/Users/balov/WebstormProjects/test-task-for-dmytro-haponov/client/src/components/contacts-manager/contact-window/ContactWindow.tsx
FN:11,(anonymous_0)
FN:37,(anonymous_1)
FN:40,(anonymous_2)
FN:65,(anonymous_3)
FN:66,(anonymous_4)
FN:68,(anonymous_5)
FNF:6
FNH:0
FNDA:0,(anonymous_0)
FNDA:0,(anonymous_1)
FNDA:0,(anonymous_2)
FNDA:0,(anonymous_3)
FNDA:0,(anonymous_4)
FNDA:0,(anonymous_5)
DA:1,3
DA:2,3
DA:4,3
DA:5,3
DA:8,3
DA:9,3
DA:11,3
DA:12,0
DA:14,0
DA:15,0
DA:17,0
DA:19,0
DA:37,3
DA:38,0
DA:40,0
DA:44,0
DA:65,3
DA:66,0
DA:68,0
DA:69,0
DA:70,0
DA:73,0
DA:78,0
DA:83,0
LF:24
LH:9
BRDA:14,0,0,0
BRDA:14,0,1,0
BRDA:55,1,0,0
BRDA:55,1,1,0
BRF:4
BRH:0
end_of_record
TN:
SF:/Users/balov/WebstormProjects/test-task-for-dmytro-haponov/client/src/components/contacts-manager/contact-window/index.ts
FNF:0
FNH:0
DA:1,3
DA:3,3
DA:4,3
LF:3
LH:3
BRF:0
BRH:0
end_of_record
TN:
SF:/Users/balov/WebstormProjects/test-task-for-dmytro-haponov/client/src/components/contacts-manager/contact-window/utils.ts
FN:1,(anonymous_0)
FNF:1
FNH:0
FNDA:0,(anonymous_0)
DA:1,3
DA:2,0
LF:2
LH:1
BRF:0
BRH:0
end_of_record
TN:
SF:/Users/balov/WebstormProjects/test-task-for-dmytro-haponov/client/src/components/contacts-manager/contact-window/calls-history/CallsHistory.tsx
FN:37,(anonymous_0)
FN:48,(anonymous_1)
FN:49,(anonymous_2)
FN:62,(anonymous_3)
FN:67,(anonymous_4)
FN:86,(anonymous_5)
FNF:6
FNH:0
FNDA:0,(anonymous_0)
FNDA:0,(anonymous_1)
FNDA:0,(anonymous_2)
FNDA:0,(anonymous_3)
FNDA:0,(anonymous_4)
FNDA:0,(anonymous_5)
DA:1,3
DA:2,3
DA:4,3
DA:5,3
DA:10,3
DA:11,3
DA:12,3
DA:37,3
DA:38,0
DA:48,3
DA:49,0
DA:50,0
DA:51,0
DA:53,0
DA:55,0
DA:59,0
DA:62,0
DA:64,0
DA:67,3
DA:68,0
DA:69,0
DA:71,0
DA:75,0
DA:86,3
DA:87,0
DA:91,0
DA:96,0
LF:27
LH:11
BRDA:88,0,0,0
BRDA:88,0,1,0
BRF:2
BRH:0
end_of_record
TN:
SF:/Users/balov/WebstormProjects/test-task-for-dmytro-haponov/client/src/components/contacts-manager/contact-window/calls-history/DataProvider.tsx
FN:11,(anonymous_0)
FN:14,(anonymous_1)
FNF:2
FNH:0
FNDA:0,(anonymous_0)
FNDA:0,(anonymous_1)
DA:1,3
DA:11,3
DA:12,0
DA:14,0
DA:16,0
LF:5
LH:2
BRF:0
BRH:0
end_of_record
TN:
SF:/Users/balov/WebstormProjects/test-task-for-dmytro-haponov/client/src/components/contacts-manager/contact-window/calls-history/index.ts
FNF:0
FNH:0
DA:1,3
DA:3,3
DA:4,3
LF:3
LH:3
BRF:0
BRH:0
end_of_record
TN:
SF:/Users/balov/WebstormProjects/test-task-for-dmytro-haponov/client/src/components/contacts-manager/edit-contact-window/EditContactWindow.tsx
FN:9,(anonymous_0)
FNF:1
FNH:0
FNDA:0,(anonymous_0)
DA:1,1
DA:3,1
DA:5,1
DA:7,1
DA:9,1
DA:10,0
DA:11,0
DA:12,0
DA:13,0
DA:15,0
LF:10
LH:5
BRF:0
BRH:0
end_of_record
TN:
SF:/Users/balov/WebstormProjects/test-task-for-dmytro-haponov/client/src/components/contacts-manager/edit-contact-window/index.ts
FNF:0
FNH:0
DA:1,1
DA:3,1
DA:4,1
LF:3
LH:3
BRF:0
BRH:0
end_of_record
TN:
SF:/Users/balov/WebstormProjects/test-task-for-dmytro-haponov/client/src/components/contacts-manager/edit-contact-window/utils.ts
FN:6,(anonymous_0)
FN:7,(anonymous_1)
FNF:2
FNH:0
FNDA:0,(anonymous_0)
FNDA:0,(anonymous_1)
DA:6,1
DA:7,0
DA:8,0
DA:9,0
LF:4
LH:1
BRF:0
BRH:0
end_of_record
TN:
SF:/Users/balov/WebstormProjects/test-task-for-dmytro-haponov/client/src/components/contacts-manager/list/DataProvider.tsx
FN:9,(anonymous_0)
FN:10,(anonymous_1)
FNF:2
FNH:0
FNDA:0,(anonymous_0)
FNDA:0,(anonymous_1)
DA:1,3
DA:9,3
DA:10,0
DA:12,0
LF:4
LH:2
BRF:0
BRH:0
end_of_record
TN:
SF:/Users/balov/WebstormProjects/test-task-for-dmytro-haponov/client/src/components/contacts-manager/list/List.tsx
FN:9,(anonymous_0)
FN:11,(anonymous_1)
FN:27,(anonymous_2)
FN:42,(anonymous_3)
FN:43,(anonymous_4)
FN:54,(anonymous_5)
FN:59,(anonymous_6)
FNF:7
FNH:0
FNDA:0,(anonymous_0)
FNDA:0,(anonymous_1)
FNDA:0,(anonymous_2)
FNDA:0,(anonymous_3)
FNDA:0,(anonymous_4)
FNDA:0,(anonymous_5)
FNDA:0,(anonymous_6)
DA:1,3
DA:2,3
DA:4,3
DA:6,3
DA:7,3
DA:9,3
DA:10,0
DA:11,0
DA:13,0
DA:27,3
DA:28,0
DA:30,0
DA:42,3
DA:43,0
DA:44,0
DA:49,0
DA:51,0
DA:54,3
DA:55,0
DA:59,3
DA:60,0
LF:21
LH:10
BRF:0
BRH:0
end_of_record
TN:
SF:/Users/balov/WebstormProjects/test-task-for-dmytro-haponov/client/src/components/contacts-manager/list/index.ts
FNF:0
FNH:0
DA:1,3
DA:3,3
DA:4,3
LF:3
LH:3
BRF:0
BRH:0
end_of_record
TN:
SF:/Users/balov/WebstormProjects/test-task-for-dmytro-haponov/client/src/components/cover/Cover.tsx
FN:8,(anonymous_0)
FN:15,(anonymous_1)
FN:18,(anonymous_2)
FN:23,(anonymous_3)
FNF:4
FNH:1
FNDA:1,(anonymous_0)
FNDA:0,(anonymous_1)
FNDA:0,(anonymous_2)
FNDA:0,(anonymous_3)
DA:1,2
DA:2,2
DA:4,2
DA:6,2
DA:8,2
DA:9,1
DA:15,2
DA:16,0
DA:18,2
DA:19,0
DA:23,2
DA:24,0
LF:12
LH:9
BRF:0
BRH:0
end_of_record
TN:
SF:/Users/balov/WebstormProjects/test-task-for-dmytro-haponov/client/src/components/cover/index.ts
FNF:0
FNH:0
DA:1,1
DA:3,1
DA:4,1
LF:3
LH:3
BRF:0
BRH:0
end_of_record
TN:
SF:/Users/balov/WebstormProjects/test-task-for-dmytro-haponov/client/src/components/fader/Fader.tsx
FN:4,(anonymous_0)
FNF:1
FNH:1
FNDA:9,(anonymous_0)
DA:1,11
DA:2,11
DA:4,11
DA:5,9
LF:4
LH:4
BRF:0
BRH:0
end_of_record
TN:
SF:/Users/balov/WebstormProjects/test-task-for-dmytro-haponov/client/src/components/fader/index.ts
FNF:0
FNH:0
DA:1,10
DA:3,10
DA:4,10
LF:3
LH:3
BRF:0
BRH:0
end_of_record
TN:
SF:/Users/balov/WebstormProjects/test-task-for-dmytro-haponov/client/src/components/header/Header.tsx
FN:13,(anonymous_0)
FNF:1
FNH:1
FNDA:1,(anonymous_0)
DA:1,3
DA:3,3
DA:4,3
DA:6,3
DA:13,3
DA:14,1
LF:6
LH:6
BRF:0
BRH:0
end_of_record
TN:
SF:/Users/balov/WebstormProjects/test-task-for-dmytro-haponov/client/src/components/header/LeftBar.tsx
FN:8,(anonymous_0)
FN:13,(anonymous_1)
FNF:2
FNH:1
FNDA:1,(anonymous_0)
FNDA:0,(anonymous_1)
DA:1,4
DA:2,4
DA:4,4
DA:6,4
DA:8,4
DA:9,1
DA:13,4
DA:14,0
LF:8
LH:7
BRF:0
BRH:0
end_of_record
TN:
SF:/Users/balov/WebstormProjects/test-task-for-dmytro-haponov/client/src/components/header/RightBar.tsx
FN:11,(anonymous_0)
FN:18,(anonymous_1)
FN:28,(anonymous_2)
FN:33,(anonymous_3)
FN:38,(anonymous_4)
FN:39,(anonymous_5)
FNF:6
FNH:5
FNDA:2,(anonymous_0)
FNDA:3,(anonymous_1)
FNDA:1,(anonymous_2)
FNDA:1,(anonymous_3)
FNDA:1,(anonymous_4)
FNDA:0,(anonymous_5)
DA:1,4
DA:2,4
DA:4,4
DA:11,4
DA:12,2
DA:18,4
DA:19,3
DA:21,3
DA:28,4
DA:29,1
DA:33,4
DA:34,1
DA:38,4
DA:39,1
LF:14
LH:14
BRF:0
BRH:0
end_of_record
TN:
SF:/Users/balov/WebstormProjects/test-task-for-dmytro-haponov/client/src/components/header/index.ts
FNF:0
FNH:0
DA:1,2
DA:3,2
DA:4,2
LF:3
LH:3
BRF:0
BRH:0
end_of_record
TN:
SF:/Users/balov/WebstormProjects/test-task-for-dmytro-haponov/client/src/components/login-window/LoginWindow.tsx
FN:9,(anonymous_0)
FNF:1
FNH:1
FNDA:3,(anonymous_0)
DA:1,4
DA:3,4
DA:9,4
DA:10,3
LF:4
LH:4
BRF:0
BRH:0
end_of_record
TN:
SF:/Users/balov/WebstormProjects/test-task-for-dmytro-haponov/client/src/components/login-window/index.ts
FNF:0
FNH:0
DA:1,3
DA:3,3
DA:4,3
LF:3
LH:3
BRF:0
BRH:0
end_of_record
TN:
SF:/Users/balov/WebstormProjects/test-task-for-dmytro-haponov/client/src/components/modal-window/ModalWindow.tsx
FN:24,(anonymous_0)
FN:39,(anonymous_1)
FN:45,(anonymous_2)
FN:50,(anonymous_3)
FN:51,(anonymous_4)
FNF:5
FNH:5
FNDA:9,(anonymous_0)
FNDA:8,(anonymous_1)
FNDA:8,(anonymous_2)
FNDA:9,(anonymous_3)
FNDA:8,(anonymous_4)
DA:1,9
DA:3,9
DA:5,9
DA:24,9
DA:25,9
DA:27,9
DA:39,9
DA:40,8
DA:45,9
DA:46,8
DA:50,9
DA:51,9
DA:52,8
DA:54,8
LF:14
LH:14
BRDA:54,0,0,4
BRDA:54,0,1,4
BRF:2
BRH:2
end_of_record
TN:
SF:/Users/balov/WebstormProjects/test-task-for-dmytro-haponov/client/src/components/modal-window/SubmitBtn.tsx
FN:11,(anonymous_0)
FN:12,(anonymous_1)
FNF:2
FNH:2
FNDA:11,(anonymous_0)
FNDA:2,(anonymous_1)
DA:1,9
DA:2,9
DA:4,9
DA:11,11
DA:12,11
DA:14,11
DA:19,11
LF:7
LH:7
BRDA:12,0,0,2
BRDA:12,0,1,1
BRF:2
BRH:2
end_of_record
TN:
SF:/Users/balov/WebstormProjects/test-task-for-dmytro-haponov/client/src/components/modal-window/index.ts
FNF:0
FNH:0
DA:1,8
DA:3,8
DA:4,8
DA:6,8
LF:4
LH:4
BRF:0
BRH:0
end_of_record
TN:
SF:/Users/balov/WebstormProjects/test-task-for-dmytro-haponov/client/src/components/page-preloader/PagePreloader.tsx
FN:5,(anonymous_0)
FNF:1
FNH:1
FNDA:1,(anonymous_0)
DA:1,10
DA:3,10
DA:5,10
DA:6,1
LF:4
LH:4
BRF:0
BRH:0
end_of_record
TN:
SF:/Users/balov/WebstormProjects/test-task-for-dmytro-haponov/client/src/components/page-preloader/index.ts
FNF:0
FNH:0
DA:1,9
DA:3,9
DA:4,9
LF:3
LH:3
BRF:0
BRH:0
end_of_record
TN:
SF:/Users/balov/WebstormProjects/test-task-for-dmytro-haponov/client/src/components/reg-window/RegWindow.tsx
FN:13,(anonymous_13)
FN:18,(anonymous_14)
FN:24,(anonymous_15)
FN:26,(anonymous_16)
FN:35,(anonymous_19)
FN:36,(anonymous_20)
FN:37,(anonymous_21)
FN:38,(anonymous_22)
FN:40,(anonymous_23)
FN:47,(anonymous_24)
FN:89,(anonymous_25)
FNF:11
FNH:6
FNDA:3,(anonymous_13)
FNDA:4,(anonymous_14)
FNDA:2,(anonymous_15)
FNDA:0,(anonymous_16)
FNDA:0,(anonymous_19)
FNDA:0,(anonymous_20)
FNDA:0,(anonymous_21)
FNDA:0,(anonymous_22)
FNDA:2,(anonymous_23)
FNDA:2,(anonymous_24)
FNDA:4,(anonymous_25)
DA:1,4
DA:3,4
DA:4,4
DA:5,4
DA:8,4
DA:9,4
DA:11,4
DA:13,4
DA:14,3
DA:18,4
DA:19,4
DA:20,4
DA:21,4
DA:22,4
DA:24,4
DA:26,4
DA:27,0
DA:28,0
DA:30,0
DA:32,0
DA:35,4
DA:36,4
DA:37,4
DA:38,4
DA:40,4
DA:41,2
DA:42,2
DA:44,2
DA:47,4
DA:48,2
DA:51,4
DA:89,4
DA:90,4
LF:33
LH:29
BRDA:35,0,0,0
BRDA:35,0,1,0
BRDA:36,1,0,0
BRDA:36,1,1,0
BRDA:37,2,0,0
BRDA:37,2,1,0
BRDA:38,3,0,0
BRDA:38,3,1,0
BRF:8
BRH:0
end_of_record
TN:
SF:/Users/balov/WebstormProjects/test-task-for-dmytro-haponov/client/src/components/reg-window/index.ts
FNF:0
FNH:0
DA:1,3
DA:3,3
DA:4,3
LF:3
LH:3
BRF:0
BRH:0
end_of_record
TN:
SF:/Users/balov/WebstormProjects/test-task-for-dmytro-haponov/client/src/components/reg-window/utils.ts
FN:3,(anonymous_0)
FNF:1
FNH:1
FNDA:4,(anonymous_0)
DA:3,5
DA:4,4
LF:2
LH:2
BRDA:4,0,0,4
BRDA:4,0,1,1
BRDA:4,0,2,1
BRF:3
BRH:3
end_of_record
TN:
SF:/Users/balov/WebstormProjects/test-task-for-dmytro-haponov/client/src/components/routes/index.ts
FNF:0
FNH:0
DA:1,7
DA:2,7
DA:11,7
DA:16,7
DA:28,7
LF:5
LH:5
BRF:0
BRH:0
end_of_record
TN:
SF:/Users/balov/WebstormProjects/test-task-for-dmytro-haponov/client/src/components/routes/contacts/AddContactWindow.tsx
FN:15,(anonymous_0)
FNF:1
FNH:1
FNDA:4,(anonymous_0)
DA:1,2
DA:5,2
DA:15,2
DA:16,4
LF:4
LH:4
BRDA:17,0,0,1
BRDA:17,0,1,3
BRF:2
BRH:2
end_of_record
TN:
SF:/Users/balov/WebstormProjects/test-task-for-dmytro-haponov/client/src/components/routes/contacts/ContactWindow.tsx
FN:22,(anonymous_0)
FNF:1
FNH:1
FNDA:4,(anonymous_0)
DA:1,2
DA:3,2
DA:4,2
DA:8,2
DA:22,2
DA:23,4
DA:25,4
DA:26,1
DA:28,3
DA:30,3
DA:31,3
DA:33,0
DA:38,0
LF:13
LH:11
BRDA:23,0,0,4
BRDA:23,0,1,1
BRDA:25,1,0,1
BRDA:25,1,1,3
BRDA:30,2,0,3
BRDA:30,2,1,0
BRF:6
BRH:5
end_of_record
TN:
SF:/Users/balov/WebstormProjects/test-task-for-dmytro-haponov/client/src/components/routes/contacts/Contacts.tsx
FN:14,(anonymous_2)
FN:20,(anonymous_3)
FN:30,(anonymous_4)
FNF:3
FNH:0
FNDA:0,(anonymous_2)
FNDA:0,(anonymous_3)
FNDA:0,(anonymous_4)
DA:1,1
DA:2,1
DA:4,1
DA:5,1
DA:7,1
DA:8,1
DA:9,1
DA:12,1
DA:14,1
DA:15,0
DA:20,1
DA:21,0
DA:30,1
DA:31,0
DA:53,1
LF:15
LH:12
BRF:0
BRH:0
end_of_record
TN:
SF:/Users/balov/WebstormProjects/test-task-for-dmytro-haponov/client/src/components/routes/contacts/ContactsLazy.tsx
FN:7,(anonymous_0)
FN:8,(anonymous_1)
FN:8,(anonymous_2)
FNF:3
FNH:0
FNDA:0,(anonymous_0)
FNDA:0,(anonymous_1)
FNDA:0,(anonymous_2)
DA:1,8
DA:3,8
DA:5,8
DA:7,8
DA:8,0
DA:10,0
LF:6
LH:4
BRF:0
BRH:0
end_of_record
TN:
SF:/Users/balov/WebstormProjects/test-task-for-dmytro-haponov/client/src/components/routes/contacts/EditContactWindow.tsx
FN:19,(anonymous_0)
FNF:1
FNH:0
FNDA:0,(anonymous_0)
DA:1,1
DA:6,1
DA:9,1
DA:19,1
DA:20,0
DA:22,0
DA:23,0
DA:25,0
DA:27,0
DA:28,0
DA:30,0
LF:11
LH:4
BRDA:20,0,0,0
BRDA:20,0,1,0
BRDA:22,1,0,0
BRDA:22,1,1,0
BRDA:27,2,0,0
BRDA:27,2,1,0
BRDA:31,3,0,0
BRDA:31,3,1,0
BRF:8
BRH:0
end_of_record
TN:
SF:/Users/balov/WebstormProjects/test-task-for-dmytro-haponov/client/src/components/routes/contacts/index.ts
FNF:0
FNH:0
DA:1,7
DA:3,7
DA:4,7
LF:3
LH:3
BRF:0
BRH:0
end_of_record
TN:
SF:/Users/balov/WebstormProjects/test-task-for-dmytro-haponov/client/src/components/routes/contacts/redux-connect-props.ts
FN:4,(anonymous_0)
FN:15,(anonymous_1)
FN:16,(anonymous_2)
FN:21,(anonymous_3)
FN:26,(anonymous_4)
FN:31,(anonymous_5)
FN:36,(anonymous_6)
FN:41,(anonymous_7)
FN:46,(anonymous_8)
FN:51,(anonymous_9)
FN:56,(anonymous_10)
FNF:11
FNH:0
FNDA:0,(anonymous_0)
FNDA:0,(anonymous_1)
FNDA:0,(anonymous_2)
FNDA:0,(anonymous_3)
FNDA:0,(anonymous_4)
FNDA:0,(anonymous_5)
FNDA:0,(anonymous_6)
FNDA:0,(anonymous_7)
FNDA:0,(anonymous_8)
FNDA:0,(anonymous_9)
FNDA:0,(anonymous_10)
DA:2,1
DA:4,1
DA:15,1
DA:17,0
DA:19,0
DA:22,0
DA:24,0
DA:26,0
DA:27,0
DA:29,0
DA:32,0
DA:34,0
DA:37,0
DA:39,0
DA:42,0
DA:44,0
DA:47,0
DA:49,0
DA:52,0
DA:54,0
DA:57,0
DA:59,0
LF:22
LH:3
BRF:0
BRH:0
end_of_record
TN:
SF:/Users/balov/WebstormProjects/test-task-for-dmytro-haponov/client/src/components/routes/home/Home.tsx
FN:7,(anonymous_0)
FNF:1
FNH:1
FNDA:1,(anonymous_0)
DA:1,1
DA:4,1
DA:5,1
DA:7,1
DA:8,1
LF:5
LH:5
BRF:0
BRH:0
end_of_record
TN:
SF:/Users/balov/WebstormProjects/test-task-for-dmytro-haponov/client/src/components/routes/home/HomeLazy.tsx
FN:7,(anonymous_0)
FN:8,(anonymous_1)
FN:8,(anonymous_2)
FNF:3
FNH:1
FNDA:1,(anonymous_0)
FNDA:0,(anonymous_1)
FNDA:0,(anonymous_2)
DA:1,8
DA:3,8
DA:5,8
DA:7,8
DA:8,1
DA:10,1
LF:6
LH:6
BRF:0
BRH:0
end_of_record
TN:
SF:/Users/balov/WebstormProjects/test-task-for-dmytro-haponov/client/src/components/routes/home/index.ts
FNF:0
FNH:0
DA:1,7
DA:3,7
DA:4,7
LF:3
LH:3
BRF:0
BRH:0
end_of_record
TN:
SF:/Users/balov/WebstormProjects/test-task-for-dmytro-haponov/client/src/lib/apollo/client.ts
FNF:0
FNH:0
DA:1,6
DA:2,6
DA:3,6
DA:4,6
DA:6,6
DA:8,6
DA:10,6
DA:15,6
LF:8
LH:8
BRF:0
BRH:0
end_of_record
TN:
SF:/Users/balov/WebstormProjects/test-task-for-dmytro-haponov/client/src/lib/apollo/index.ts
FNF:0
FNH:0
DA:1,6
DA:3,6
DA:4,6
LF:3
LH:3
BRF:0
BRH:0
end_of_record
TN:
SF:/Users/balov/WebstormProjects/test-task-for-dmytro-haponov/client/src/lib/apollo/model/add-contact.ts
FN:18,(anonymous_14)
FNF:1
FNH:0
FNDA:0,(anonymous_14)
DA:1,6
DA:3,6
DA:6,6
DA:18,6
DA:19,0
LF:5
LH:4
BRDA:6,0,0,6
BRDA:6,0,1,6
BRDA:19,1,0,0
BRF:3
BRH:2
end_of_record
TN:
SF:/Users/balov/WebstormProjects/test-task-for-dmytro-haponov/client/src/lib/apollo/model/call.ts
FN:19,(anonymous_14)
FN:19,(anonymous_15)
FN:28,(anonymous_17)
FNF:3
FNH:0
FNDA:0,(anonymous_14)
FNDA:0,(anonymous_15)
FNDA:0,(anonymous_17)
DA:1,6
DA:2,6
DA:4,6
DA:7,6
DA:19,6
DA:20,0
DA:22,0
DA:28,6
DA:29,0
DA:31,0
DA:33,0
LF:11
LH:6
BRDA:7,0,0,6
BRDA:7,0,1,6
BRF:2
BRH:2
end_of_record
TN:
SF:/Users/balov/WebstormProjects/test-task-for-dmytro-haponov/client/src/lib/apollo/model/create-user.ts
FN:20,(anonymous_14)
FNF:1
FNH:0
FNDA:0,(anonymous_14)
DA:1,6
DA:3,6
DA:6,6
DA:20,6
DA:21,0
DA:26,0
DA:28,0
LF:7
LH:4
BRDA:6,0,0,6
BRDA:6,0,1,6
BRDA:21,1,0,0
BRF:3
BRH:2
end_of_record
TN:
SF:/Users/balov/WebstormProjects/test-task-for-dmytro-haponov/client/src/lib/apollo/model/edit-contact.ts
FN:19,(anonymous_14)
FNF:1
FNH:0
FNDA:0,(anonymous_14)
DA:1,6
DA:3,6
DA:6,6
DA:19,6
DA:20,0
LF:5
LH:4
BRDA:6,0,0,6
BRDA:6,0,1,6
BRDA:20,1,0,0
BRF:3
BRH:2
end_of_record
TN:
SF:/Users/balov/WebstormProjects/test-task-for-dmytro-haponov/client/src/lib/apollo/model/get-calls-history.ts
FN:21,(anonymous_16)
FN:31,(anonymous_19)
FNF:2
FNH:0
FNDA:0,(anonymous_16)
FNDA:0,(anonymous_19)
DA:1,6
DA:3,6
DA:6,6
DA:21,6
DA:22,0
DA:28,0
DA:31,6
DA:32,0
DA:34,0
DA:35,0
DA:40,0
LF:11
LH:5
BRDA:6,0,0,6
BRDA:6,0,1,6
BRDA:22,1,0,0
BRF:3
BRH:2
end_of_record
TN:
SF:/Users/balov/WebstormProjects/test-task-for-dmytro-haponov/client/src/lib/apollo/model/get-contacts.ts
FN:31,(anonymous_14)
FNF:1
FNH:0
FNDA:0,(anonymous_14)
DA:1,6
DA:3,6
DA:16,6
DA:31,6
DA:32,0
DA:38,0
LF:6
LH:4
BRDA:16,0,0,6
BRDA:16,0,1,6
BRDA:31,1,0,0
BRDA:31,1,1,0
BRDA:32,2,0,0
BRF:5
BRH:2
end_of_record
TN:
SF:/Users/balov/WebstormProjects/test-task-for-dmytro-haponov/client/src/lib/apollo/model/index.ts
FNF:0
FNH:0
DA:1,6
DA:2,6
DA:3,6
DA:4,6
DA:5,6
DA:6,6
DA:8,6
LF:7
LH:7
BRF:0
BRH:0
end_of_record
TN:
SF:/Users/balov/WebstormProjects/test-task-for-dmytro-haponov/client/src/lib/apollo/model/remove-contact.ts
FN:19,(anonymous_14)
FNF:1
FNH:0
FNDA:0,(anonymous_14)
DA:1,6
DA:3,6
DA:5,6
DA:7,6
DA:19,6
DA:20,0
LF:6
LH:5
BRDA:7,0,0,6
BRDA:7,0,1,6
BRDA:20,1,0,0
BRF:3
BRH:2
end_of_record
TN:
SF:/Users/balov/WebstormProjects/test-task-for-dmytro-haponov/client/src/lib/entities/calls-history/CallType.ts
FN:1,(anonymous_0)
FNF:1
FNH:1
FNDA:6,(anonymous_0)
DA:1,6
DA:2,6
DA:3,6
DA:6,6
LF:4
LH:4
BRDA:1,0,0,6
BRDA:1,0,1,6
BRF:2
BRH:2
end_of_record
TN:
SF:/Users/balov/WebstormProjects/test-task-for-dmytro-haponov/client/src/lib/entities/calls-history/index.ts
FNF:0
FNH:0
DA:1,6
DA:2,6
DA:4,6
DA:5,6
LF:4
LH:4
BRF:0
BRH:0
end_of_record
TN:
SF:/Users/balov/WebstormProjects/test-task-for-dmytro-haponov/client/src/lib/entities/calls-history/utils.ts
FN:3,(anonymous_0)
FN:6,(anonymous_1)
FNF:2
FNH:0
FNDA:0,(anonymous_0)
FNDA:0,(anonymous_1)
DA:3,6
DA:4,0
DA:6,0
DA:7,0
DA:10,0
DA:11,0
DA:12,0
DA:14,0
LF:8
LH:1
BRDA:7,0,0,0
BRDA:7,0,1,0
BRDA:11,1,0,0
BRDA:11,1,1,0
BRF:4
BRH:0
end_of_record
TN:
SF:/Users/balov/WebstormProjects/test-task-for-dmytro-haponov/client/src/lib/entities/contacts/find-contact.ts
FN:3,(anonymous_0)
FNF:1
FNH:1
FNDA:3,(anonymous_0)
DA:3,3
DA:4,6
DA:5,0
DA:6,0
DA:8,3
LF:5
LH:3
BRDA:5,0,0,0
BRDA:5,0,1,0
BRF:2
BRH:0
end_of_record
TN:
SF:/Users/balov/WebstormProjects/test-task-for-dmytro-haponov/client/src/lib/entities/contacts/index.ts
FNF:0
FNH:0
DA:1,3
DA:2,3
DA:4,3
LF:3
LH:3
BRF:0
BRH:0
end_of_record
TN:
SF:/Users/balov/WebstormProjects/test-task-for-dmytro-haponov/client/src/lib/entities/contacts/utils.ts
FN:3,(anonymous_0)
FNF:1
FNH:0
FNDA:0,(anonymous_0)
DA:3,3
DA:4,0
DA:5,0
DA:6,0
DA:8,0
LF:5
LH:1
BRDA:5,0,0,0
BRDA:5,0,1,0
BRDA:5,1,0,0
BRDA:5,1,1,0
BRF:4
BRH:0
end_of_record
TN:
SF:/Users/balov/WebstormProjects/test-task-for-dmytro-haponov/client/src/lib/entities/contacts/contact/index.ts
FNF:0
FNH:0
DA:1,0
DA:3,0
LF:2
LH:0
BRF:0
BRH:0
end_of_record
TN:
SF:/Users/balov/WebstormProjects/test-task-for-dmytro-haponov/client/src/lib/math/index.ts
FNF:0
FNH:0
DA:1,4
LF:1
LH:1
BRF:0
BRH:0
end_of_record
TN:
SF:/Users/balov/WebstormProjects/test-task-for-dmytro-haponov/client/src/lib/math/rnd-number-generator.ts
FN:1,(anonymous_0)
FNF:1
FNH:0
FNDA:0,(anonymous_0)
DA:1,4
DA:2,0
LF:2
LH:1
BRF:0
BRH:0
end_of_record
TN:
SF:/Users/balov/WebstormProjects/test-task-for-dmytro-haponov/client/src/storehouse/Action.ts
FN:1,(anonymous_0)
FNF:1
FNH:1
FNDA:6,(anonymous_0)
DA:1,6
DA:2,6
DA:3,6
DA:4,6
DA:5,6
DA:6,6
DA:7,6
DA:8,6
DA:9,6
DA:10,6
DA:11,6
DA:12,6
DA:13,6
DA:16,6
LF:14
LH:14
BRDA:1,0,0,6
BRDA:1,0,1,6
BRF:2
BRH:2
end_of_record
TN:
SF:/Users/balov/WebstormProjects/test-task-for-dmytro-haponov/client/src/storehouse/index.ts
FNF:0
FNH:0
DA:1,6
DA:3,6
DA:4,6
DA:5,6
LF:4
LH:4
BRF:0
BRH:0
end_of_record
TN:
SF:/Users/balov/WebstormProjects/test-task-for-dmytro-haponov/client/src/storehouse/store.ts
FNF:0
FNH:0
DA:1,6
DA:2,6
DA:3,6
DA:5,6
DA:7,6
DA:11,6
DA:13,6
LF:7
LH:7
BRF:0
BRH:0
end_of_record
TN:
SF:/Users/balov/WebstormProjects/test-task-for-dmytro-haponov/client/src/storehouse/actions/index.ts
FNF:0
FNH:0
DA:1,3
DA:2,3
LF:2
LH:2
BRF:0
BRH:0
end_of_record
TN:
SF:/Users/balov/WebstormProjects/test-task-for-dmytro-haponov/client/src/storehouse/actions/contacts/contacts.ts
FN:9,(anonymous_13)
FN:10,(anonymous_14)
FN:10,(anonymous_15)
FN:17,(anonymous_17)
FN:22,(anonymous_18)
FN:23,(anonymous_19)
FN:23,(anonymous_20)
FN:30,(anonymous_22)
FN:35,(anonymous_23)
FN:40,(anonymous_24)
FN:44,(anonymous_25)
FN:49,(anonymous_26)
FN:52,(anonymous_27)
FN:68,(anonymous_28)
FN:70,(anonymous_29)
FN:81,(anonymous_30)
FN:82,(anonymous_31)
FN:82,(anonymous_32)
FN:83,(anonymous_34)
FN:101,(anonymous_35)
FN:103,(anonymous_36)
FNF:21
FNH:0
FNDA:0,(anonymous_13)
FNDA:0,(anonymous_14)
FNDA:0,(anonymous_15)
FNDA:0,(anonymous_17)
FNDA:0,(anonymous_18)
FNDA:0,(anonymous_19)
FNDA:0,(anonymous_20)
FNDA:0,(anonymous_22)
FNDA:0,(anonymous_23)
FNDA:0,(anonymous_24)
FNDA:0,(anonymous_25)
FNDA:0,(anonymous_26)
FNDA:0,(anonymous_27)
FNDA:0,(anonymous_28)
FNDA:0,(anonymous_29)
FNDA:0,(anonymous_30)
FNDA:0,(anonymous_31)
FNDA:0,(anonymous_32)
FNDA:0,(anonymous_34)
FNDA:0,(anonymous_35)
FNDA:0,(anonymous_36)
DA:1,4
DA:3,4
DA:4,4
DA:5,4
DA:9,4
DA:10,0
DA:11,0
DA:12,0
DA:14,0
DA:17,4
DA:22,4
DA:23,0
DA:24,0
DA:25,0
DA:27,0
DA:30,4
DA:35,4
DA:40,4
DA:44,4
DA:49,4
DA:50,0
DA:52,0
DA:53,0
DA:55,0
DA:56,0
DA:59,0
DA:62,0
DA:68,4
DA:69,0
DA:70,0
DA:72,0
DA:75,0
DA:81,4
DA:82,0
DA:83,0
DA:85,0
DA:92,0
DA:95,0
DA:101,4
DA:102,0
DA:103,0
DA:105,0
DA:108,0
LF:43
LH:15
BRDA:11,0,0,0
BRDA:24,1,0,0
BRF:2
BRH:0
end_of_record
TN:
SF:/Users/balov/WebstormProjects/test-task-for-dmytro-haponov/client/src/storehouse/actions/contacts/index.ts
FNF:0
FNH:0
DA:1,4
DA:2,4
DA:4,4
DA:5,4
LF:4
LH:4
BRF:0
BRH:0
end_of_record
TN:
SF:/Users/balov/WebstormProjects/test-task-for-dmytro-haponov/client/src/storehouse/actions/root/index.ts
FNF:0
FNH:0
DA:1,3
DA:2,3
DA:4,3
DA:5,3
LF:4
LH:4
BRF:0
BRH:0
end_of_record
TN:
SF:/Users/balov/WebstormProjects/test-task-for-dmytro-haponov/client/src/storehouse/actions/root/root.ts
FN:3,(anonymous_0)
FN:7,(anonymous_1)
FNF:2
FNH:0
FNDA:0,(anonymous_0)
FNDA:0,(anonymous_1)
DA:1,3
DA:3,3
DA:7,3
LF:3
LH:3
BRF:0
BRH:0
end_of_record
TN:
SF:/Users/balov/WebstormProjects/test-task-for-dmytro-haponov/client/src/storehouse/reducers/contacts.ts
FN:31,(anonymous_0)
FN:32,(anonymous_1)
FN:106,(anonymous_2)
FNF:3
FNH:3
FNDA:18,(anonymous_0)
FNDA:18,(anonymous_1)
FNDA:18,(anonymous_2)
DA:1,6
DA:7,6
DA:20,6
DA:31,18
DA:32,18
DA:33,18
DA:35,18
DA:37,0
DA:38,0
DA:41,0
DA:42,0
DA:45,0
DA:46,0
DA:49,0
DA:50,0
DA:53,0
DA:54,0
DA:55,0
DA:56,0
DA:60,0
DA:64,0
DA:69,0
DA:72,0
DA:74,0
DA:75,0
DA:77,0
DA:81,0
DA:83,0
DA:84,0
DA:86,0
DA:87,0
DA:88,0
DA:92,0
DA:96,0
DA:97,0
DA:99,0
DA:101,0
DA:106,36
DA:107,18
LF:39
LH:9
BRDA:33,0,0,18
BRDA:33,0,1,18
BRDA:36,1,0,0
BRDA:36,1,1,0
BRDA:36,1,2,0
BRDA:36,1,3,0
BRDA:36,1,4,0
BRDA:36,1,5,0
BRDA:36,1,6,0
BRDA:36,1,7,0
BRDA:36,1,8,0
BRDA:41,2,0,0
BRDA:41,2,1,0
BRDA:45,3,0,0
BRDA:45,3,1,0
BRDA:54,4,0,0
BRDA:54,4,1,0
BRDA:86,5,0,0
BRDA:86,5,1,0
BRDA:106,6,0,18
BRDA:106,6,1,0
BRF:21
BRH:3
end_of_record
TN:
SF:/Users/balov/WebstormProjects/test-task-for-dmytro-haponov/client/src/storehouse/reducers/index.ts
FNF:0
FNH:0
DA:1,6
DA:3,6
DA:4,6
DA:6,6
LF:4
LH:4
BRF:0
BRH:0
end_of_record
TN:
SF:/Users/balov/WebstormProjects/test-task-for-dmytro-haponov/client/src/storehouse/reducers/root.ts
FN:16,(anonymous_0)
FN:17,(anonymous_1)
FN:29,(anonymous_2)
FNF:3
FNH:3
FNDA:18,(anonymous_0)
FNDA:18,(anonymous_1)
FNDA:18,(anonymous_2)
DA:1,6
DA:4,6
DA:11,6
DA:16,18
DA:17,18
DA:18,18
DA:20,0
DA:21,0
DA:24,0
DA:25,0
DA:29,36
DA:30,18
LF:12
LH:8
BRDA:19,0,0,0
BRDA:19,0,1,0
BRDA:29,1,0,18
BRDA:29,1,1,0
BRF:4
BRH:1
end_of_record
