TN:
SF:/Users/balov/WebstormProjects/test-task-for-dmytro-haponov/client/src/components/app/Apollo.tsx
FN:10,(anonymous_0)
FNF:1
FNH:1
FNDA:1,(anonymous_0)
DA:1,2
DA:2,2
DA:4,2
DA:10,2
DA:11,1
LF:5
LH:5
BRF:0
BRH:0
end_of_record
TN:
SF:/Users/balov/WebstormProjects/test-task-for-dmytro-haponov/client/src/components/app/App.tsx
FN:7,(anonymous_0)
FNF:1
FNH:1
FNDA:1,(anonymous_0)
DA:1,1
DA:3,1
DA:4,1
DA:5,1
DA:7,1
DA:8,1
LF:6
LH:6
BRF:0
BRH:0
end_of_record
TN:
SF:/Users/balov/WebstormProjects/test-task-for-dmytro-haponov/client/src/components/app/Redux.tsx
FN:10,(anonymous_0)
FNF:1
FNH:1
FNDA:1,(anonymous_0)
DA:1,2
DA:2,2
DA:4,2
DA:10,2
DA:11,1
LF:5
LH:5
BRF:0
BRH:0
end_of_record
TN:
SF:/Users/balov/WebstormProjects/test-task-for-dmytro-haponov/client/src/components/app/content/Content.tsx
FN:16,(anonymous_0)
FN:25,(anonymous_1)
FN:26,(anonymous_2)
FN:31,(anonymous_3)
FNF:4
FNH:0
FNDA:0,(anonymous_0)
FNDA:0,(anonymous_1)
FNDA:0,(anonymous_2)
FNDA:0,(anonymous_3)
DA:1,2
DA:2,2
DA:3,2
DA:5,2
DA:6,2
DA:8,2
DA:9,2
DA:16,2
DA:17,0
DA:25,2
DA:27,0
DA:29,0
DA:32,0
DA:34,0
DA:38,2
LF:15
LH:10
BRF:0
BRH:0
end_of_record
TN:
SF:/Users/balov/WebstormProjects/test-task-for-dmytro-haponov/client/src/components/app/content/Routes.tsx
FN:6,(anonymous_0)
FN:7,(anonymous_1)
FNF:2
FNH:2
FNDA:1,(anonymous_0)
FNDA:2,(anonymous_1)
DA:1,3
DA:2,3
DA:4,3
DA:6,3
DA:7,2
DA:8,2
DA:10,1
DA:12,1
LF:8
LH:8
BRF:0
BRH:0
end_of_record
TN:
SF:/Users/balov/WebstormProjects/test-task-for-dmytro-haponov/client/src/components/app/content/Windows.tsx
FN:23,(anonymous_0)
FN:29,(anonymous_1)
FN:34,(anonymous_2)
FN:39,(anonymous_3)
FN:44,(anonymous_4)
FN:45,(anonymous_5)
FN:50,(anonymous_6)
FNF:7
FNH:5
FNDA:8,(anonymous_0)
FNDA:8,(anonymous_1)
FNDA:8,(anonymous_2)
FNDA:8,(anonymous_3)
FNDA:2,(anonymous_4)
FNDA:0,(anonymous_5)
FNDA:0,(anonymous_6)
DA:1,3
DA:2,3
DA:5,3
DA:7,3
DA:8,3
DA:23,3
DA:24,8
DA:29,8
DA:30,8
DA:34,8
DA:35,8
DA:39,8
DA:44,3
DA:46,0
DA:48,0
DA:51,0
DA:53,0
DA:57,3
LF:18
LH:14
BRDA:31,0,0,1
BRDA:31,0,1,7
BRDA:36,1,0,2
BRDA:36,1,1,6
BRF:4
BRH:4
end_of_record
TN:
SF:/Users/balov/WebstormProjects/test-task-for-dmytro-haponov/client/src/components/contacts-manager/ContactsManager.tsx
FN:7,(anonymous_0)
FN:17,(anonymous_1)
FN:22,(anonymous_2)
FNF:3
FNH:1
FNDA:1,(anonymous_0)
FNDA:0,(anonymous_1)
FNDA:0,(anonymous_2)
DA:1,4
DA:3,4
DA:5,4
DA:7,4
DA:8,1
DA:17,4
DA:18,0
DA:22,4
DA:23,0
LF:9
LH:7
BRF:0
BRH:0
end_of_record
TN:
SF:/Users/balov/WebstormProjects/test-task-for-dmytro-haponov/client/src/components/contacts-manager/add-contact-window/AddContactWindow.tsx
FN:23,(anonymous_0)
FN:33,(anonymous_1)
FN:34,(anonymous_2)
FN:41,(anonymous_3)
FNF:4
FNH:4
FNDA:7,(anonymous_0)
FNDA:7,(anonymous_1)
FNDA:1,(anonymous_2)
FNDA:1,(anonymous_3)
DA:1,4
DA:3,4
DA:7,4
DA:23,4
DA:24,7
DA:26,7
DA:33,4
DA:34,7
DA:35,1
DA:37,1
DA:38,1
DA:41,4
DA:42,1
DA:44,1
LF:14
LH:14
BRF:0
BRH:0
end_of_record
TN:
SF:/Users/balov/WebstormProjects/test-task-for-dmytro-haponov/client/src/components/contacts-manager/contact/Contact.tsx
FN:6,(anonymous_0)
FN:8,(anonymous_1)
FN:18,(anonymous_2)
FN:30,(anonymous_3)
FNF:4
FNH:4
FNDA:3,(anonymous_0)
FNDA:1,(anonymous_1)
FNDA:1,(anonymous_2)
FNDA:1,(anonymous_3)
DA:1,6
DA:4,6
DA:6,6
DA:7,3
DA:8,3
DA:10,3
DA:18,6
DA:19,1
DA:23,1
DA:30,6
DA:31,1
LF:11
LH:11
BRF:0
BRH:0
end_of_record
TN:
SF:/Users/balov/WebstormProjects/test-task-for-dmytro-haponov/client/src/components/contacts-manager/contact-form/ContactForm.tsx
FN:13,(anonymous_0)
FN:22,(anonymous_1)
FN:23,(anonymous_2)
FN:24,(anonymous_3)
FN:25,(anonymous_4)
FN:27,(anonymous_5)
FN:30,(anonymous_6)
FN:37,(anonymous_7)
FN:79,(anonymous_8)
FNF:9
FNH:5
FNDA:18,(anonymous_0)
FNDA:0,(anonymous_1)
FNDA:0,(anonymous_2)
FNDA:0,(anonymous_3)
FNDA:0,(anonymous_4)
FNDA:15,(anonymous_5)
FNDA:12,(anonymous_6)
FNDA:12,(anonymous_7)
FNDA:17,(anonymous_8)
DA:1,7
DA:3,7
DA:4,7
DA:5,7
DA:8,7
DA:9,7
DA:11,7
DA:13,7
DA:14,18
DA:16,18
DA:18,18
DA:19,18
DA:20,18
DA:22,18
DA:23,18
DA:24,18
DA:25,18
DA:27,18
DA:28,18
DA:30,18
DA:31,12
DA:32,12
DA:34,12
DA:37,18
DA:38,12
DA:41,18
DA:79,17
DA:80,17
LF:28
LH:28
BRDA:14,0,0,18
BRDA:14,0,1,9
BRDA:18,1,0,18
BRDA:18,1,1,17
BRDA:19,2,0,18
BRDA:19,2,1,11
BRDA:20,3,0,18
BRDA:20,3,1,9
BRDA:22,4,0,0
BRDA:22,4,1,0
BRDA:23,5,0,0
BRDA:23,5,1,0
BRDA:24,6,0,0
BRDA:24,6,1,0
BRDA:25,7,0,0
BRDA:25,7,1,0
BRF:16
BRH:8
end_of_record
TN:
SF:/Users/balov/WebstormProjects/test-task-for-dmytro-haponov/client/src/components/contacts-manager/contact-form/utils.ts
FN:3,(anonymous_0)
FN:4,(anonymous_1)
FN:12,(anonymous_2)
FNF:3
FNH:3
FNDA:21,(anonymous_0)
FNDA:5,(anonymous_1)
FNDA:15,(anonymous_2)
DA:3,8
DA:4,21
DA:5,5
DA:7,4
DA:9,4
DA:12,15
DA:13,15
LF:7
LH:7
BRDA:5,0,0,1
BRDA:5,0,1,4
BRDA:13,1,0,15
BRDA:13,1,1,9
BRF:4
BRH:4
end_of_record
TN:
SF:/Users/balov/WebstormProjects/test-task-for-dmytro-haponov/client/src/components/contacts-manager/contact-window/ContactWindow.tsx
FN:11,(anonymous_0)
FN:37,(anonymous_1)
FN:40,(anonymous_2)
FN:65,(anonymous_3)
FN:66,(anonymous_4)
FN:68,(anonymous_5)
FNF:6
FNH:5
FNDA:7,(anonymous_0)
FNDA:6,(anonymous_1)
FNDA:1,(anonymous_2)
FNDA:6,(anonymous_3)
FNDA:0,(anonymous_4)
FNDA:1,(anonymous_5)
DA:1,4
DA:2,4
DA:4,4
DA:5,4
DA:8,4
DA:9,4
DA:11,4
DA:12,7
DA:14,7
DA:15,0
DA:17,7
DA:19,7
DA:37,4
DA:38,6
DA:40,6
DA:44,6
DA:65,6
DA:66,6
DA:68,6
DA:69,1
DA:70,1
DA:73,6
DA:78,6
DA:83,6
LF:24
LH:23
BRDA:14,0,0,0
BRDA:14,0,1,7
BRDA:55,1,0,6
BRDA:55,1,1,0
BRF:4
BRH:2
end_of_record
TN:
SF:/Users/balov/WebstormProjects/test-task-for-dmytro-haponov/client/src/components/contacts-manager/contact-window/utils.ts
FN:1,(anonymous_0)
FNF:1
FNH:1
FNDA:2,(anonymous_0)
DA:1,6
DA:2,2
LF:2
LH:2
BRF:0
BRH:0
end_of_record
TN:
SF:/Users/balov/WebstormProjects/test-task-for-dmytro-haponov/client/src/components/contacts-manager/contact-window/calls-history/CallsHistory.tsx
FN:37,(anonymous_0)
FN:48,(anonymous_1)
FN:49,(anonymous_2)
FN:65,(anonymous_3)
FN:70,(anonymous_4)
FN:89,(anonymous_5)
FNF:6
FNH:6
FNDA:8,(anonymous_0)
FNDA:7,(anonymous_1)
FNDA:1,(anonymous_2)
FNDA:1,(anonymous_3)
FNDA:1,(anonymous_4)
FNDA:1,(anonymous_5)
DA:1,5
DA:2,5
DA:4,5
DA:5,5
DA:10,5
DA:11,5
DA:12,5
DA:37,5
DA:38,8
DA:48,7
DA:49,7
DA:50,1
DA:51,1
DA:53,1
DA:54,0
DA:56,1
DA:58,0
DA:62,7
DA:65,1
DA:67,7
DA:70,5
DA:71,1
DA:72,1
DA:74,1
DA:78,1
DA:89,5
DA:90,1
DA:94,1
DA:99,1
LF:29
LH:27
BRDA:53,0,0,0
BRDA:53,0,1,1
BRDA:91,1,0,1
BRDA:91,1,1,0
BRF:4
BRH:2
end_of_record
TN:
SF:/Users/balov/WebstormProjects/test-task-for-dmytro-haponov/client/src/components/contacts-manager/contact-window/calls-history/DataProvider.tsx
FN:11,(anonymous_0)
FN:14,(anonymous_1)
FNF:2
FNH:2
FNDA:9,(anonymous_0)
FNDA:8,(anonymous_1)
DA:1,6
DA:11,6
DA:12,9
DA:14,9
DA:16,9
LF:5
LH:5
BRF:0
BRH:0
end_of_record
TN:
SF:/Users/balov/WebstormProjects/test-task-for-dmytro-haponov/client/src/components/contacts-manager/edit-contact-window/EditContactWindow.tsx
FN:9,(anonymous_0)
FNF:1
FNH:1
FNDA:6,(anonymous_0)
DA:1,3
DA:3,3
DA:6,3
DA:7,3
DA:9,6
DA:10,6
DA:11,6
DA:12,6
DA:13,6
DA:15,6
LF:10
LH:10
BRF:0
BRH:0
end_of_record
TN:
SF:/Users/balov/WebstormProjects/test-task-for-dmytro-haponov/client/src/components/contacts-manager/edit-contact-window/utils.ts
FN:6,(anonymous_0)
FN:7,(anonymous_1)
FNF:2
FNH:2
FNDA:8,(anonymous_0)
FNDA:2,(anonymous_1)
DA:6,4
DA:7,8
DA:8,2
DA:9,2
LF:4
LH:4
BRF:0
BRH:0
end_of_record
TN:
SF:/Users/balov/WebstormProjects/test-task-for-dmytro-haponov/client/src/components/contacts-manager/list/DataProvider.tsx
FN:9,(anonymous_0)
FN:10,(anonymous_1)
FNF:2
FNH:2
FNDA:3,(anonymous_0)
FNDA:2,(anonymous_1)
DA:1,6
DA:9,6
DA:10,3
DA:12,3
LF:4
LH:4
BRF:0
BRH:0
end_of_record
TN:
SF:/Users/balov/WebstormProjects/test-task-for-dmytro-haponov/client/src/components/contacts-manager/list/List.tsx
FN:9,(anonymous_0)
FN:11,(anonymous_1)
FN:27,(anonymous_2)
FN:42,(anonymous_3)
FN:43,(anonymous_4)
FN:54,(anonymous_5)
FN:59,(anonymous_6)
FNF:7
FNH:7
FNDA:2,(anonymous_0)
FNDA:1,(anonymous_1)
FNDA:1,(anonymous_2)
FNDA:1,(anonymous_3)
FNDA:1,(anonymous_4)
FNDA:1,(anonymous_5)
FNDA:1,(anonymous_6)
DA:1,5
DA:2,5
DA:4,5
DA:6,5
DA:7,5
DA:9,5
DA:10,2
DA:11,2
DA:13,2
DA:27,5
DA:28,1
DA:30,1
DA:42,5
DA:43,1
DA:44,1
DA:49,1
DA:51,1
DA:54,5
DA:55,1
DA:59,5
DA:60,1
LF:21
LH:21
BRF:0
BRH:0
end_of_record
TN:
SF:/Users/balov/WebstormProjects/test-task-for-dmytro-haponov/client/src/components/cover/Cover.tsx
FN:8,(anonymous_0)
FN:15,(anonymous_1)
FN:18,(anonymous_2)
FN:23,(anonymous_3)
FNF:4
FNH:1
FNDA:1,(anonymous_0)
FNDA:0,(anonymous_1)
FNDA:0,(anonymous_2)
FNDA:0,(anonymous_3)
DA:1,2
DA:2,2
DA:4,2
DA:6,2
DA:8,2
DA:9,1
DA:15,2
DA:16,0
DA:18,2
DA:19,0
DA:23,2
DA:24,0
LF:12
LH:9
BRF:0
BRH:0
end_of_record
TN:
SF:/Users/balov/WebstormProjects/test-task-for-dmytro-haponov/client/src/components/fader/Fader.tsx
FN:4,(anonymous_0)
FNF:1
FNH:1
FNDA:27,(anonymous_0)
DA:1,16
DA:2,16
DA:4,27
DA:5,27
LF:4
LH:4
BRF:0
BRH:0
end_of_record
TN:
SF:/Users/balov/WebstormProjects/test-task-for-dmytro-haponov/client/src/components/header/Header.tsx
FN:13,(anonymous_0)
FNF:1
FNH:1
FNDA:1,(anonymous_0)
DA:1,3
DA:3,3
DA:4,3
DA:6,3
DA:13,3
DA:14,1
LF:6
LH:6
BRF:0
BRH:0
end_of_record
TN:
SF:/Users/balov/WebstormProjects/test-task-for-dmytro-haponov/client/src/components/header/LeftBar.tsx
FN:8,(anonymous_0)
FN:13,(anonymous_1)
FNF:2
FNH:1
FNDA:1,(anonymous_0)
FNDA:0,(anonymous_1)
DA:1,4
DA:2,4
DA:4,4
DA:6,4
DA:8,4
DA:9,1
DA:13,4
DA:14,0
LF:8
LH:7
BRF:0
BRH:0
end_of_record
TN:
SF:/Users/balov/WebstormProjects/test-task-for-dmytro-haponov/client/src/components/header/RightBar.tsx
FN:11,(anonymous_0)
FN:18,(anonymous_1)
FN:28,(anonymous_2)
FN:33,(anonymous_3)
FN:38,(anonymous_4)
FN:39,(anonymous_5)
FNF:6
FNH:5
FNDA:2,(anonymous_0)
FNDA:3,(anonymous_1)
FNDA:1,(anonymous_2)
FNDA:1,(anonymous_3)
FNDA:1,(anonymous_4)
FNDA:0,(anonymous_5)
DA:1,4
DA:2,4
DA:4,4
DA:11,4
DA:12,2
DA:18,4
DA:19,3
DA:21,3
DA:28,4
DA:29,1
DA:33,4
DA:34,1
DA:38,4
DA:39,1
LF:14
LH:14
BRF:0
BRH:0
end_of_record
TN:
SF:/Users/balov/WebstormProjects/test-task-for-dmytro-haponov/client/src/components/login-window/LoginWindow.tsx
FN:9,(anonymous_0)
FNF:1
FNH:1
FNDA:5,(anonymous_0)
DA:1,4
DA:3,4
DA:9,5
DA:10,5
LF:4
LH:4
BRF:0
BRH:0
end_of_record
TN:
SF:/Users/balov/WebstormProjects/test-task-for-dmytro-haponov/client/src/components/modal-window/ModalWindow.tsx
FN:24,(anonymous_0)
FN:39,(anonymous_1)
FN:45,(anonymous_2)
FN:50,(anonymous_3)
FN:51,(anonymous_4)
FNF:5
FNH:5
FNDA:27,(anonymous_0)
FNDA:26,(anonymous_1)
FNDA:26,(anonymous_2)
FNDA:27,(anonymous_3)
FNDA:23,(anonymous_4)
DA:1,14
DA:3,14
DA:5,14
DA:24,27
DA:25,27
DA:27,27
DA:39,26
DA:40,26
DA:45,26
DA:46,26
DA:50,14
DA:51,27
DA:52,23
DA:54,23
LF:14
LH:14
BRDA:54,0,0,9
BRDA:54,0,1,14
BRF:2
BRH:2
end_of_record
TN:
SF:/Users/balov/WebstormProjects/test-task-for-dmytro-haponov/client/src/components/modal-window/SubmitBtn.tsx
FN:11,(anonymous_0)
FN:12,(anonymous_1)
FNF:2
FNH:2
FNDA:26,(anonymous_0)
FNDA:6,(anonymous_1)
DA:1,14
DA:2,14
DA:4,14
DA:11,26
DA:12,26
DA:14,26
DA:19,26
LF:7
LH:7
BRDA:12,0,0,6
BRDA:12,0,1,4
BRF:2
BRH:2
end_of_record
TN:
SF:/Users/balov/WebstormProjects/test-task-for-dmytro-haponov/client/src/components/page-preloader/PagePreloader.tsx
FN:5,(anonymous_0)
FNF:1
FNH:1
FNDA:1,(anonymous_0)
DA:1,10
DA:3,10
DA:5,10
DA:6,1
LF:4
LH:4
BRF:0
BRH:0
end_of_record
TN:
SF:/Users/balov/WebstormProjects/test-task-for-dmytro-haponov/client/src/components/reg-window/RegWindow.tsx
FN:13,(anonymous_13)
FN:18,(anonymous_14)
FN:24,(anonymous_15)
FN:26,(anonymous_16)
FN:35,(anonymous_19)
FN:36,(anonymous_20)
FN:37,(anonymous_21)
FN:38,(anonymous_22)
FN:40,(anonymous_23)
FN:47,(anonymous_24)
FN:89,(anonymous_25)
FNF:11
FNH:6
FNDA:4,(anonymous_13)
FNDA:6,(anonymous_14)
FNDA:3,(anonymous_15)
FNDA:0,(anonymous_16)
FNDA:0,(anonymous_19)
FNDA:0,(anonymous_20)
FNDA:0,(anonymous_21)
FNDA:0,(anonymous_22)
FNDA:3,(anonymous_23)
FNDA:3,(anonymous_24)
FNDA:6,(anonymous_25)
DA:1,4
DA:3,4
DA:4,4
DA:5,4
DA:8,4
DA:9,4
DA:11,4
DA:13,4
DA:14,4
DA:18,6
DA:19,6
DA:20,6
DA:21,6
DA:22,6
DA:24,6
DA:26,6
DA:27,0
DA:28,0
DA:30,0
DA:32,0
DA:35,6
DA:36,6
DA:37,6
DA:38,6
DA:40,6
DA:41,3
DA:42,3
DA:44,3
DA:47,6
DA:48,3
DA:51,6
DA:89,6
DA:90,6
LF:33
LH:29
BRDA:35,0,0,0
BRDA:35,0,1,0
BRDA:36,1,0,0
BRDA:36,1,1,0
BRDA:37,2,0,0
BRDA:37,2,1,0
BRDA:38,3,0,0
BRDA:38,3,1,0
BRF:8
BRH:0
end_of_record
TN:
SF:/Users/balov/WebstormProjects/test-task-for-dmytro-haponov/client/src/components/reg-window/utils.ts
FN:3,(anonymous_0)
FNF:1
FNH:1
FNDA:5,(anonymous_0)
DA:3,5
DA:4,5
LF:2
LH:2
BRDA:4,0,0,5
BRDA:4,0,1,1
BRDA:4,0,2,1
BRF:3
BRH:3
end_of_record
TN:
SF:/Users/balov/WebstormProjects/test-task-for-dmytro-haponov/client/src/components/routes/contacts/AddContactWindow.tsx
FN:15,(anonymous_0)
FNF:1
FNH:1
FNDA:4,(anonymous_0)
DA:1,2
DA:5,2
DA:15,2
DA:16,4
LF:4
LH:4
BRDA:17,0,0,1
BRDA:17,0,1,3
BRF:2
BRH:2
end_of_record
TN:
SF:/Users/balov/WebstormProjects/test-task-for-dmytro-haponov/client/src/components/routes/contacts/ContactWindow.tsx
FN:22,(anonymous_0)
FNF:1
FNH:1
FNDA:4,(anonymous_0)
DA:1,2
DA:3,2
DA:4,2
DA:8,2
DA:22,2
DA:23,4
DA:25,4
DA:26,1
DA:28,3
DA:30,3
DA:31,0
DA:33,3
DA:38,3
LF:13
LH:12
BRDA:23,0,0,4
BRDA:23,0,1,1
BRDA:25,1,0,1
BRDA:25,1,1,3
BRDA:30,2,0,0
BRDA:30,2,1,3
BRF:6
BRH:5
end_of_record
TN:
SF:/Users/balov/WebstormProjects/test-task-for-dmytro-haponov/client/src/components/routes/contacts/Contacts.tsx
FN:14,(anonymous_2)
FN:20,(anonymous_3)
FN:30,(anonymous_4)
FNF:3
FNH:0
FNDA:0,(anonymous_2)
FNDA:0,(anonymous_3)
FNDA:0,(anonymous_4)
DA:1,1
DA:2,1
DA:4,1
DA:5,1
DA:7,1
DA:8,1
DA:9,1
DA:12,1
DA:14,1
DA:15,0
DA:20,1
DA:21,0
DA:30,1
DA:31,0
DA:53,1
LF:15
LH:12
BRF:0
BRH:0
end_of_record
TN:
SF:/Users/balov/WebstormProjects/test-task-for-dmytro-haponov/client/src/components/routes/contacts/ContactsLazy.tsx
FN:7,(anonymous_0)
FN:8,(anonymous_1)
FN:8,(anonymous_2)
FNF:3
FNH:0
FNDA:0,(anonymous_0)
FNDA:0,(anonymous_1)
FNDA:0,(anonymous_2)
DA:1,8
DA:3,8
DA:5,8
DA:7,8
DA:8,0
DA:10,0
LF:6
LH:4
BRF:0
BRH:0
end_of_record
TN:
SF:/Users/balov/WebstormProjects/test-task-for-dmytro-haponov/client/src/components/routes/contacts/EditContactWindow.tsx
FN:19,(anonymous_0)
FNF:1
FNH:1
FNDA:4,(anonymous_0)
DA:1,2
DA:3,2
DA:7,2
DA:19,2
DA:20,4
DA:22,4
DA:23,1
DA:25,3
DA:27,3
DA:28,0
DA:30,3
LF:11
LH:10
BRDA:20,0,0,4
BRDA:20,0,1,1
BRDA:22,1,0,1
BRDA:22,1,1,3
BRDA:27,2,0,0
BRDA:27,2,1,3
BRDA:31,3,0,0
BRDA:31,3,1,3
BRF:8
BRH:6
end_of_record
TN:
SF:/Users/balov/WebstormProjects/test-task-for-dmytro-haponov/client/src/components/routes/home/Home.tsx
FN:7,(anonymous_0)
FNF:1
FNH:1
FNDA:1,(anonymous_0)
DA:1,1
DA:4,1
DA:5,1
DA:7,1
DA:8,1
LF:5
LH:5
BRF:0
BRH:0
end_of_record
TN:
SF:/Users/balov/WebstormProjects/test-task-for-dmytro-haponov/client/src/components/routes/home/HomeLazy.tsx
FN:7,(anonymous_0)
FN:8,(anonymous_1)
FN:8,(anonymous_2)
FNF:3
FNH:1
FNDA:1,(anonymous_0)
FNDA:0,(anonymous_1)
FNDA:0,(anonymous_2)
DA:1,8
DA:3,8
DA:5,8
DA:7,8
DA:8,1
DA:10,1
LF:6
LH:6
BRF:0
BRH:0
end_of_record
TN:
SF:/Users/balov/WebstormProjects/test-task-for-dmytro-haponov/client/src/lib/apollo/client.ts
FNF:0
FNH:0
DA:1,6
DA:2,6
DA:3,6
DA:4,6
DA:6,6
DA:8,6
DA:10,6
DA:15,6
LF:8
LH:8
BRF:0
BRH:0
end_of_record
TN:
SF:/Users/balov/WebstormProjects/test-task-for-dmytro-haponov/client/src/lib/apollo/model/add-contact.ts
FN:18,(anonymous_14)
FNF:1
FNH:0
FNDA:0,(anonymous_14)
DA:1,6
DA:3,6
DA:6,6
DA:18,6
DA:19,0
LF:5
LH:4
BRDA:6,0,0,6
BRDA:6,0,1,6
BRDA:19,1,0,0
BRF:3
BRH:2
end_of_record
TN:
SF:/Users/balov/WebstormProjects/test-task-for-dmytro-haponov/client/src/lib/apollo/model/call.ts
FN:19,(anonymous_14)
FN:19,(anonymous_15)
FN:28,(anonymous_17)
FNF:3
FNH:0
FNDA:0,(anonymous_14)
FNDA:0,(anonymous_15)
FNDA:0,(anonymous_17)
DA:1,6
DA:2,6
DA:4,6
DA:7,6
DA:19,6
DA:20,0
DA:22,0
DA:28,6
DA:29,0
DA:31,0
DA:33,0
LF:11
LH:6
BRDA:7,0,0,6
BRDA:7,0,1,6
BRF:2
BRH:2
end_of_record
TN:
SF:/Users/balov/WebstormProjects/test-task-for-dmytro-haponov/client/src/lib/apollo/model/create-user.ts
FN:20,(anonymous_14)
FNF:1
FNH:0
FNDA:0,(anonymous_14)
DA:1,6
DA:3,6
DA:6,6
DA:20,6
DA:21,0
DA:26,0
DA:28,0
LF:7
LH:4
BRDA:6,0,0,6
BRDA:6,0,1,6
BRDA:21,1,0,0
BRF:3
BRH:2
end_of_record
TN:
SF:/Users/balov/WebstormProjects/test-task-for-dmytro-haponov/client/src/lib/apollo/model/edit-contact.ts
FN:19,(anonymous_14)
FNF:1
FNH:0
FNDA:0,(anonymous_14)
DA:1,6
DA:3,6
DA:6,6
DA:19,6
DA:20,0
LF:5
LH:4
BRDA:6,0,0,6
BRDA:6,0,1,6
BRDA:20,1,0,0
BRF:3
BRH:2
end_of_record
TN:
SF:/Users/balov/WebstormProjects/test-task-for-dmytro-haponov/client/src/lib/apollo/model/get-calls-history.ts
FN:21,(anonymous_16)
FN:31,(anonymous_19)
FNF:2
FNH:0
FNDA:0,(anonymous_16)
FNDA:0,(anonymous_19)
DA:1,6
DA:3,6
DA:6,6
DA:21,6
DA:22,0
DA:28,0
DA:31,6
DA:32,0
DA:34,0
DA:35,0
DA:40,0
LF:11
LH:5
BRDA:6,0,0,6
BRDA:6,0,1,6
BRDA:22,1,0,0
BRF:3
BRH:2
end_of_record
TN:
SF:/Users/balov/WebstormProjects/test-task-for-dmytro-haponov/client/src/lib/apollo/model/get-contacts.ts
FN:31,(anonymous_14)
FNF:1
FNH:0
FNDA:0,(anonymous_14)
DA:1,6
DA:3,6
DA:16,6
DA:31,6
DA:32,0
DA:38,0
LF:6
LH:4
BRDA:16,0,0,6
BRDA:16,0,1,6
BRDA:31,1,0,0
BRDA:31,1,1,0
BRDA:32,2,0,0
BRF:5
BRH:2
end_of_record
TN:
SF:/Users/balov/WebstormProjects/test-task-for-dmytro-haponov/client/src/lib/apollo/model/remove-contact.ts
FN:19,(anonymous_14)
FNF:1
FNH:0
FNDA:0,(anonymous_14)
DA:1,6
DA:3,6
DA:5,6
DA:7,6
DA:19,6
DA:20,0
LF:6
LH:5
BRDA:7,0,0,6
BRDA:7,0,1,6
BRDA:20,1,0,0
BRF:3
BRH:2
end_of_record
TN:
SF:/Users/balov/WebstormProjects/test-task-for-dmytro-haponov/client/src/lib/entities/calls-history/CallType.ts
FN:1,(anonymous_0)
FNF:1
FNH:1
FNDA:9,(anonymous_0)
DA:1,9
DA:2,9
DA:3,9
DA:6,9
LF:4
LH:4
BRDA:1,0,0,9
BRDA:1,0,1,9
BRF:2
BRH:2
end_of_record
TN:
SF:/Users/balov/WebstormProjects/test-task-for-dmytro-haponov/client/src/lib/entities/calls-history/utils.ts
FN:3,(anonymous_0)
FN:6,(anonymous_1)
FNF:2
FNH:2
FNDA:4,(anonymous_0)
FNDA:3,(anonymous_1)
DA:3,9
DA:4,4
DA:6,4
DA:7,3
DA:10,4
DA:11,3
DA:12,2
DA:14,4
LF:8
LH:8
BRDA:7,0,0,3
BRDA:7,0,1,3
BRDA:11,1,0,2
BRDA:11,1,1,1
BRF:4
BRH:4
end_of_record
TN:
SF:/Users/balov/WebstormProjects/test-task-for-dmytro-haponov/client/src/lib/entities/contacts/utils.ts
FN:3,(anonymous_0)
FNF:1
FNH:1
FNDA:15,(anonymous_0)
DA:3,7
DA:4,30
DA:5,15
DA:6,15
DA:8,0
LF:5
LH:4
BRDA:5,0,0,15
BRDA:5,0,1,0
BRF:2
BRH:1
end_of_record
TN:
SF:/Users/balov/WebstormProjects/test-task-for-dmytro-haponov/client/src/lib/math/rnd-number-generator.ts
FN:1,(anonymous_0)
FNF:1
FNH:0
FNDA:0,(anonymous_0)
DA:1,4
DA:2,0
LF:2
LH:1
BRF:0
BRH:0
end_of_record
TN:
SF:/Users/balov/WebstormProjects/test-task-for-dmytro-haponov/client/src/storehouse/Action.ts
FN:1,(anonymous_0)
FNF:1
FNH:1
FNDA:6,(anonymous_0)
DA:1,6
DA:2,6
DA:3,6
DA:4,6
DA:5,6
DA:6,6
DA:7,6
DA:8,6
DA:9,6
DA:10,6
DA:11,6
DA:12,6
DA:13,6
DA:16,6
LF:14
LH:14
BRDA:1,0,0,6
BRDA:1,0,1,6
BRF:2
BRH:2
end_of_record
TN:
SF:/Users/balov/WebstormProjects/test-task-for-dmytro-haponov/client/src/storehouse/store.ts
FNF:0
FNH:0
DA:1,6
DA:2,6
DA:3,6
DA:5,6
DA:7,6
DA:11,6
DA:13,6
LF:7
LH:7
BRF:0
BRH:0
end_of_record
TN:
SF:/Users/balov/WebstormProjects/test-task-for-dmytro-haponov/client/src/storehouse/actions/contacts/contacts.ts
FN:9,(anonymous_13)
FN:10,(anonymous_14)
FN:10,(anonymous_15)
FN:17,(anonymous_17)
FN:22,(anonymous_18)
FN:23,(anonymous_19)
FN:23,(anonymous_20)
FN:30,(anonymous_22)
FN:35,(anonymous_23)
FN:40,(anonymous_24)
FN:44,(anonymous_25)
FN:49,(anonymous_26)
FN:52,(anonymous_27)
FN:68,(anonymous_28)
FN:70,(anonymous_29)
FN:81,(anonymous_30)
FN:82,(anonymous_31)
FN:82,(anonymous_32)
FN:83,(anonymous_34)
FN:101,(anonymous_35)
FN:103,(anonymous_36)
FNF:21
FNH:0
FNDA:0,(anonymous_13)
FNDA:0,(anonymous_14)
FNDA:0,(anonymous_15)
FNDA:0,(anonymous_17)
FNDA:0,(anonymous_18)
FNDA:0,(anonymous_19)
FNDA:0,(anonymous_20)
FNDA:0,(anonymous_22)
FNDA:0,(anonymous_23)
FNDA:0,(anonymous_24)
FNDA:0,(anonymous_25)
FNDA:0,(anonymous_26)
FNDA:0,(anonymous_27)
FNDA:0,(anonymous_28)
FNDA:0,(anonymous_29)
FNDA:0,(anonymous_30)
FNDA:0,(anonymous_31)
FNDA:0,(anonymous_32)
FNDA:0,(anonymous_34)
FNDA:0,(anonymous_35)
FNDA:0,(anonymous_36)
DA:1,4
DA:3,4
DA:4,4
DA:5,4
DA:9,4
DA:10,0
DA:11,0
DA:12,0
DA:14,0
DA:17,4
DA:22,4
DA:23,0
DA:24,0
DA:25,0
DA:27,0
DA:30,4
DA:35,4
DA:40,4
DA:44,4
DA:49,4
DA:50,0
DA:52,0
DA:53,0
DA:55,0
DA:56,0
DA:59,0
DA:62,0
DA:68,4
DA:69,0
DA:70,0
DA:72,0
DA:75,0
DA:81,4
DA:82,0
DA:83,0
DA:85,0
DA:92,0
DA:95,0
DA:101,4
DA:102,0
DA:103,0
DA:105,0
DA:108,0
LF:43
LH:15
BRDA:11,0,0,0
BRDA:24,1,0,0
BRF:2
BRH:0
end_of_record
TN:
SF:/Users/balov/WebstormProjects/test-task-for-dmytro-haponov/client/src/storehouse/actions/root/root.ts
FN:3,(anonymous_0)
FN:7,(anonymous_1)
FNF:2
FNH:2
FNDA:2,(anonymous_0)
FNDA:2,(anonymous_1)
DA:1,3
DA:3,3
DA:7,3
LF:3
LH:3
BRF:0
BRH:0
end_of_record
TN:
SF:/Users/balov/WebstormProjects/test-task-for-dmytro-haponov/client/src/storehouse/reducers/contacts.ts
FN:31,(anonymous_0)
FN:32,(anonymous_1)
FN:106,(anonymous_2)
FNF:3
FNH:3
FNDA:22,(anonymous_0)
FNDA:22,(anonymous_1)
FNDA:22,(anonymous_2)
DA:1,6
DA:7,6
DA:20,6
DA:31,22
DA:32,22
DA:33,22
DA:35,22
DA:37,0
DA:38,0
DA:41,0
DA:42,0
DA:45,0
DA:46,0
DA:49,0
DA:50,0
DA:53,0
DA:54,0
DA:55,0
DA:56,0
DA:60,0
DA:64,0
DA:69,0
DA:72,0
DA:74,0
DA:75,0
DA:77,0
DA:81,0
DA:83,0
DA:84,0
DA:86,0
DA:87,0
DA:88,0
DA:92,0
DA:96,0
DA:97,0
DA:99,0
DA:101,0
DA:106,40
DA:107,22
LF:39
LH:9
BRDA:33,0,0,22
BRDA:33,0,1,22
BRDA:36,1,0,0
BRDA:36,1,1,0
BRDA:36,1,2,0
BRDA:36,1,3,0
BRDA:36,1,4,0
BRDA:36,1,5,0
BRDA:36,1,6,0
BRDA:36,1,7,0
BRDA:36,1,8,0
BRDA:41,2,0,0
BRDA:41,2,1,0
BRDA:45,3,0,0
BRDA:45,3,1,0
BRDA:54,4,0,0
BRDA:54,4,1,0
BRDA:86,5,0,0
BRDA:86,5,1,0
BRDA:106,6,0,18
BRDA:106,6,1,4
BRF:21
BRH:4
end_of_record
TN:
SF:/Users/balov/WebstormProjects/test-task-for-dmytro-haponov/client/src/storehouse/reducers/root.ts
FN:16,(anonymous_0)
FN:17,(anonymous_1)
FN:29,(anonymous_2)
FNF:3
FNH:3
FNDA:22,(anonymous_0)
FNDA:22,(anonymous_1)
FNDA:22,(anonymous_2)
DA:1,6
DA:4,6
DA:11,6
DA:16,22
DA:17,22
DA:18,22
DA:20,2
DA:21,2
DA:24,2
DA:25,2
DA:29,40
DA:30,22
LF:12
LH:12
BRDA:19,0,0,2
BRDA:19,0,1,2
BRDA:29,1,0,18
BRDA:29,1,1,4
BRF:4
BRH:4
end_of_record
